Mplus VERSION 8.6
MUTHEN & MUTHEN
03/29/2022   8:33 PM

INPUT INSTRUCTIONS

  TITLE: EFA of PFC using WLSMV with missing data
  Version 2.2 -- omitting PFC10 + PFC16; OBLIMIN ROTATION

  DATA: FILE IS "C:\Users\forev\Documents\Nicolas\
  pfc_fa\paper\analysis_data\pfc_final.dat";

  VARIABLE:
    NAMES ARE subid pfc01 pfc02 pfc03 pfc04 pfc05 pfc06
    pfc07 pfc08 pfc09 pfc10 pfc11 pfc12 pfc13
    pfc14 pfc15 pfc16 pfc17 pfc18 pfc19 pfc20
    pfc21 pfc22 pfc23;
    USEVARIABLES ARE pfc01 pfc02 pfc03 pfc04 pfc05 pfc06
    pfc07 pfc08 pfc09 pfc11 pfc12 pfc13
    pfc14 pfc15 pfc17 pfc18 pfc19 pfc20
    pfc21 pfc22 pfc23;
    CATEGORICAL ARE pfc01-pfc23;
    MISSING ARE ALL (99);

  ANALYSIS:
    TYPE IS EFA 2 2;
    ESTIMATOR IS WLSMV;
    ROTATION IS OBLIMIN (OBLIQUE);
    ITERATIONS = 1000;
    CONVERGENCE = 0.00005;

  OUTPUT: SAMPSTAT;



INPUT READING TERMINATED NORMALLY



EFA of PFC using WLSMV with missing data
Version 2.2 -- omitting PFC10 + PFC16; OBLIMIN ROTATION

SUMMARY OF ANALYSIS

Number of groups                                                 1
Number of observations                                         450

Number of dependent variables                                   21
Number of independent variables                                  0
Number of continuous latent variables                            0

Observed dependent variables

  Binary and ordered categorical (ordinal)
   PFC01       PFC02       PFC03       PFC04       PFC05       PFC06
   PFC07       PFC08       PFC09       PFC11       PFC12       PFC13
   PFC14       PFC15       PFC17       PFC18       PFC19       PFC20
   PFC21       PFC22       PFC23


Estimator                                                    WLSMV
Rotation                                                   OBLIMIN
Row standardization                                    CORRELATION
Type of rotation                                           OBLIQUE
Gamma value                                              0.000D+00
Maximum number of iterations                                  1000
Convergence criterion                                    0.500D-04
Maximum number of steepest descent iterations                   20
Maximum number of iterations for H1                           2000
Convergence criterion for H1                             0.100D-03
Optimization Specifications for the Exploratory Factor Analysis
Rotation Algorithm
  Number of random starts                                       30
  Maximum number of iterations                               10000
  Derivative convergence criterion                       0.100D-04
Link                                                        PROBIT

Input data file(s)
  C:\Users\forev\Documents\Nicolas\pfc_fa\paper\analysis_data\pfc_final.dat

Input data format  FREE


SUMMARY OF DATA

     Number of missing data patterns            10


COVARIANCE COVERAGE OF DATA

Minimum covariance coverage value   0.100


     PROPORTION OF DATA PRESENT


           Covariance Coverage
              PFC01         PFC02         PFC03         PFC04         PFC05
              ________      ________      ________      ________      ________
 PFC01          1.000
 PFC02          1.000         1.000
 PFC03          1.000         1.000         1.000
 PFC04          0.998         0.998         0.998         0.998
 PFC05          1.000         1.000         1.000         0.998         1.000
 PFC06          0.998         0.998         0.998         0.996         0.998
 PFC07          0.998         0.998         0.998         0.996         0.998
 PFC08          0.998         0.998         0.998         0.996         0.998
 PFC09          0.993         0.993         0.993         0.991         0.993
 PFC11          0.991         0.991         0.991         0.989         0.991
 PFC12          0.998         0.998         0.998         0.996         0.998
 PFC13          0.998         0.998         0.998         0.996         0.998
 PFC14          0.998         0.998         0.998         0.996         0.998
 PFC15          0.989         0.989         0.989         0.987         0.989
 PFC17          0.989         0.989         0.989         0.987         0.989
 PFC18          0.989         0.989         0.989         0.987         0.989
 PFC19          0.984         0.984         0.984         0.982         0.984
 PFC20          0.984         0.984         0.984         0.982         0.984
 PFC21          0.984         0.984         0.984         0.982         0.984
 PFC22          0.987         0.987         0.987         0.984         0.987
 PFC23          0.987         0.987         0.987         0.984         0.987


           Covariance Coverage
              PFC06         PFC07         PFC08         PFC09         PFC11
              ________      ________      ________      ________      ________
 PFC06          0.998
 PFC07          0.996         0.998
 PFC08          0.996         0.998         0.998
 PFC09          0.991         0.993         0.993         0.993
 PFC11          0.991         0.991         0.991         0.987         0.991
 PFC12          0.996         0.998         0.998         0.993         0.991
 PFC13          0.996         0.998         0.998         0.993         0.991
 PFC14          0.996         0.998         0.998         0.993         0.991
 PFC15          0.987         0.989         0.989         0.984         0.982
 PFC17          0.987         0.989         0.989         0.984         0.982
 PFC18          0.987         0.989         0.989         0.984         0.982
 PFC19          0.984         0.984         0.984         0.980         0.980
 PFC20          0.982         0.984         0.984         0.980         0.978
 PFC21          0.982         0.984         0.984         0.980         0.978
 PFC22          0.984         0.987         0.987         0.982         0.980
 PFC23          0.984         0.987         0.987         0.982         0.980


           Covariance Coverage
              PFC12         PFC13         PFC14         PFC15         PFC17
              ________      ________      ________      ________      ________
 PFC12          0.998
 PFC13          0.998         0.998
 PFC14          0.998         0.998         0.998
 PFC15          0.989         0.989         0.989         0.989
 PFC17          0.989         0.989         0.989         0.989         0.989
 PFC18          0.989         0.989         0.989         0.989         0.989
 PFC19          0.984         0.984         0.984         0.984         0.984
 PFC20          0.984         0.984         0.984         0.984         0.984
 PFC21          0.984         0.984         0.984         0.984         0.984
 PFC22          0.987         0.987         0.987         0.987         0.987
 PFC23          0.987         0.987         0.987         0.987         0.987


           Covariance Coverage
              PFC18         PFC19         PFC20         PFC21         PFC22
              ________      ________      ________      ________      ________
 PFC18          0.989
 PFC19          0.984         0.984
 PFC20          0.984         0.982         0.984
 PFC21          0.984         0.982         0.982         0.984
 PFC22          0.987         0.984         0.984         0.984         0.987
 PFC23          0.987         0.984         0.984         0.984         0.987


           Covariance Coverage
              PFC23
              ________
 PFC23          0.987


UNIVARIATE PROPORTIONS AND COUNTS FOR CATEGORICAL VARIABLES

    PFC01
      Category 1    0.738          332.000
      Category 2    0.213           96.000
      Category 3    0.042           19.000
      Category 4    0.007            3.000
    PFC02
      Category 1    0.293          132.000
      Category 2    0.531          239.000
      Category 3    0.142           64.000
      Category 4    0.024           11.000
      Category 5    0.009            4.000
    PFC03
      Category 1    0.740          333.000
      Category 2    0.242          109.000
      Category 3    0.018            8.000
    PFC04
      Category 1    0.218           98.000
      Category 2    0.445          200.000
      Category 3    0.254          114.000
      Category 4    0.065           29.000
      Category 5    0.018            8.000
    PFC05
      Category 1    0.602          271.000
      Category 2    0.311          140.000
      Category 3    0.058           26.000
      Category 4    0.016            7.000
      Category 5    0.013            6.000
    PFC06
      Category 1    0.463          208.000
      Category 2    0.363          163.000
      Category 3    0.096           43.000
      Category 4    0.047           21.000
      Category 5    0.031           14.000
    PFC07
      Category 1    0.109           49.000
      Category 2    0.363          163.000
      Category 3    0.376          169.000
      Category 4    0.114           51.000
      Category 5    0.038           17.000
    PFC08
      Category 1    0.323          145.000
      Category 2    0.450          202.000
      Category 3    0.167           75.000
      Category 4    0.045           20.000
      Category 5    0.016            7.000
    PFC09
      Category 1    0.848          379.000
      Category 2    0.136           61.000
      Category 3    0.013            6.000
      Category 4    0.002            1.000
    PFC11
      Category 1    0.460          205.000
      Category 2    0.363          162.000
      Category 3    0.132           59.000
      Category 4    0.036           16.000
      Category 5    0.009            4.000
    PFC12
      Category 1    0.590          265.000
      Category 2    0.318          143.000
      Category 3    0.067           30.000
      Category 4    0.018            8.000
      Category 5    0.007            3.000
    PFC13
      Category 1    0.550          247.000
      Category 2    0.312          140.000
      Category 3    0.109           49.000
      Category 4    0.020            9.000
      Category 5    0.009            4.000
    PFC14
      Category 1    0.722          324.000
      Category 2    0.185           83.000
      Category 3    0.053           24.000
      Category 4    0.024           11.000
      Category 5    0.016            7.000
    PFC15
      Category 1    0.609          271.000
      Category 2    0.263          117.000
      Category 3    0.054           24.000
      Category 4    0.020            9.000
      Category 5    0.054           24.000
    PFC17
      Category 1    0.604          269.000
      Category 2    0.333          148.000
      Category 3    0.058           26.000
      Category 4    0.004            2.000
    PFC18
      Category 1    0.802          357.000
      Category 2    0.146           65.000
      Category 3    0.031           14.000
      Category 4    0.020            9.000
    PFC19
      Category 1    0.700          310.000
      Category 2    0.183           81.000
      Category 3    0.088           39.000
      Category 4    0.023           10.000
      Category 5    0.007            3.000
    PFC20
      Category 1    0.695          308.000
      Category 2    0.185           82.000
      Category 3    0.086           38.000
      Category 4    0.029           13.000
      Category 5    0.005            2.000
    PFC21
      Category 1    0.797          353.000
      Category 2    0.126           56.000
      Category 3    0.050           22.000
      Category 4    0.020            9.000
      Category 5    0.007            3.000
    PFC22
      Category 1    0.572          254.000
      Category 2    0.320          142.000
      Category 3    0.088           39.000
      Category 4    0.016            7.000
      Category 5    0.005            2.000
    PFC23
      Category 1    0.628          279.000
      Category 2    0.191           85.000
      Category 3    0.117           52.000
      Category 4    0.047           21.000
      Category 5    0.016            7.000


SAMPLE STATISTICS


     ESTIMATED SAMPLE STATISTICS


           MEANS/INTERCEPTS/THRESHOLDS
              PFC01$1       PFC01$2       PFC01$3       PFC02$1       PFC02$2
              ________      ________      ________      ________      ________
                0.637         1.656         2.475        -0.544         0.932


           MEANS/INTERCEPTS/THRESHOLDS
              PFC02$3       PFC02$4       PFC03$1       PFC03$2       PFC04$1
              ________      ________      ________      ________      ________
                1.834         2.370         0.643         2.102        -0.778


           MEANS/INTERCEPTS/THRESHOLDS
              PFC04$2       PFC04$3       PFC04$4       PFC05$1       PFC05$2
              ________      ________      ________      ________      ________
                0.423         1.389         2.101         0.259         1.362


           MEANS/INTERCEPTS/THRESHOLDS
              PFC05$3       PFC05$4       PFC06$1       PFC06$2       PFC06$3
              ________      ________      ________      ________      ________
                1.897         2.216        -0.092         0.940         1.419


           MEANS/INTERCEPTS/THRESHOLDS
              PFC06$4       PFC07$1       PFC07$2       PFC07$3       PFC07$4
              ________      ________      ________      ________      ________
                1.864        -1.231        -0.070         1.030         1.776


           MEANS/INTERCEPTS/THRESHOLDS
              PFC08$1       PFC08$2       PFC08$3       PFC08$4       PFC09$1
              ________      ________      ________      ________      ________
               -0.459         0.748         1.554         2.155         1.027


           MEANS/INTERCEPTS/THRESHOLDS
              PFC09$2       PFC09$3       PFC11$1       PFC11$2       PFC11$3
              ________      ________      ________      ________      ________
                2.153         2.843        -0.101         0.926         1.697


           MEANS/INTERCEPTS/THRESHOLDS
              PFC11$4       PFC12$1       PFC12$2       PFC12$3       PFC12$4
              ________      ________      ________      ________      ________
                2.367         0.228         1.333         1.969         2.474


           MEANS/INTERCEPTS/THRESHOLDS
              PFC13$1       PFC13$2       PFC13$3       PFC13$4       PFC14$1
              ________      ________      ________      ________      ________
                0.126         1.089         1.896         2.369         0.588


           MEANS/INTERCEPTS/THRESHOLDS
              PFC14$2       PFC14$3       PFC14$4       PFC15$1       PFC15$2
              ________      ________      ________      ________      ________
                1.319         1.750         2.155         0.277         1.135


           MEANS/INTERCEPTS/THRESHOLDS
              PFC15$3       PFC15$4       PFC17$1       PFC17$2       PFC17$3
              ________      ________      ________      ________      ________
                1.446         1.608         0.265         1.531         2.612


           MEANS/INTERCEPTS/THRESHOLDS
              PFC18$1       PFC18$2       PFC18$3       PFC19$1       PFC19$2
              ________      ________      ________      ________      ________
                0.850         1.629         2.049         0.524         1.188


           MEANS/INTERCEPTS/THRESHOLDS
              PFC19$3       PFC19$4       PFC20$1       PFC20$2       PFC20$3
              ________      ________      ________      ________      ________
                1.891         2.469         0.511         1.177         1.827


           MEANS/INTERCEPTS/THRESHOLDS
              PFC20$4       PFC21$1       PFC21$2       PFC21$3       PFC21$4
              ________      ________      ________      ________      ________
                2.611         0.830         1.427         1.925         2.469


           MEANS/INTERCEPTS/THRESHOLDS
              PFC22$1       PFC22$2       PFC22$3       PFC22$4       PFC23$1
              ________      ________      ________      ________      ________
                0.182         1.237         2.048         2.612         0.328


           MEANS/INTERCEPTS/THRESHOLDS
              PFC23$2       PFC23$3       PFC23$4
              ________      ________      ________
                0.915         1.530         2.150


           CORRELATION MATRIX (WITH VARIANCES ON THE DIAGONAL)
              PFC01         PFC02         PFC03         PFC04         PFC05
              ________      ________      ________      ________      ________
 PFC01
 PFC02          0.232
 PFC03          0.569         0.353
 PFC04          0.232         0.354         0.299
 PFC05          0.452         0.475         0.387         0.419
 PFC06          0.252         0.359         0.264         0.373         0.344
 PFC07          0.159         0.491         0.329         0.452         0.376
 PFC08          0.244         0.336         0.239         0.728         0.401
 PFC09          0.562         0.240         0.792         0.327         0.364
 PFC11          0.283         0.337         0.258         0.418         0.283
 PFC12          0.225         0.491         0.261         0.333         0.338
 PFC13          0.198         0.381         0.214         0.259         0.340
 PFC14          0.210         0.362         0.340         0.566         0.344
 PFC15          0.355         0.296         0.290         0.322         0.401
 PFC17          0.323         0.420         0.480         0.320         0.437
 PFC18          0.275         0.507         0.339         0.387         0.327
 PFC19          0.337         0.496         0.386         0.377         0.455
 PFC20          0.259         0.410         0.406         0.331         0.399
 PFC21          0.197         0.356         0.252         0.431         0.367
 PFC22          0.530         0.394         0.396         0.487         0.450
 PFC23          0.425         0.472         0.404         0.455         0.476


           CORRELATION MATRIX (WITH VARIANCES ON THE DIAGONAL)
              PFC06         PFC07         PFC08         PFC09         PFC11
              ________      ________      ________      ________      ________
 PFC07          0.315
 PFC08          0.358         0.442
 PFC09          0.170         0.289         0.298
 PFC11          0.256         0.392         0.408         0.307
 PFC12          0.404         0.336         0.316         0.315         0.419
 PFC13          0.257         0.335         0.289         0.237         0.402
 PFC14          0.313         0.287         0.488         0.429         0.504
 PFC15          0.260         0.247         0.314         0.386         0.335
 PFC17          0.227         0.373         0.313         0.410         0.257
 PFC18          0.332         0.363         0.369         0.463         0.371
 PFC19          0.365         0.447         0.405         0.335         0.438
 PFC20          0.309         0.424         0.305         0.324         0.367
 PFC21          0.216         0.389         0.368         0.335         0.448
 PFC22          0.301         0.387         0.469         0.346         0.463
 PFC23          0.338         0.569         0.439         0.413         0.455


           CORRELATION MATRIX (WITH VARIANCES ON THE DIAGONAL)
              PFC12         PFC13         PFC14         PFC15         PFC17
              ________      ________      ________      ________      ________
 PFC13          0.647
 PFC14          0.472         0.431
 PFC15          0.401         0.442         0.466
 PFC17          0.466         0.438         0.379         0.415
 PFC18          0.837         0.617         0.420         0.420         0.537
 PFC19          0.586         0.567         0.457         0.514         0.522
 PFC20          0.488         0.440         0.308         0.419         0.446
 PFC21          0.391         0.354         0.493         0.360         0.410
 PFC22          0.424         0.369         0.623         0.504         0.428
 PFC23          0.437         0.405         0.445         0.381         0.426


           CORRELATION MATRIX (WITH VARIANCES ON THE DIAGONAL)
              PFC18         PFC19         PFC20         PFC21         PFC22
              ________      ________      ________      ________      ________
 PFC19          0.654
 PFC20          0.577         0.553
 PFC21          0.463         0.429         0.500
 PFC22          0.424         0.567         0.433         0.494
 PFC23          0.491         0.541         0.521         0.523         0.670


           CORRELATION MATRIX (WITH VARIANCES ON THE DIAGONAL)
              PFC23
              ________


RESULTS FOR EXPLORATORY FACTOR ANALYSIS


           EIGENVALUES FOR SAMPLE CORRELATION MATRIX
                  1             2             3             4             5
              ________      ________      ________      ________      ________
                8.992         1.654         1.452         1.066         0.913


           EIGENVALUES FOR SAMPLE CORRELATION MATRIX
                  6             7             8             9            10
              ________      ________      ________      ________      ________
                0.866         0.747         0.646         0.600         0.579


           EIGENVALUES FOR SAMPLE CORRELATION MATRIX
                 11            12            13            14            15
              ________      ________      ________      ________      ________
                0.547         0.480         0.453         0.410         0.352


           EIGENVALUES FOR SAMPLE CORRELATION MATRIX
                 16            17            18            19            20
              ________      ________      ________      ________      ________
                0.328         0.282         0.249         0.178         0.135


           EIGENVALUES FOR SAMPLE CORRELATION MATRIX
                 21
              ________
                0.071


EXPLORATORY FACTOR ANALYSIS WITH 2 FACTOR(S):


MODEL FIT INFORMATION

Number of Free Parameters                       41

Chi-Square Test of Model Fit

          Value                            652.789*
          Degrees of Freedom                   169
          P-Value                           0.0000

*   The chi-square value for MLM, MLMV, MLR, ULSMV, WLSM and WLSMV cannot be used
    for chi-square difference testing in the regular way.  MLM, MLR and WLSM
    chi-square difference testing is described on the Mplus website.  MLMV, WLSMV,
    and ULSMV difference testing is done using the DIFFTEST option.

RMSEA (Root Mean Square Error Of Approximation)

          Estimate                           0.080
          90 Percent C.I.                    0.073  0.086
          Probability RMSEA <= .05           0.000

CFI/TLI

          CFI                                0.925
          TLI                                0.907

Chi-Square Test of Model Fit for the Baseline Model

          Value                           6695.370
          Degrees of Freedom                   210
          P-Value                           0.0000

SRMR (Standardized Root Mean Square Residual)

          Value                              0.076



MINIMUM ROTATION FUNCTION VALUE       0.14511



           OBLIMIN ROTATED LOADINGS (* significant at 5% level)
                  1             2
              ________      ________
 PFC01          0.596*       -0.009
 PFC02          0.232*        0.479*
 PFC03          0.839*       -0.137*
 PFC04          0.686*        0.112
 PFC05          0.440*        0.280*
 PFC06          0.242*        0.308*
 PFC07          0.358*        0.343*
 PFC08          0.639*        0.121
 PFC09          0.844*       -0.129*
 PFC11          0.327*        0.357*
 PFC12         -0.130*        0.943*
 PFC13         -0.026         0.728*
 PFC14          0.446*        0.344*
 PFC15          0.291*        0.395*
 PFC17          0.291*        0.441*
 PFC18         -0.046         0.921*
 PFC19          0.238*        0.633*
 PFC20          0.222*        0.529*
 PFC21          0.323*        0.410*
 PFC22          0.529*        0.333*
 PFC23          0.483*        0.393*


           OBLIMIN FACTOR CORRELATIONS (* significant at 5% level)
                  1             2
              ________      ________
      1         1.000
      2         0.482*        1.000


           ESTIMATED RESIDUAL VARIANCES
              PFC01         PFC02         PFC03         PFC04         PFC05
              ________      ________      ________      ________      ________
                0.650         0.610         0.388         0.443         0.610


           ESTIMATED RESIDUAL VARIANCES
              PFC06         PFC07         PFC08         PFC09         PFC11
              ________      ________      ________      ________      ________
                0.774         0.636         0.502         0.375         0.653


           ESTIMATED RESIDUAL VARIANCES
              PFC12         PFC13         PFC14         PFC15         PFC17
              ________      ________      ________      ________      ________
                0.211         0.488         0.536         0.648         0.598


           ESTIMATED RESIDUAL VARIANCES
              PFC18         PFC19         PFC20         PFC21         PFC22
              ________      ________      ________      ________      ________
                0.191         0.397         0.557         0.601         0.440


           ESTIMATED RESIDUAL VARIANCES
              PFC23
              ________
                0.429


           S.E. OBLIMIN ROTATED LOADINGS
                  1             2
              ________      ________
 PFC01          0.054         0.063
 PFC02          0.059         0.050
 PFC03          0.041         0.049
 PFC04          0.055         0.081
 PFC05          0.063         0.070
 PFC06          0.059         0.059
 PFC07          0.058         0.064
 PFC08          0.056         0.079
 PFC09          0.046         0.047
 PFC11          0.062         0.061
 PFC12          0.039         0.028
 PFC13          0.053         0.040
 PFC14          0.065         0.071
 PFC15          0.060         0.061
 PFC17          0.062         0.057
 PFC18          0.043         0.035
 PFC19          0.065         0.053
 PFC20          0.070         0.061
 PFC21          0.071         0.077
 PFC22          0.057         0.070
 PFC23          0.064         0.072


           S.E. OBLIMIN FACTOR CORRELATIONS
                  1             2
              ________      ________
      1         0.000
      2         0.045         0.000


           S.E. ESTIMATED RESIDUAL VARIANCES
              PFC01         PFC02         PFC03         PFC04         PFC05
              ________      ________      ________      ________      ________
                0.054         0.039         0.053         0.039         0.044


           S.E. ESTIMATED RESIDUAL VARIANCES
              PFC06         PFC07         PFC08         PFC09         PFC11
              ________      ________      ________      ________      ________
                0.041         0.037         0.040         0.062         0.043


           S.E. ESTIMATED RESIDUAL VARIANCES
              PFC12         PFC13         PFC14         PFC15         PFC17
              ________      ________      ________      ________      ________
                0.036         0.043         0.053         0.042         0.046


           S.E. ESTIMATED RESIDUAL VARIANCES
              PFC18         PFC19         PFC20         PFC21         PFC22
              ________      ________      ________      ________      ________
                0.050         0.043         0.049         0.053         0.041


           S.E. ESTIMATED RESIDUAL VARIANCES
              PFC23
              ________
                0.042


           Est./S.E. OBLIMIN ROTATED LOADINGS
                  1             2
              ________      ________
 PFC01         11.035        -0.150
 PFC02          3.933         9.664
 PFC03         20.459        -2.820
 PFC04         12.428         1.384
 PFC05          6.946         3.997
 PFC06          4.075         5.250
 PFC07          6.136         5.339
 PFC08         11.458         1.527
 PFC09         18.281        -2.743
 PFC11          5.306         5.818
 PFC12         -3.320        33.776
 PFC13         -0.482        17.979
 PFC14          6.899         4.860
 PFC15          4.824         6.519
 PFC17          4.677         7.713
 PFC18         -1.080        26.101
 PFC19          3.664        11.848
 PFC20          3.178         8.653
 PFC21          4.524         5.331
 PFC22          9.244         4.744
 PFC23          7.542         5.464


           Est./S.E. OBLIMIN FACTOR CORRELATIONS
                  1             2
              ________      ________
      1         0.000
      2        10.648         0.000


           Est./S.E. ESTIMATED RESIDUAL VARIANCES
              PFC01         PFC02         PFC03         PFC04         PFC05
              ________      ________      ________      ________      ________
               12.125        15.726         7.371        11.351        14.014


           Est./S.E. ESTIMATED RESIDUAL VARIANCES
              PFC06         PFC07         PFC08         PFC09         PFC11
              ________      ________      ________      ________      ________
               18.847        17.165        12.587         6.007        15.251


           Est./S.E. ESTIMATED RESIDUAL VARIANCES
              PFC12         PFC13         PFC14         PFC15         PFC17
              ________      ________      ________      ________      ________
                5.910        11.320        10.181        15.496        13.091


           Est./S.E. ESTIMATED RESIDUAL VARIANCES
              PFC18         PFC19         PFC20         PFC21         PFC22
              ________      ________      ________      ________      ________
                3.824         9.170        11.293        11.263        10.634


           Est./S.E. ESTIMATED RESIDUAL VARIANCES
              PFC23
              ________
               10.312


           FACTOR STRUCTURE
                  1             2
              ________      ________
 PFC01          0.592         0.278
 PFC02          0.463         0.591
 PFC03          0.773         0.267
 PFC04          0.740         0.443
 PFC05          0.575         0.492
 PFC06          0.391         0.425
 PFC07          0.523         0.516
 PFC08          0.698         0.429
 PFC09          0.782         0.278
 PFC11          0.499         0.515
 PFC12          0.325         0.881
 PFC13          0.325         0.716
 PFC14          0.611         0.558
 PFC15          0.482         0.536
 PFC17          0.503         0.581
 PFC18          0.398         0.899
 PFC19          0.544         0.748
 PFC20          0.477         0.636
 PFC21          0.520         0.565
 PFC22          0.689         0.588
 PFC23          0.672         0.626


DIAGRAM INFORMATION

  Mplus diagrams are currently not available for EFA.
  No diagram output was produced.


     Beginning Time:  20:33:48
        Ending Time:  20:33:49
       Elapsed Time:  00:00:01



MUTHEN & MUTHEN
3463 Stoner Ave.
Los Angeles, CA  90066

Tel: (310) 391-9971
Fax: (310) 391-8971
Web: www.StatModel.com
Support: Support@StatModel.com

Copyright (c) 1998-2021 Muthen & Muthen
