Mplus VERSION 8.6
MUTHEN & MUTHEN
03/29/2022   8:16 PM

INPUT INSTRUCTIONS

  TITLE: EFA of PFC using WLSMV with missing data
  and OBLIMIN (oblique) rotation

  DATA: FILE IS "C:\Users\forev\Documents\Nicolas\
  pfc_fa\paper\analysis_data\pfc_final.dat";

  VARIABLE:
    NAMES ARE subid pfc01 pfc02 pfc03 pfc04 pfc05 pfc06
    pfc07 pfc08 pfc09 pfc10 pfc11 pfc12 pfc13
    pfc14 pfc15 pfc16 pfc17 pfc18 pfc19 pfc20
    pfc21 pfc22 pfc23;
    USEVARIABLES ARE pfc01 pfc02 pfc03 pfc04 pfc05 pfc06
    pfc07 pfc08 pfc09 pfc10 pfc11 pfc12 pfc13
    pfc14 pfc15 pfc16 pfc17 pfc18 pfc19 pfc20
    pfc21 pfc22 pfc23;
    CATEGORICAL ARE pfc01-pfc23;
    MISSING ARE ALL (99);

  ANALYSIS:
    TYPE IS EFA 2 4;
    ESTIMATOR IS WLSMV;
    ROTATION IS OBLIMIN (OBLIQUE);
    ITERATIONS = 1000;
    CONVERGENCE = 0.00005;

  OUTPUT: SAMPSTAT;



INPUT READING TERMINATED NORMALLY



EFA of PFC using WLSMV with missing data
and OBLIMIN (oblique) rotation

SUMMARY OF ANALYSIS

Number of groups                                                 1
Number of observations                                         450

Number of dependent variables                                   23
Number of independent variables                                  0
Number of continuous latent variables                            0

Observed dependent variables

  Binary and ordered categorical (ordinal)
   PFC01       PFC02       PFC03       PFC04       PFC05       PFC06
   PFC07       PFC08       PFC09       PFC10       PFC11       PFC12
   PFC13       PFC14       PFC15       PFC16       PFC17       PFC18
   PFC19       PFC20       PFC21       PFC22       PFC23


Estimator                                                    WLSMV
Rotation                                                   OBLIMIN
Row standardization                                    CORRELATION
Type of rotation                                           OBLIQUE
Gamma value                                              0.000D+00
Maximum number of iterations                                  1000
Convergence criterion                                    0.500D-04
Maximum number of steepest descent iterations                   20
Maximum number of iterations for H1                           2000
Convergence criterion for H1                             0.100D-03
Optimization Specifications for the Exploratory Factor Analysis
Rotation Algorithm
  Number of random starts                                       30
  Maximum number of iterations                               10000
  Derivative convergence criterion                       0.100D-04
Link                                                        PROBIT

Input data file(s)
  C:\Users\forev\Documents\Nicolas\pfc_fa\paper\analysis_data\pfc_final.dat

Input data format  FREE


SUMMARY OF DATA

     Number of missing data patterns            10


COVARIANCE COVERAGE OF DATA

Minimum covariance coverage value   0.100


     PROPORTION OF DATA PRESENT


           Covariance Coverage
              PFC01         PFC02         PFC03         PFC04         PFC05
              ________      ________      ________      ________      ________
 PFC01          1.000
 PFC02          1.000         1.000
 PFC03          1.000         1.000         1.000
 PFC04          0.998         0.998         0.998         0.998
 PFC05          1.000         1.000         1.000         0.998         1.000
 PFC06          0.998         0.998         0.998         0.996         0.998
 PFC07          0.998         0.998         0.998         0.996         0.998
 PFC08          0.998         0.998         0.998         0.996         0.998
 PFC09          0.993         0.993         0.993         0.991         0.993
 PFC10          0.998         0.998         0.998         0.996         0.998
 PFC11          0.991         0.991         0.991         0.989         0.991
 PFC12          0.998         0.998         0.998         0.996         0.998
 PFC13          0.998         0.998         0.998         0.996         0.998
 PFC14          0.998         0.998         0.998         0.996         0.998
 PFC15          0.989         0.989         0.989         0.987         0.989
 PFC16          0.989         0.989         0.989         0.987         0.989
 PFC17          0.989         0.989         0.989         0.987         0.989
 PFC18          0.989         0.989         0.989         0.987         0.989
 PFC19          0.984         0.984         0.984         0.982         0.984
 PFC20          0.984         0.984         0.984         0.982         0.984
 PFC21          0.984         0.984         0.984         0.982         0.984
 PFC22          0.987         0.987         0.987         0.984         0.987
 PFC23          0.987         0.987         0.987         0.984         0.987


           Covariance Coverage
              PFC06         PFC07         PFC08         PFC09         PFC10
              ________      ________      ________      ________      ________
 PFC06          0.998
 PFC07          0.996         0.998
 PFC08          0.996         0.998         0.998
 PFC09          0.991         0.993         0.993         0.993
 PFC10          0.996         0.998         0.998         0.993         0.998
 PFC11          0.991         0.991         0.991         0.987         0.991
 PFC12          0.996         0.998         0.998         0.993         0.998
 PFC13          0.996         0.998         0.998         0.993         0.998
 PFC14          0.996         0.998         0.998         0.993         0.998
 PFC15          0.987         0.989         0.989         0.984         0.989
 PFC16          0.987         0.989         0.989         0.984         0.989
 PFC17          0.987         0.989         0.989         0.984         0.989
 PFC18          0.987         0.989         0.989         0.984         0.989
 PFC19          0.984         0.984         0.984         0.980         0.984
 PFC20          0.982         0.984         0.984         0.980         0.984
 PFC21          0.982         0.984         0.984         0.980         0.984
 PFC22          0.984         0.987         0.987         0.982         0.987
 PFC23          0.984         0.987         0.987         0.982         0.987


           Covariance Coverage
              PFC11         PFC12         PFC13         PFC14         PFC15
              ________      ________      ________      ________      ________
 PFC11          0.991
 PFC12          0.991         0.998
 PFC13          0.991         0.998         0.998
 PFC14          0.991         0.998         0.998         0.998
 PFC15          0.982         0.989         0.989         0.989         0.989
 PFC16          0.982         0.989         0.989         0.989         0.989
 PFC17          0.982         0.989         0.989         0.989         0.989
 PFC18          0.982         0.989         0.989         0.989         0.989
 PFC19          0.980         0.984         0.984         0.984         0.984
 PFC20          0.978         0.984         0.984         0.984         0.984
 PFC21          0.978         0.984         0.984         0.984         0.984
 PFC22          0.980         0.987         0.987         0.987         0.987
 PFC23          0.980         0.987         0.987         0.987         0.987


           Covariance Coverage
              PFC16         PFC17         PFC18         PFC19         PFC20
              ________      ________      ________      ________      ________
 PFC16          0.989
 PFC17          0.989         0.989
 PFC18          0.989         0.989         0.989
 PFC19          0.984         0.984         0.984         0.984
 PFC20          0.984         0.984         0.984         0.982         0.984
 PFC21          0.984         0.984         0.984         0.982         0.982
 PFC22          0.987         0.987         0.987         0.984         0.984
 PFC23          0.987         0.987         0.987         0.984         0.984


           Covariance Coverage
              PFC21         PFC22         PFC23
              ________      ________      ________
 PFC21          0.984
 PFC22          0.984         0.987
 PFC23          0.984         0.987         0.987


UNIVARIATE PROPORTIONS AND COUNTS FOR CATEGORICAL VARIABLES

    PFC01
      Category 1    0.738          332.000
      Category 2    0.213           96.000
      Category 3    0.042           19.000
      Category 4    0.007            3.000
    PFC02
      Category 1    0.293          132.000
      Category 2    0.531          239.000
      Category 3    0.142           64.000
      Category 4    0.024           11.000
      Category 5    0.009            4.000
    PFC03
      Category 1    0.740          333.000
      Category 2    0.242          109.000
      Category 3    0.018            8.000
    PFC04
      Category 1    0.218           98.000
      Category 2    0.445          200.000
      Category 3    0.254          114.000
      Category 4    0.065           29.000
      Category 5    0.018            8.000
    PFC05
      Category 1    0.602          271.000
      Category 2    0.311          140.000
      Category 3    0.058           26.000
      Category 4    0.016            7.000
      Category 5    0.013            6.000
    PFC06
      Category 1    0.463          208.000
      Category 2    0.363          163.000
      Category 3    0.096           43.000
      Category 4    0.047           21.000
      Category 5    0.031           14.000
    PFC07
      Category 1    0.109           49.000
      Category 2    0.363          163.000
      Category 3    0.376          169.000
      Category 4    0.114           51.000
      Category 5    0.038           17.000
    PFC08
      Category 1    0.323          145.000
      Category 2    0.450          202.000
      Category 3    0.167           75.000
      Category 4    0.045           20.000
      Category 5    0.016            7.000
    PFC09
      Category 1    0.848          379.000
      Category 2    0.136           61.000
      Category 3    0.013            6.000
      Category 4    0.002            1.000
    PFC10
      Category 1    0.225          101.000
      Category 2    0.486          218.000
      Category 3    0.227          102.000
      Category 4    0.038           17.000
      Category 5    0.024           11.000
    PFC11
      Category 1    0.460          205.000
      Category 2    0.363          162.000
      Category 3    0.132           59.000
      Category 4    0.036           16.000
      Category 5    0.009            4.000
    PFC12
      Category 1    0.590          265.000
      Category 2    0.318          143.000
      Category 3    0.067           30.000
      Category 4    0.018            8.000
      Category 5    0.007            3.000
    PFC13
      Category 1    0.550          247.000
      Category 2    0.312          140.000
      Category 3    0.109           49.000
      Category 4    0.020            9.000
      Category 5    0.009            4.000
    PFC14
      Category 1    0.722          324.000
      Category 2    0.185           83.000
      Category 3    0.053           24.000
      Category 4    0.024           11.000
      Category 5    0.016            7.000
    PFC15
      Category 1    0.609          271.000
      Category 2    0.263          117.000
      Category 3    0.054           24.000
      Category 4    0.020            9.000
      Category 5    0.054           24.000
    PFC16
      Category 1    0.425          189.000
      Category 2    0.369          164.000
      Category 3    0.171           76.000
      Category 4    0.018            8.000
      Category 5    0.018            8.000
    PFC17
      Category 1    0.604          269.000
      Category 2    0.333          148.000
      Category 3    0.058           26.000
      Category 4    0.004            2.000
    PFC18
      Category 1    0.802          357.000
      Category 2    0.146           65.000
      Category 3    0.031           14.000
      Category 4    0.020            9.000
    PFC19
      Category 1    0.700          310.000
      Category 2    0.183           81.000
      Category 3    0.088           39.000
      Category 4    0.023           10.000
      Category 5    0.007            3.000
    PFC20
      Category 1    0.695          308.000
      Category 2    0.185           82.000
      Category 3    0.086           38.000
      Category 4    0.029           13.000
      Category 5    0.005            2.000
    PFC21
      Category 1    0.797          353.000
      Category 2    0.126           56.000
      Category 3    0.050           22.000
      Category 4    0.020            9.000
      Category 5    0.007            3.000
    PFC22
      Category 1    0.572          254.000
      Category 2    0.320          142.000
      Category 3    0.088           39.000
      Category 4    0.016            7.000
      Category 5    0.005            2.000
    PFC23
      Category 1    0.628          279.000
      Category 2    0.191           85.000
      Category 3    0.117           52.000
      Category 4    0.047           21.000
      Category 5    0.016            7.000


SAMPLE STATISTICS


     ESTIMATED SAMPLE STATISTICS


           MEANS/INTERCEPTS/THRESHOLDS
              PFC01$1       PFC01$2       PFC01$3       PFC02$1       PFC02$2
              ________      ________      ________      ________      ________
                0.637         1.656         2.475        -0.544         0.932


           MEANS/INTERCEPTS/THRESHOLDS
              PFC02$3       PFC02$4       PFC03$1       PFC03$2       PFC04$1
              ________      ________      ________      ________      ________
                1.834         2.370         0.643         2.102        -0.778


           MEANS/INTERCEPTS/THRESHOLDS
              PFC04$2       PFC04$3       PFC04$4       PFC05$1       PFC05$2
              ________      ________      ________      ________      ________
                0.423         1.389         2.101         0.259         1.362


           MEANS/INTERCEPTS/THRESHOLDS
              PFC05$3       PFC05$4       PFC06$1       PFC06$2       PFC06$3
              ________      ________      ________      ________      ________
                1.897         2.216        -0.092         0.940         1.419


           MEANS/INTERCEPTS/THRESHOLDS
              PFC06$4       PFC07$1       PFC07$2       PFC07$3       PFC07$4
              ________      ________      ________      ________      ________
                1.864        -1.231        -0.070         1.030         1.776


           MEANS/INTERCEPTS/THRESHOLDS
              PFC08$1       PFC08$2       PFC08$3       PFC08$4       PFC09$1
              ________      ________      ________      ________      ________
               -0.459         0.748         1.554         2.155         1.027


           MEANS/INTERCEPTS/THRESHOLDS
              PFC09$2       PFC09$3       PFC10$1       PFC10$2       PFC10$3
              ________      ________      ________      ________      ________
                2.153         2.843        -0.756         0.555         1.535


           MEANS/INTERCEPTS/THRESHOLDS
              PFC10$4       PFC11$1       PFC11$2       PFC11$3       PFC11$4
              ________      ________      ________      ________      ________
                1.969        -0.101         0.926         1.697         2.367


           MEANS/INTERCEPTS/THRESHOLDS
              PFC12$1       PFC12$2       PFC12$3       PFC12$4       PFC13$1
              ________      ________      ________      ________      ________
                0.228         1.333         1.969         2.474         0.126


           MEANS/INTERCEPTS/THRESHOLDS
              PFC13$2       PFC13$3       PFC13$4       PFC14$1       PFC14$2
              ________      ________      ________      ________      ________
                1.089         1.896         2.369         0.588         1.319


           MEANS/INTERCEPTS/THRESHOLDS
              PFC14$3       PFC14$4       PFC15$1       PFC15$2       PFC15$3
              ________      ________      ________      ________      ________
                1.750         2.155         0.277         1.135         1.446


           MEANS/INTERCEPTS/THRESHOLDS
              PFC15$4       PFC16$1       PFC16$2       PFC16$3       PFC16$4
              ________      ________      ________      ________      ________
                1.608        -0.190         0.818         1.800         2.097


           MEANS/INTERCEPTS/THRESHOLDS
              PFC17$1       PFC17$2       PFC17$3       PFC18$1       PFC18$2
              ________      ________      ________      ________      ________
                0.265         1.531         2.612         0.850         1.629


           MEANS/INTERCEPTS/THRESHOLDS
              PFC18$3       PFC19$1       PFC19$2       PFC19$3       PFC19$4
              ________      ________      ________      ________      ________
                2.049         0.524         1.188         1.891         2.469


           MEANS/INTERCEPTS/THRESHOLDS
              PFC20$1       PFC20$2       PFC20$3       PFC20$4       PFC21$1
              ________      ________      ________      ________      ________
                0.511         1.177         1.827         2.611         0.830


           MEANS/INTERCEPTS/THRESHOLDS
              PFC21$2       PFC21$3       PFC21$4       PFC22$1       PFC22$2
              ________      ________      ________      ________      ________
                1.427         1.925         2.469         0.182         1.237


           MEANS/INTERCEPTS/THRESHOLDS
              PFC22$3       PFC22$4       PFC23$1       PFC23$2       PFC23$3
              ________      ________      ________      ________      ________
                2.048         2.612         0.328         0.915         1.530


           MEANS/INTERCEPTS/THRESHOLDS
              PFC23$4
              ________
                2.150


           CORRELATION MATRIX (WITH VARIANCES ON THE DIAGONAL)
              PFC01         PFC02         PFC03         PFC04         PFC05
              ________      ________      ________      ________      ________
 PFC01
 PFC02          0.232
 PFC03          0.569         0.353
 PFC04          0.232         0.354         0.299
 PFC05          0.452         0.475         0.387         0.419
 PFC06          0.252         0.359         0.264         0.373         0.344
 PFC07          0.159         0.491         0.329         0.452         0.376
 PFC08          0.244         0.336         0.239         0.728         0.401
 PFC09          0.562         0.240         0.792         0.327         0.364
 PFC10          0.504         0.286         0.221         0.111         0.341
 PFC11          0.283         0.337         0.258         0.418         0.283
 PFC12          0.225         0.491         0.261         0.333         0.338
 PFC13          0.198         0.381         0.214         0.259         0.340
 PFC14          0.210         0.362         0.340         0.566         0.344
 PFC15          0.355         0.296         0.290         0.322         0.401
 PFC16          0.293         0.163         0.219         0.231         0.290
 PFC17          0.323         0.420         0.480         0.320         0.437
 PFC18          0.275         0.507         0.339         0.387         0.327
 PFC19          0.337         0.496         0.386         0.377         0.455
 PFC20          0.259         0.410         0.406         0.331         0.399
 PFC21          0.197         0.356         0.252         0.431         0.367
 PFC22          0.530         0.394         0.396         0.487         0.450
 PFC23          0.425         0.472         0.404         0.455         0.476


           CORRELATION MATRIX (WITH VARIANCES ON THE DIAGONAL)
              PFC06         PFC07         PFC08         PFC09         PFC10
              ________      ________      ________      ________      ________
 PFC07          0.315
 PFC08          0.358         0.442
 PFC09          0.170         0.289         0.298
 PFC10          0.098         0.150         0.178         0.167
 PFC11          0.256         0.392         0.408         0.307         0.272
 PFC12          0.404         0.336         0.316         0.315         0.257
 PFC13          0.257         0.335         0.289         0.237         0.284
 PFC14          0.313         0.287         0.488         0.429         0.224
 PFC15          0.260         0.247         0.314         0.386         0.307
 PFC16          0.188         0.148         0.214         0.180         0.259
 PFC17          0.227         0.373         0.313         0.410         0.281
 PFC18          0.332         0.363         0.369         0.463         0.280
 PFC19          0.365         0.447         0.405         0.335         0.353
 PFC20          0.309         0.424         0.305         0.324         0.223
 PFC21          0.216         0.389         0.368         0.335         0.202
 PFC22          0.301         0.387         0.469         0.346         0.367
 PFC23          0.338         0.569         0.439         0.413         0.286


           CORRELATION MATRIX (WITH VARIANCES ON THE DIAGONAL)
              PFC11         PFC12         PFC13         PFC14         PFC15
              ________      ________      ________      ________      ________
 PFC12          0.419
 PFC13          0.402         0.647
 PFC14          0.504         0.472         0.431
 PFC15          0.335         0.401         0.442         0.466
 PFC16          0.350         0.174         0.241         0.312         0.489
 PFC17          0.257         0.466         0.438         0.379         0.415
 PFC18          0.371         0.837         0.617         0.420         0.420
 PFC19          0.438         0.586         0.567         0.457         0.514
 PFC20          0.367         0.488         0.440         0.308         0.419
 PFC21          0.448         0.391         0.354         0.493         0.360
 PFC22          0.463         0.424         0.369         0.623         0.504
 PFC23          0.455         0.437         0.405         0.445         0.381


           CORRELATION MATRIX (WITH VARIANCES ON THE DIAGONAL)
              PFC16         PFC17         PFC18         PFC19         PFC20
              ________      ________      ________      ________      ________
 PFC17          0.256
 PFC18          0.234         0.537
 PFC19          0.408         0.522         0.654
 PFC20          0.354         0.446         0.577         0.553
 PFC21          0.289         0.410         0.463         0.429         0.500
 PFC22          0.361         0.428         0.424         0.567         0.433
 PFC23          0.302         0.426         0.491         0.541         0.521


           CORRELATION MATRIX (WITH VARIANCES ON THE DIAGONAL)
              PFC21         PFC22         PFC23
              ________      ________      ________
 PFC22          0.494
 PFC23          0.523         0.670


SUMMARY OF MODEL FIT INFORMATION


                   Number of                   Degrees of
     Model        Parameters      Chi-Square    Freedom     P-Value

     2-factor          45            809.879       208       0.0000
     3-factor          66            504.501       187       0.0000
     4-factor          86            361.157       167       0.0000

                                               Degrees of
     Models Compared              Chi-Square    Freedom     P-Value

     2-factor against 3-factor       237.779        21       0.0000
     3-factor against 4-factor       127.559        20       0.0000



RESULTS FOR EXPLORATORY FACTOR ANALYSIS


           EIGENVALUES FOR SAMPLE CORRELATION MATRIX
                  1             2             3             4             5
              ________      ________      ________      ________      ________
                9.358         1.698         1.486         1.281         1.052


           EIGENVALUES FOR SAMPLE CORRELATION MATRIX
                  6             7             8             9            10
              ________      ________      ________      ________      ________
                0.920         0.873         0.743         0.633         0.602


           EIGENVALUES FOR SAMPLE CORRELATION MATRIX
                 11            12            13            14            15
              ________      ________      ________      ________      ________
                0.572         0.519         0.481         0.451         0.404


           EIGENVALUES FOR SAMPLE CORRELATION MATRIX
                 16            17            18            19            20
              ________      ________      ________      ________      ________
                0.379         0.347         0.318         0.275         0.242


           EIGENVALUES FOR SAMPLE CORRELATION MATRIX
                 21            22            23
              ________      ________      ________
                0.171         0.132         0.064


EXPLORATORY FACTOR ANALYSIS WITH 2 FACTOR(S):


MODEL FIT INFORMATION

Number of Free Parameters                       45

Chi-Square Test of Model Fit

          Value                            809.879*
          Degrees of Freedom                   208
          P-Value                           0.0000

*   The chi-square value for MLM, MLMV, MLR, ULSMV, WLSM and WLSMV cannot be used
    for chi-square difference testing in the regular way.  MLM, MLR and WLSM
    chi-square difference testing is described on the Mplus website.  MLMV, WLSMV,
    and ULSMV difference testing is done using the DIFFTEST option.

RMSEA (Root Mean Square Error Of Approximation)

          Estimate                           0.080
          90 Percent C.I.                    0.074  0.086
          Probability RMSEA <= .05           0.000

CFI/TLI

          CFI                                0.910
          TLI                                0.891

Chi-Square Test of Model Fit for the Baseline Model

          Value                           6952.974
          Degrees of Freedom                   253
          P-Value                           0.0000

SRMR (Standardized Root Mean Square Residual)

          Value                              0.078



MINIMUM ROTATION FUNCTION VALUE       0.15076



           OBLIMIN ROTATED LOADINGS (* significant at 5% level)
                  1             2
              ________      ________
 PFC01          0.616*        0.003
 PFC02          0.232*        0.475*
 PFC03          0.838*       -0.142*
 PFC04          0.684*        0.098
 PFC05          0.447*        0.280*
 PFC06          0.240*        0.304*
 PFC07          0.354*        0.333*
 PFC08          0.640*        0.108
 PFC09          0.839*       -0.135*
 PFC10          0.252*        0.231*
 PFC11          0.336*        0.356*
 PFC12         -0.133*        0.942*
 PFC13         -0.019         0.726*
 PFC14          0.449*        0.338*
 PFC15          0.308*        0.401*
 PFC16          0.257*        0.253*
 PFC17          0.294*        0.438*
 PFC18         -0.049         0.922*
 PFC19          0.249*        0.632*
 PFC20          0.228*        0.527*
 PFC21          0.329*        0.403*
 PFC22          0.537*        0.330*
 PFC23          0.484*        0.388*


           OBLIMIN FACTOR CORRELATIONS (* significant at 5% level)
                  1             2
              ________      ________
      1         1.000
      2         0.481*        1.000


           ESTIMATED RESIDUAL VARIANCES
              PFC01         PFC02         PFC03         PFC04         PFC05
              ________      ________      ________      ________      ________
                0.619         0.615         0.393         0.458         0.602


           ESTIMATED RESIDUAL VARIANCES
              PFC06         PFC07         PFC08         PFC09         PFC10
              ________      ________      ________      ________      ________
                0.780         0.650         0.512         0.386         0.827


           ESTIMATED RESIDUAL VARIANCES
              PFC11         PFC12         PFC13         PFC14         PFC15
              ________      ________      ________      ________      ________
                0.645         0.216         0.487         0.538         0.626


           ESTIMATED RESIDUAL VARIANCES
              PFC16         PFC17         PFC18         PFC19         PFC20
              ________      ________      ________      ________      ________
                0.807         0.597         0.191         0.388         0.554


           ESTIMATED RESIDUAL VARIANCES
              PFC21         PFC22         PFC23
              ________      ________      ________
                0.602         0.431         0.433


           S.E. OBLIMIN ROTATED LOADINGS
                  1             2
              ________      ________
 PFC01          0.054         0.063
 PFC02          0.059         0.050
 PFC03          0.041         0.049
 PFC04          0.055         0.080
 PFC05          0.063         0.071
 PFC06          0.059         0.059
 PFC07          0.058         0.064
 PFC08          0.055         0.079
 PFC09          0.046         0.048
 PFC10          0.060         0.061
 PFC11          0.062         0.062
 PFC12          0.040         0.028
 PFC13          0.054         0.041
 PFC14          0.065         0.071
 PFC15          0.061         0.062
 PFC16          0.063         0.065
 PFC17          0.063         0.057
 PFC18          0.043         0.036
 PFC19          0.066         0.055
 PFC20          0.071         0.062
 PFC21          0.072         0.077
 PFC22          0.058         0.071
 PFC23          0.064         0.072


           S.E. OBLIMIN FACTOR CORRELATIONS
                  1             2
              ________      ________
      1         0.000
      2         0.045         0.000


           S.E. ESTIMATED RESIDUAL VARIANCES
              PFC01         PFC02         PFC03         PFC04         PFC05
              ________      ________      ________      ________      ________
                0.054         0.038         0.052         0.039         0.043


           S.E. ESTIMATED RESIDUAL VARIANCES
              PFC06         PFC07         PFC08         PFC09         PFC10
              ________      ________      ________      ________      ________
                0.041         0.037         0.040         0.062         0.034


           S.E. ESTIMATED RESIDUAL VARIANCES
              PFC11         PFC12         PFC13         PFC14         PFC15
              ________      ________      ________      ________      ________
                0.042         0.036         0.043         0.052         0.042


           S.E. ESTIMATED RESIDUAL VARIANCES
              PFC16         PFC17         PFC18         PFC19         PFC20
              ________      ________      ________      ________      ________
                0.036         0.046         0.050         0.043         0.049


           S.E. ESTIMATED RESIDUAL VARIANCES
              PFC21         PFC22         PFC23
              ________      ________      ________
                0.054         0.041         0.042


           Est./S.E. OBLIMIN ROTATED LOADINGS
                  1             2
              ________      ________
 PFC01         11.491         0.046
 PFC02          3.930         9.531
 PFC03         20.671        -2.887
 PFC04         12.536         1.223
 PFC05          7.048         3.959
 PFC06          4.048         5.182
 PFC07          6.145         5.195
 PFC08         11.630         1.364
 PFC09         18.120        -2.830
 PFC10          4.201         3.805
 PFC11          5.460         5.764
 PFC12         -3.317        33.456
 PFC13         -0.356        17.808
 PFC14          6.944         4.753
 PFC15          5.020         6.494
 PFC16          4.108         3.917
 PFC17          4.711         7.632
 PFC18         -1.122        25.847
 PFC19          3.775        11.561
 PFC20          3.226         8.553
 PFC21          4.594         5.226
 PFC22          9.290         4.668
 PFC23          7.589         5.387


           Est./S.E. OBLIMIN FACTOR CORRELATIONS
                  1             2
              ________      ________
      1         0.000
      2        10.805         0.000


           Est./S.E. ESTIMATED RESIDUAL VARIANCES
              PFC01         PFC02         PFC03         PFC04         PFC05
              ________      ________      ________      ________      ________
               11.425        15.999         7.547        11.596        13.843


           Est./S.E. ESTIMATED RESIDUAL VARIANCES
              PFC06         PFC07         PFC08         PFC09         PFC10
              ________      ________      ________      ________      ________
               19.126        17.796        12.863         6.205        24.148


           Est./S.E. ESTIMATED RESIDUAL VARIANCES
              PFC11         PFC12         PFC13         PFC14         PFC15
              ________      ________      ________      ________      ________
               15.319         5.996        11.309        10.270        14.903


           Est./S.E. ESTIMATED RESIDUAL VARIANCES
              PFC16         PFC17         PFC18         PFC19         PFC20
              ________      ________      ________      ________      ________
               22.261        13.100         3.789         9.006        11.323


           Est./S.E. ESTIMATED RESIDUAL VARIANCES
              PFC21         PFC22         PFC23
              ________      ________      ________
               11.153        10.512        10.405


           FACTOR STRUCTURE
                  1             2
              ________      ________
 PFC01          0.617         0.299
 PFC02          0.460         0.587
 PFC03          0.769         0.261
 PFC04          0.731         0.427
 PFC05          0.582         0.495
 PFC06          0.386         0.419
 PFC07          0.515         0.503
 PFC08          0.692         0.416
 PFC09          0.774         0.269
 PFC10          0.364         0.353
 PFC11          0.508         0.518
 PFC12          0.321         0.878
 PFC13          0.330         0.716
 PFC14          0.612         0.554
 PFC15          0.501         0.549
 PFC16          0.379         0.377
 PFC17          0.505         0.580
 PFC18          0.395         0.899
 PFC19          0.553         0.751
 PFC20          0.482         0.637
 PFC21          0.523         0.561
 PFC22          0.696         0.589
 PFC23          0.671         0.622


EXPLORATORY FACTOR ANALYSIS WITH 3 FACTOR(S):


MODEL FIT INFORMATION

Number of Free Parameters                       66

Chi-Square Test of Model Fit

          Value                            504.501*
          Degrees of Freedom                   187
          P-Value                           0.0000

*   The chi-square value for MLM, MLMV, MLR, ULSMV, WLSM and WLSMV cannot be used
    for chi-square difference testing in the regular way.  MLM, MLR and WLSM
    chi-square difference testing is described on the Mplus website.  MLMV, WLSMV,
    and ULSMV difference testing is done using the DIFFTEST option.

RMSEA (Root Mean Square Error Of Approximation)

          Estimate                           0.061
          90 Percent C.I.                    0.055  0.068
          Probability RMSEA <= .05           0.002

CFI/TLI

          CFI                                0.953
          TLI                                0.936

Chi-Square Test of Model Fit for the Baseline Model

          Value                           6952.974
          Degrees of Freedom                   253
          P-Value                           0.0000

SRMR (Standardized Root Mean Square Residual)

          Value                              0.058



MINIMUM ROTATION FUNCTION VALUE       0.12853



           OBLIMIN ROTATED LOADINGS (* significant at 5% level)
                  1             2             3
              ________      ________      ________
 PFC01          0.770*       -0.035        -0.014
 PFC02          0.094         0.228*        0.423*
 PFC03          0.883*       -0.021        -0.056
 PFC04         -0.049         0.924*       -0.078*
 PFC05          0.333*        0.267*        0.198*
 PFC06          0.024         0.306*        0.241*
 PFC07          0.038         0.442*        0.242*
 PFC08         -0.042         0.839*       -0.033
 PFC09          0.834*        0.000        -0.031
 PFC10          0.396*       -0.071         0.219*
 PFC11          0.109*        0.358*        0.267*
 PFC12         -0.122*       -0.020         0.949*
 PFC13          0.002         0.008         0.714*
 PFC14          0.141*        0.474*        0.226*
 PFC15          0.317*        0.106         0.349*
 PFC16          0.290*        0.087         0.190*
 PFC17          0.307*        0.057         0.425*
 PFC18          0.001        -0.053         0.934*
 PFC19          0.205*        0.146*        0.583*
 PFC20          0.191*        0.122         0.491*
 PFC21          0.110         0.342*        0.319*
 PFC22          0.359*        0.392*        0.200*
 PFC23          0.265*        0.407*        0.272*


           OBLIMIN FACTOR CORRELATIONS (* significant at 5% level)
                  1             2             3
              ________      ________      ________
      1         1.000
      2         0.445*        1.000
      3         0.432*        0.498*        1.000


           ESTIMATED RESIDUAL VARIANCES
              PFC01         PFC02         PFC03         PFC04         PFC05
              ________      ________      ________      ________      ________
                0.439         0.610         0.274         0.246         0.590


           ESTIMATED RESIDUAL VARIANCES
              PFC06         PFC07         PFC08         PFC09         PFC10
              ________      ________      ________      ________      ________
                0.763         0.615         0.351         0.326         0.756


           ESTIMATED RESIDUAL VARIANCES
              PFC11         PFC12         PFC13         PFC14         PFC15
              ________      ________      ________      ________      ________
                0.633         0.200         0.483         0.510         0.604


           ESTIMATED RESIDUAL VARIANCES
              PFC16         PFC17         PFC18         PFC19         PFC20
              ________      ________      ________      ________      ________
                0.786         0.569         0.173         0.383         0.547


           ESTIMATED RESIDUAL VARIANCES
              PFC21         PFC22         PFC23
              ________      ________      ________
                0.597         0.412         0.422


           S.E. OBLIMIN ROTATED LOADINGS
                  1             2             3
              ________      ________      ________
 PFC01          0.051         0.062         0.060
 PFC02          0.058         0.057         0.050
 PFC03          0.041         0.042         0.042
 PFC04          0.028         0.036         0.027
 PFC05          0.060         0.066         0.065
 PFC06          0.063         0.064         0.058
 PFC07          0.051         0.057         0.060
 PFC08          0.034         0.046         0.041
 PFC09          0.057         0.052         0.052
 PFC10          0.062         0.064         0.064
 PFC11          0.056         0.063         0.058
 PFC12          0.034         0.036         0.031
 PFC13          0.050         0.052         0.044
 PFC14          0.063         0.064         0.061
 PFC15          0.058         0.059         0.060
 PFC16          0.062         0.061         0.068
 PFC17          0.062         0.058         0.056
 PFC18          0.046         0.039         0.039
 PFC19          0.058         0.067         0.054
 PFC20          0.065         0.064         0.063
 PFC21          0.069         0.056         0.072
 PFC22          0.058         0.060         0.057
 PFC23          0.059         0.068         0.063


           S.E. OBLIMIN FACTOR CORRELATIONS
                  1             2             3
              ________      ________      ________
      1         0.000
      2         0.045         0.000
      3         0.050         0.042         0.000


           S.E. ESTIMATED RESIDUAL VARIANCES
              PFC01         PFC02         PFC03         PFC04         PFC05
              ________      ________      ________      ________      ________
                0.061         0.039         0.055         0.049         0.044


           S.E. ESTIMATED RESIDUAL VARIANCES
              PFC06         PFC07         PFC08         PFC09         PFC10
              ________      ________      ________      ________      ________
                0.042         0.038         0.051         0.071         0.040


           S.E. ESTIMATED RESIDUAL VARIANCES
              PFC11         PFC12         PFC13         PFC14         PFC15
              ________      ________      ________      ________      ________
                0.043         0.038         0.044         0.053         0.043


           S.E. ESTIMATED RESIDUAL VARIANCES
              PFC16         PFC17         PFC18         PFC19         PFC20
              ________      ________      ________      ________      ________
                0.040         0.046         0.052         0.044         0.050


           S.E. ESTIMATED RESIDUAL VARIANCES
              PFC21         PFC22         PFC23
              ________      ________      ________
                0.053         0.041         0.041


           Est./S.E. OBLIMIN ROTATED LOADINGS
                  1             2             3
              ________      ________      ________
 PFC01         15.080        -0.565        -0.229
 PFC02          1.607         3.992         8.530
 PFC03         21.788        -0.499        -1.335
 PFC04         -1.731        25.924        -2.899
 PFC05          5.511         4.036         3.061
 PFC06          0.391         4.776         4.122
 PFC07          0.738         7.820         4.033
 PFC08         -1.221        18.085        -0.825
 PFC09         14.506        -0.008        -0.583
 PFC10          6.398        -1.109         3.405
 PFC11          1.965         5.726         4.573
 PFC12         -3.565        -0.541        30.709
 PFC13          0.031         0.158        16.411
 PFC14          2.245         7.467         3.735
 PFC15          5.515         1.782         5.799
 PFC16          4.648         1.414         2.797
 PFC17          4.936         0.994         7.636
 PFC18          0.020        -1.347        24.054
 PFC19          3.526         2.160        10.825
 PFC20          2.950         1.901         7.820
 PFC21          1.587         6.114         4.446
 PFC22          6.191         6.501         3.493
 PFC23          4.496         6.015         4.289


           Est./S.E. OBLIMIN FACTOR CORRELATIONS
                  1             2             3
              ________      ________      ________
      1         0.000
      2         9.877         0.000
      3         8.694        11.824         0.000


           Est./S.E. ESTIMATED RESIDUAL VARIANCES
              PFC01         PFC02         PFC03         PFC04         PFC05
              ________      ________      ________      ________      ________
                7.152        15.704         4.946         4.999        13.328


           Est./S.E. ESTIMATED RESIDUAL VARIANCES
              PFC06         PFC07         PFC08         PFC09         PFC10
              ________      ________      ________      ________      ________
               18.176        16.078         6.953         4.601        18.747


           Est./S.E. ESTIMATED RESIDUAL VARIANCES
              PFC11         PFC12         PFC13         PFC14         PFC15
              ________      ________      ________      ________      ________
               14.596         5.243        11.070         9.650        13.937


           Est./S.E. ESTIMATED RESIDUAL VARIANCES
              PFC16         PFC17         PFC18         PFC19         PFC20
              ________      ________      ________      ________      ________
               19.842        12.451         3.337         8.717        10.844


           Est./S.E. ESTIMATED RESIDUAL VARIANCES
              PFC21         PFC22         PFC23
              ________      ________      ________
               11.232        10.136        10.167


           FACTOR STRUCTURE
                  1             2             3
              ________      ________      ________
 PFC01          0.748         0.301         0.302
 PFC02          0.378         0.481         0.578
 PFC03          0.850         0.344         0.315
 PFC04          0.329         0.864         0.361
 PFC05          0.537         0.514         0.475
 PFC06          0.264         0.436         0.403
 PFC07          0.339         0.580         0.479
 PFC08          0.317         0.804         0.366
 PFC09          0.820         0.355         0.329
 PFC10          0.459         0.214         0.354
 PFC11          0.384         0.540         0.493
 PFC12          0.279         0.399         0.887
 PFC13          0.314         0.365         0.719
 PFC14          0.450         0.650         0.523
 PFC15          0.515         0.421         0.539
 PFC16          0.410         0.310         0.358
 PFC17          0.516         0.405         0.586
 PFC18          0.381         0.413         0.908
 PFC19          0.521         0.527         0.744
 PFC20          0.457         0.451         0.634
 PFC21          0.400         0.550         0.537
 PFC22          0.620         0.651         0.551
 PFC23          0.564         0.660         0.589


EXPLORATORY FACTOR ANALYSIS WITH 4 FACTOR(S):


MODEL FIT INFORMATION

Number of Free Parameters                       86

Chi-Square Test of Model Fit

          Value                            361.157*
          Degrees of Freedom                   167
          P-Value                           0.0000

*   The chi-square value for MLM, MLMV, MLR, ULSMV, WLSM and WLSMV cannot be used
    for chi-square difference testing in the regular way.  MLM, MLR and WLSM
    chi-square difference testing is described on the Mplus website.  MLMV, WLSMV,
    and ULSMV difference testing is done using the DIFFTEST option.

RMSEA (Root Mean Square Error Of Approximation)

          Estimate                           0.051
          90 Percent C.I.                    0.044  0.058
          Probability RMSEA <= .05           0.414

CFI/TLI

          CFI                                0.971
          TLI                                0.956

Chi-Square Test of Model Fit for the Baseline Model

          Value                           6952.974
          Degrees of Freedom                   253
          P-Value                           0.0000

SRMR (Standardized Root Mean Square Residual)

          Value                              0.045



MINIMUM ROTATION FUNCTION VALUE       0.20888



           OBLIMIN ROTATED LOADINGS (* significant at 5% level)
                  1             2             3             4
              ________      ________      ________      ________
 PFC01         -0.056         0.533*       -0.140*        0.523*
 PFC02          0.221*        0.171*        0.430*       -0.027
 PFC03          0.007         0.943*        0.031        -0.051
 PFC04          0.918*        0.013        -0.067*       -0.051
 PFC05          0.253*        0.245*        0.155*        0.219*
 PFC06          0.299*        0.077         0.241*       -0.017
 PFC07          0.439*        0.156*        0.279*       -0.114*
 PFC08          0.820*       -0.007        -0.031        -0.003
 PFC09          0.058         0.776*        0.054         0.007
 PFC10         -0.097         0.125         0.115         0.476*
 PFC11          0.349*       -0.054         0.210*        0.265*
 PFC12         -0.010        -0.045         0.924*       -0.035
 PFC13         -0.011        -0.105*        0.680*        0.192*
 PFC14          0.461*       -0.024         0.168*        0.277*
 PFC15          0.076         0.003         0.240*        0.518*
 PFC16          0.072        -0.079         0.055         0.567*
 PFC17          0.055         0.269*        0.407*        0.129
 PFC18         -0.033         0.095*        0.930*       -0.070
 PFC19          0.120         0.046         0.528*        0.302*
 PFC20          0.113         0.123*        0.459*        0.166*
 PFC21          0.332*        0.001         0.275*        0.202*
 PFC22          0.377*        0.091         0.089         0.470*
 PFC23          0.393*        0.187*        0.231*        0.202*


           OBLIMIN FACTOR CORRELATIONS (* significant at 5% level)
                  1             2             3             4
              ________      ________      ________      ________
      1         1.000
      2         0.355*        1.000
      3         0.482*        0.353*        1.000
      4         0.377*        0.386*        0.390*        1.000


           ESTIMATED RESIDUAL VARIANCES
              PFC01         PFC02         PFC03         PFC04         PFC05
              ________      ________      ________      ________      ________
                0.350         0.583         0.120         0.235         0.586


           ESTIMATED RESIDUAL VARIANCES
              PFC06         PFC07         PFC08         PFC09         PFC10
              ________      ________      ________      ________      ________
                0.756         0.571         0.356         0.322         0.691


           ESTIMATED RESIDUAL VARIANCES
              PFC11         PFC12         PFC13         PFC14         PFC15
              ________      ________      ________      ________      ________
                0.610         0.204         0.462         0.490         0.522


           ESTIMATED RESIDUAL VARIANCES
              PFC16         PFC17         PFC18         PFC19         PFC20
              ________      ________      ________      ________      ________
                0.646         0.560         0.144         0.369         0.545


           ESTIMATED RESIDUAL VARIANCES
              PFC21         PFC22         PFC23
              ________      ________      ________
                0.591         0.358         0.420


           S.E. OBLIMIN ROTATED LOADINGS
                  1             2             3             4
              ________      ________      ________      ________
 PFC01          0.052         0.094         0.050         0.096
 PFC02          0.057         0.053         0.051         0.062
 PFC03          0.032         0.057         0.032         0.043
 PFC04          0.035         0.029         0.028         0.029
 PFC05          0.064         0.061         0.063         0.066
 PFC06          0.063         0.062         0.060         0.070
 PFC07          0.056         0.054         0.059         0.057
 PFC08          0.047         0.037         0.040         0.039
 PFC09          0.052         0.074         0.057         0.074
 PFC10          0.055         0.078         0.061         0.066
 PFC11          0.061         0.063         0.058         0.066
 PFC12          0.037         0.038         0.035         0.041
 PFC13          0.050         0.051         0.046         0.056
 PFC14          0.068         0.060         0.060         0.073
 PFC15          0.056         0.056         0.064         0.068
 PFC16          0.054         0.062         0.062         0.065
 PFC17          0.058         0.063         0.057         0.072
 PFC18          0.039         0.045         0.041         0.043
 PFC19          0.067         0.052         0.057         0.068
 PFC20          0.062         0.061         0.066         0.064
 PFC21          0.056         0.070         0.075         0.070
 PFC22          0.062         0.062         0.051         0.066
 PFC23          0.066         0.059         0.063         0.065


           S.E. OBLIMIN FACTOR CORRELATIONS
                  1             2             3             4
              ________      ________      ________      ________
      1         0.000
      2         0.054         0.000
      3         0.045         0.059         0.000
      4         0.051         0.055         0.052         0.000


           S.E. ESTIMATED RESIDUAL VARIANCES
              PFC01         PFC02         PFC03         PFC04         PFC05
              ________      ________      ________      ________      ________
                0.068         0.043         0.088         0.049         0.045


           S.E. ESTIMATED RESIDUAL VARIANCES
              PFC06         PFC07         PFC08         PFC09         PFC10
              ________      ________      ________      ________      ________
                0.043         0.041         0.050         0.078         0.047


           S.E. ESTIMATED RESIDUAL VARIANCES
              PFC11         PFC12         PFC13         PFC14         PFC15
              ________      ________      ________      ________      ________
                0.043         0.039         0.044         0.053         0.047


           S.E. ESTIMATED RESIDUAL VARIANCES
              PFC16         PFC17         PFC18         PFC19         PFC20
              ________      ________      ________      ________      ________
                0.057         0.046         0.052         0.045         0.051


           S.E. ESTIMATED RESIDUAL VARIANCES
              PFC21         PFC22         PFC23
              ________      ________      ________
                0.053         0.039         0.042


           Est./S.E. OBLIMIN ROTATED LOADINGS
                  1             2             3             4
              ________      ________      ________      ________
 PFC01         -1.079         5.664        -2.818         5.445
 PFC02          3.887         3.209         8.427        -0.439
 PFC03          0.222        16.658         0.956        -1.192
 PFC04         26.227         0.450        -2.394        -1.733
 PFC05          3.939         3.994         2.453         3.289
 PFC06          4.724         1.240         4.018        -0.244
 PFC07          7.846         2.867         4.752        -2.007
 PFC08         17.357        -0.193        -0.761        -0.070
 PFC09          1.128        10.473         0.947         0.094
 PFC10         -1.762         1.601         1.892         7.199
 PFC11          5.704        -0.855         3.603         4.024
 PFC12         -0.283        -1.170        26.622        -0.848
 PFC13         -0.228        -2.052        14.663         3.438
 PFC14          6.781        -0.402         2.816         3.816
 PFC15          1.356         0.046         3.730         7.656
 PFC16          1.343        -1.286         0.894         8.722
 PFC17          0.948         4.272         7.095         1.774
 PFC18         -0.844         2.101        22.949        -1.621
 PFC19          1.802         0.896         9.231         4.415
 PFC20          1.829         2.002         7.000         2.607
 PFC21          5.895         0.021         3.685         2.900
 PFC22          6.102         1.482         1.741         7.129
 PFC23          5.915         3.167         3.691         3.111


           Est./S.E. OBLIMIN FACTOR CORRELATIONS
                  1             2             3             4
              ________      ________      ________      ________
      1         0.000
      2         6.525         0.000
      3        10.822         5.938         0.000
      4         7.445         6.989         7.547         0.000


           Est./S.E. ESTIMATED RESIDUAL VARIANCES
              PFC01         PFC02         PFC03         PFC04         PFC05
              ________      ________      ________      ________      ________
                5.148        13.457         1.361         4.780        13.107


           Est./S.E. ESTIMATED RESIDUAL VARIANCES
              PFC06         PFC07         PFC08         PFC09         PFC10
              ________      ________      ________      ________      ________
               17.388        13.764         7.171         4.142        14.841


           Est./S.E. ESTIMATED RESIDUAL VARIANCES
              PFC11         PFC12         PFC13         PFC14         PFC15
              ________      ________      ________      ________      ________
               14.189         5.181        10.540         9.309        11.206


           Est./S.E. ESTIMATED RESIDUAL VARIANCES
              PFC16         PFC17         PFC18         PFC19         PFC20
              ________      ________      ________      ________      ________
               11.403        12.118         2.754         8.158        10.732


           Est./S.E. ESTIMATED RESIDUAL VARIANCES
              PFC21         PFC22         PFC23
              ________      ________      ________
               11.108         9.133        10.118


           FACTOR STRUCTURE
                  1             2             3             4
              ________      ________      ________      ________
 PFC01          0.263         0.666         0.225         0.653
 PFC02          0.479         0.391         0.586         0.290
 PFC03          0.338         0.937         0.348         0.328
 PFC04          0.871         0.296         0.360         0.274
 PFC05          0.497         0.474         0.449         0.469
 PFC06          0.436         0.261         0.405         0.219
 PFC07          0.586         0.366         0.501         0.220
 PFC08          0.802         0.272         0.361         0.292
 PFC09          0.362         0.819         0.358         0.349
 PFC10          0.182         0.315         0.298         0.532
 PFC11          0.530         0.246         0.462         0.457
 PFC12          0.406         0.265         0.890         0.304
 PFC13          0.351         0.206         0.712         0.412
 PFC14          0.638         0.306         0.490         0.507
 PFC15          0.387         0.314         0.479         0.641
 PFC16          0.284         0.185         0.283         0.585
 PFC17          0.395         0.482         0.579         0.412
 PFC18          0.422         0.384         0.920         0.316
 PFC19          0.505         0.392         0.720         0.571
 PFC20          0.440         0.389         0.622         0.435
 PFC21          0.541         0.294         0.514         0.435
 PFC22          0.630         0.438         0.486         0.682
 PFC23          0.647         0.486         0.565         0.513


DIAGRAM INFORMATION

  Mplus diagrams are currently not available for EFA.
  No diagram output was produced.


     Beginning Time:  20:16:22
        Ending Time:  20:16:23
       Elapsed Time:  00:00:01



MUTHEN & MUTHEN
3463 Stoner Ave.
Los Angeles, CA  90066

Tel: (310) 391-9971
Fax: (310) 391-8971
Web: www.StatModel.com
Support: Support@StatModel.com

Copyright (c) 1998-2021 Muthen & Muthen
