Mplus VERSION 8.6
MUTHEN & MUTHEN
03/29/2022   8:43 PM

INPUT INSTRUCTIONS

  TITLE: EFA of PFC using WLSMV with missing data
  Version 4.1 -- omitting PFC06 -- OBLIMIN ROTATION

  DATA: FILE IS "C:\Users\forev\Documents\Nicolas\
  pfc_fa\paper\analysis_data\pfc_final.dat";

  VARIABLE:
    NAMES ARE subid pfc01 pfc02 pfc03 pfc04 pfc05 pfc06
    pfc07 pfc08 pfc09 pfc10 pfc11 pfc12 pfc13
    pfc14 pfc15 pfc16 pfc17 pfc18 pfc19 pfc20
    pfc21 pfc22 pfc23;
    USEVARIABLES ARE pfc01 pfc02 pfc03 pfc04 pfc05
    pfc07 pfc08 pfc09 pfc10 pfc11 pfc12 pfc13
    pfc14 pfc15 pfc16 pfc17 pfc18 pfc19 pfc20
    pfc21 pfc22 pfc23;
    CATEGORICAL ARE pfc01-pfc23;
    MISSING ARE ALL (99);

  ANALYSIS:
    TYPE IS EFA 4 4;
    ESTIMATOR IS WLSMV;
    ROTATION IS OBLIMIN (OBLIQUE);
    ITERATIONS = 1000;
    CONVERGENCE = 0.00005;

  OUTPUT: SAMPSTAT;



INPUT READING TERMINATED NORMALLY



EFA of PFC using WLSMV with missing data
Version 4.1 -- omitting PFC06 -- OBLIMIN ROTATION

SUMMARY OF ANALYSIS

Number of groups                                                 1
Number of observations                                         450

Number of dependent variables                                   22
Number of independent variables                                  0
Number of continuous latent variables                            0

Observed dependent variables

  Binary and ordered categorical (ordinal)
   PFC01       PFC02       PFC03       PFC04       PFC05       PFC07
   PFC08       PFC09       PFC10       PFC11       PFC12       PFC13
   PFC14       PFC15       PFC16       PFC17       PFC18       PFC19
   PFC20       PFC21       PFC22       PFC23


Estimator                                                    WLSMV
Rotation                                                   OBLIMIN
Row standardization                                    CORRELATION
Type of rotation                                           OBLIQUE
Gamma value                                              0.000D+00
Maximum number of iterations                                  1000
Convergence criterion                                    0.500D-04
Maximum number of steepest descent iterations                   20
Maximum number of iterations for H1                           2000
Convergence criterion for H1                             0.100D-03
Optimization Specifications for the Exploratory Factor Analysis
Rotation Algorithm
  Number of random starts                                       30
  Maximum number of iterations                               10000
  Derivative convergence criterion                       0.100D-04
Link                                                        PROBIT

Input data file(s)
  C:\Users\forev\Documents\Nicolas\pfc_fa\paper\analysis_data\pfc_final.dat

Input data format  FREE


SUMMARY OF DATA

     Number of missing data patterns            10


COVARIANCE COVERAGE OF DATA

Minimum covariance coverage value   0.100


     PROPORTION OF DATA PRESENT


           Covariance Coverage
              PFC01         PFC02         PFC03         PFC04         PFC05
              ________      ________      ________      ________      ________
 PFC01          1.000
 PFC02          1.000         1.000
 PFC03          1.000         1.000         1.000
 PFC04          0.998         0.998         0.998         0.998
 PFC05          1.000         1.000         1.000         0.998         1.000
 PFC07          0.998         0.998         0.998         0.996         0.998
 PFC08          0.998         0.998         0.998         0.996         0.998
 PFC09          0.993         0.993         0.993         0.991         0.993
 PFC10          0.998         0.998         0.998         0.996         0.998
 PFC11          0.991         0.991         0.991         0.989         0.991
 PFC12          0.998         0.998         0.998         0.996         0.998
 PFC13          0.998         0.998         0.998         0.996         0.998
 PFC14          0.998         0.998         0.998         0.996         0.998
 PFC15          0.989         0.989         0.989         0.987         0.989
 PFC16          0.989         0.989         0.989         0.987         0.989
 PFC17          0.989         0.989         0.989         0.987         0.989
 PFC18          0.989         0.989         0.989         0.987         0.989
 PFC19          0.984         0.984         0.984         0.982         0.984
 PFC20          0.984         0.984         0.984         0.982         0.984
 PFC21          0.984         0.984         0.984         0.982         0.984
 PFC22          0.987         0.987         0.987         0.984         0.987
 PFC23          0.987         0.987         0.987         0.984         0.987


           Covariance Coverage
              PFC07         PFC08         PFC09         PFC10         PFC11
              ________      ________      ________      ________      ________
 PFC07          0.998
 PFC08          0.998         0.998
 PFC09          0.993         0.993         0.993
 PFC10          0.998         0.998         0.993         0.998
 PFC11          0.991         0.991         0.987         0.991         0.991
 PFC12          0.998         0.998         0.993         0.998         0.991
 PFC13          0.998         0.998         0.993         0.998         0.991
 PFC14          0.998         0.998         0.993         0.998         0.991
 PFC15          0.989         0.989         0.984         0.989         0.982
 PFC16          0.989         0.989         0.984         0.989         0.982
 PFC17          0.989         0.989         0.984         0.989         0.982
 PFC18          0.989         0.989         0.984         0.989         0.982
 PFC19          0.984         0.984         0.980         0.984         0.980
 PFC20          0.984         0.984         0.980         0.984         0.978
 PFC21          0.984         0.984         0.980         0.984         0.978
 PFC22          0.987         0.987         0.982         0.987         0.980
 PFC23          0.987         0.987         0.982         0.987         0.980


           Covariance Coverage
              PFC12         PFC13         PFC14         PFC15         PFC16
              ________      ________      ________      ________      ________
 PFC12          0.998
 PFC13          0.998         0.998
 PFC14          0.998         0.998         0.998
 PFC15          0.989         0.989         0.989         0.989
 PFC16          0.989         0.989         0.989         0.989         0.989
 PFC17          0.989         0.989         0.989         0.989         0.989
 PFC18          0.989         0.989         0.989         0.989         0.989
 PFC19          0.984         0.984         0.984         0.984         0.984
 PFC20          0.984         0.984         0.984         0.984         0.984
 PFC21          0.984         0.984         0.984         0.984         0.984
 PFC22          0.987         0.987         0.987         0.987         0.987
 PFC23          0.987         0.987         0.987         0.987         0.987


           Covariance Coverage
              PFC17         PFC18         PFC19         PFC20         PFC21
              ________      ________      ________      ________      ________
 PFC17          0.989
 PFC18          0.989         0.989
 PFC19          0.984         0.984         0.984
 PFC20          0.984         0.984         0.982         0.984
 PFC21          0.984         0.984         0.982         0.982         0.984
 PFC22          0.987         0.987         0.984         0.984         0.984
 PFC23          0.987         0.987         0.984         0.984         0.984


           Covariance Coverage
              PFC22         PFC23
              ________      ________
 PFC22          0.987
 PFC23          0.987         0.987


UNIVARIATE PROPORTIONS AND COUNTS FOR CATEGORICAL VARIABLES

    PFC01
      Category 1    0.738          332.000
      Category 2    0.213           96.000
      Category 3    0.042           19.000
      Category 4    0.007            3.000
    PFC02
      Category 1    0.293          132.000
      Category 2    0.531          239.000
      Category 3    0.142           64.000
      Category 4    0.024           11.000
      Category 5    0.009            4.000
    PFC03
      Category 1    0.740          333.000
      Category 2    0.242          109.000
      Category 3    0.018            8.000
    PFC04
      Category 1    0.218           98.000
      Category 2    0.445          200.000
      Category 3    0.254          114.000
      Category 4    0.065           29.000
      Category 5    0.018            8.000
    PFC05
      Category 1    0.602          271.000
      Category 2    0.311          140.000
      Category 3    0.058           26.000
      Category 4    0.016            7.000
      Category 5    0.013            6.000
    PFC07
      Category 1    0.109           49.000
      Category 2    0.363          163.000
      Category 3    0.376          169.000
      Category 4    0.114           51.000
      Category 5    0.038           17.000
    PFC08
      Category 1    0.323          145.000
      Category 2    0.450          202.000
      Category 3    0.167           75.000
      Category 4    0.045           20.000
      Category 5    0.016            7.000
    PFC09
      Category 1    0.848          379.000
      Category 2    0.136           61.000
      Category 3    0.013            6.000
      Category 4    0.002            1.000
    PFC10
      Category 1    0.225          101.000
      Category 2    0.486          218.000
      Category 3    0.227          102.000
      Category 4    0.038           17.000
      Category 5    0.024           11.000
    PFC11
      Category 1    0.460          205.000
      Category 2    0.363          162.000
      Category 3    0.132           59.000
      Category 4    0.036           16.000
      Category 5    0.009            4.000
    PFC12
      Category 1    0.590          265.000
      Category 2    0.318          143.000
      Category 3    0.067           30.000
      Category 4    0.018            8.000
      Category 5    0.007            3.000
    PFC13
      Category 1    0.550          247.000
      Category 2    0.312          140.000
      Category 3    0.109           49.000
      Category 4    0.020            9.000
      Category 5    0.009            4.000
    PFC14
      Category 1    0.722          324.000
      Category 2    0.185           83.000
      Category 3    0.053           24.000
      Category 4    0.024           11.000
      Category 5    0.016            7.000
    PFC15
      Category 1    0.609          271.000
      Category 2    0.263          117.000
      Category 3    0.054           24.000
      Category 4    0.020            9.000
      Category 5    0.054           24.000
    PFC16
      Category 1    0.425          189.000
      Category 2    0.369          164.000
      Category 3    0.171           76.000
      Category 4    0.018            8.000
      Category 5    0.018            8.000
    PFC17
      Category 1    0.604          269.000
      Category 2    0.333          148.000
      Category 3    0.058           26.000
      Category 4    0.004            2.000
    PFC18
      Category 1    0.802          357.000
      Category 2    0.146           65.000
      Category 3    0.031           14.000
      Category 4    0.020            9.000
    PFC19
      Category 1    0.700          310.000
      Category 2    0.183           81.000
      Category 3    0.088           39.000
      Category 4    0.023           10.000
      Category 5    0.007            3.000
    PFC20
      Category 1    0.695          308.000
      Category 2    0.185           82.000
      Category 3    0.086           38.000
      Category 4    0.029           13.000
      Category 5    0.005            2.000
    PFC21
      Category 1    0.797          353.000
      Category 2    0.126           56.000
      Category 3    0.050           22.000
      Category 4    0.020            9.000
      Category 5    0.007            3.000
    PFC22
      Category 1    0.572          254.000
      Category 2    0.320          142.000
      Category 3    0.088           39.000
      Category 4    0.016            7.000
      Category 5    0.005            2.000
    PFC23
      Category 1    0.628          279.000
      Category 2    0.191           85.000
      Category 3    0.117           52.000
      Category 4    0.047           21.000
      Category 5    0.016            7.000


SAMPLE STATISTICS


     ESTIMATED SAMPLE STATISTICS


           MEANS/INTERCEPTS/THRESHOLDS
              PFC01$1       PFC01$2       PFC01$3       PFC02$1       PFC02$2
              ________      ________      ________      ________      ________
                0.637         1.656         2.475        -0.544         0.932


           MEANS/INTERCEPTS/THRESHOLDS
              PFC02$3       PFC02$4       PFC03$1       PFC03$2       PFC04$1
              ________      ________      ________      ________      ________
                1.834         2.370         0.643         2.102        -0.778


           MEANS/INTERCEPTS/THRESHOLDS
              PFC04$2       PFC04$3       PFC04$4       PFC05$1       PFC05$2
              ________      ________      ________      ________      ________
                0.423         1.389         2.101         0.259         1.362


           MEANS/INTERCEPTS/THRESHOLDS
              PFC05$3       PFC05$4       PFC07$1       PFC07$2       PFC07$3
              ________      ________      ________      ________      ________
                1.897         2.216        -1.231        -0.070         1.030


           MEANS/INTERCEPTS/THRESHOLDS
              PFC07$4       PFC08$1       PFC08$2       PFC08$3       PFC08$4
              ________      ________      ________      ________      ________
                1.776        -0.459         0.748         1.554         2.155


           MEANS/INTERCEPTS/THRESHOLDS
              PFC09$1       PFC09$2       PFC09$3       PFC10$1       PFC10$2
              ________      ________      ________      ________      ________
                1.027         2.153         2.843        -0.756         0.555


           MEANS/INTERCEPTS/THRESHOLDS
              PFC10$3       PFC10$4       PFC11$1       PFC11$2       PFC11$3
              ________      ________      ________      ________      ________
                1.535         1.969        -0.101         0.926         1.697


           MEANS/INTERCEPTS/THRESHOLDS
              PFC11$4       PFC12$1       PFC12$2       PFC12$3       PFC12$4
              ________      ________      ________      ________      ________
                2.367         0.228         1.333         1.969         2.474


           MEANS/INTERCEPTS/THRESHOLDS
              PFC13$1       PFC13$2       PFC13$3       PFC13$4       PFC14$1
              ________      ________      ________      ________      ________
                0.126         1.089         1.896         2.369         0.588


           MEANS/INTERCEPTS/THRESHOLDS
              PFC14$2       PFC14$3       PFC14$4       PFC15$1       PFC15$2
              ________      ________      ________      ________      ________
                1.319         1.750         2.155         0.277         1.135


           MEANS/INTERCEPTS/THRESHOLDS
              PFC15$3       PFC15$4       PFC16$1       PFC16$2       PFC16$3
              ________      ________      ________      ________      ________
                1.446         1.608        -0.190         0.818         1.800


           MEANS/INTERCEPTS/THRESHOLDS
              PFC16$4       PFC17$1       PFC17$2       PFC17$3       PFC18$1
              ________      ________      ________      ________      ________
                2.097         0.265         1.531         2.612         0.850


           MEANS/INTERCEPTS/THRESHOLDS
              PFC18$2       PFC18$3       PFC19$1       PFC19$2       PFC19$3
              ________      ________      ________      ________      ________
                1.629         2.049         0.524         1.188         1.891


           MEANS/INTERCEPTS/THRESHOLDS
              PFC19$4       PFC20$1       PFC20$2       PFC20$3       PFC20$4
              ________      ________      ________      ________      ________
                2.469         0.511         1.177         1.827         2.611


           MEANS/INTERCEPTS/THRESHOLDS
              PFC21$1       PFC21$2       PFC21$3       PFC21$4       PFC22$1
              ________      ________      ________      ________      ________
                0.830         1.427         1.925         2.469         0.182


           MEANS/INTERCEPTS/THRESHOLDS
              PFC22$2       PFC22$3       PFC22$4       PFC23$1       PFC23$2
              ________      ________      ________      ________      ________
                1.237         2.048         2.612         0.328         0.915


           MEANS/INTERCEPTS/THRESHOLDS
              PFC23$3       PFC23$4
              ________      ________
                1.530         2.150


           CORRELATION MATRIX (WITH VARIANCES ON THE DIAGONAL)
              PFC01         PFC02         PFC03         PFC04         PFC05
              ________      ________      ________      ________      ________
 PFC01
 PFC02          0.232
 PFC03          0.569         0.353
 PFC04          0.232         0.354         0.299
 PFC05          0.452         0.475         0.387         0.419
 PFC07          0.159         0.491         0.329         0.452         0.376
 PFC08          0.244         0.336         0.239         0.728         0.401
 PFC09          0.562         0.240         0.792         0.327         0.364
 PFC10          0.504         0.286         0.221         0.111         0.341
 PFC11          0.283         0.337         0.258         0.418         0.283
 PFC12          0.225         0.491         0.261         0.333         0.338
 PFC13          0.198         0.381         0.214         0.259         0.340
 PFC14          0.210         0.362         0.340         0.566         0.344
 PFC15          0.355         0.296         0.290         0.322         0.401
 PFC16          0.293         0.163         0.219         0.231         0.290
 PFC17          0.323         0.420         0.480         0.320         0.437
 PFC18          0.275         0.507         0.339         0.387         0.327
 PFC19          0.337         0.496         0.386         0.377         0.455
 PFC20          0.259         0.410         0.406         0.331         0.399
 PFC21          0.197         0.356         0.252         0.431         0.367
 PFC22          0.530         0.394         0.396         0.487         0.450
 PFC23          0.425         0.472         0.404         0.455         0.476


           CORRELATION MATRIX (WITH VARIANCES ON THE DIAGONAL)
              PFC07         PFC08         PFC09         PFC10         PFC11
              ________      ________      ________      ________      ________
 PFC08          0.442
 PFC09          0.289         0.298
 PFC10          0.150         0.178         0.167
 PFC11          0.392         0.408         0.307         0.272
 PFC12          0.336         0.316         0.315         0.257         0.419
 PFC13          0.335         0.289         0.237         0.284         0.402
 PFC14          0.287         0.488         0.429         0.224         0.504
 PFC15          0.247         0.314         0.386         0.307         0.335
 PFC16          0.148         0.214         0.180         0.259         0.350
 PFC17          0.373         0.313         0.410         0.281         0.257
 PFC18          0.363         0.369         0.463         0.280         0.371
 PFC19          0.447         0.405         0.335         0.353         0.438
 PFC20          0.424         0.305         0.324         0.223         0.367
 PFC21          0.389         0.368         0.335         0.202         0.448
 PFC22          0.387         0.469         0.346         0.367         0.463
 PFC23          0.569         0.439         0.413         0.286         0.455


           CORRELATION MATRIX (WITH VARIANCES ON THE DIAGONAL)
              PFC12         PFC13         PFC14         PFC15         PFC16
              ________      ________      ________      ________      ________
 PFC13          0.647
 PFC14          0.472         0.431
 PFC15          0.401         0.442         0.466
 PFC16          0.174         0.241         0.312         0.489
 PFC17          0.466         0.438         0.379         0.415         0.256
 PFC18          0.837         0.617         0.420         0.420         0.234
 PFC19          0.586         0.567         0.457         0.514         0.408
 PFC20          0.488         0.440         0.308         0.419         0.354
 PFC21          0.391         0.354         0.493         0.360         0.289
 PFC22          0.424         0.369         0.623         0.504         0.361
 PFC23          0.437         0.405         0.445         0.381         0.302


           CORRELATION MATRIX (WITH VARIANCES ON THE DIAGONAL)
              PFC17         PFC18         PFC19         PFC20         PFC21
              ________      ________      ________      ________      ________
 PFC18          0.537
 PFC19          0.522         0.654
 PFC20          0.446         0.577         0.553
 PFC21          0.410         0.463         0.429         0.500
 PFC22          0.428         0.424         0.567         0.433         0.494
 PFC23          0.426         0.491         0.541         0.521         0.523


           CORRELATION MATRIX (WITH VARIANCES ON THE DIAGONAL)
              PFC22         PFC23
              ________      ________
 PFC23          0.670


RESULTS FOR EXPLORATORY FACTOR ANALYSIS


           EIGENVALUES FOR SAMPLE CORRELATION MATRIX
                  1             2             3             4             5
              ________      ________      ________      ________      ________
                9.136         1.686         1.475         1.273         1.035


           EIGENVALUES FOR SAMPLE CORRELATION MATRIX
                  6             7             8             9            10
              ________      ________      ________      ________      ________
                0.904         0.787         0.659         0.605         0.576


           EIGENVALUES FOR SAMPLE CORRELATION MATRIX
                 11            12            13            14            15
              ________      ________      ________      ________      ________
                0.537         0.516         0.458         0.404         0.380


           EIGENVALUES FOR SAMPLE CORRELATION MATRIX
                 16            17            18            19            20
              ________      ________      ________      ________      ________
                0.347         0.319         0.279         0.243         0.171


           EIGENVALUES FOR SAMPLE CORRELATION MATRIX
                 21            22
              ________      ________
                0.146         0.065


EXPLORATORY FACTOR ANALYSIS WITH 4 FACTOR(S):


MODEL FIT INFORMATION

Number of Free Parameters                       82

Chi-Square Test of Model Fit

          Value                            341.353*
          Degrees of Freedom                   149
          P-Value                           0.0000

*   The chi-square value for MLM, MLMV, MLR, ULSMV, WLSM and WLSMV cannot be used
    for chi-square difference testing in the regular way.  MLM, MLR and WLSM
    chi-square difference testing is described on the Mplus website.  MLMV, WLSMV,
    and ULSMV difference testing is done using the DIFFTEST option.

RMSEA (Root Mean Square Error Of Approximation)

          Estimate                           0.054
          90 Percent C.I.                    0.046  0.061
          Probability RMSEA <= .05           0.210

CFI/TLI

          CFI                                0.970
          TLI                                0.954

Chi-Square Test of Model Fit for the Baseline Model

          Value                           6721.070
          Degrees of Freedom                   231
          P-Value                           0.0000

SRMR (Standardized Root Mean Square Residual)

          Value                              0.045



MINIMUM ROTATION FUNCTION VALUE       0.20962



           OBLIMIN ROTATED LOADINGS (* significant at 5% level)
                  1             2             3             4
              ________      ________      ________      ________
 PFC01         -0.060         0.529*       -0.142*        0.539*
 PFC02          0.214*        0.168*        0.426*       -0.015
 PFC03          0.007         0.934*        0.034        -0.042
 PFC04          0.918*        0.016        -0.067*       -0.057
 PFC05          0.248*        0.239*        0.152*        0.232*
 PFC07          0.438*        0.158*        0.279*       -0.116*
 PFC08          0.821*       -0.005        -0.032        -0.006
 PFC09          0.068         0.780*        0.061        -0.005
 PFC10         -0.088         0.118         0.121*        0.475*
 PFC11          0.356*       -0.054         0.215*        0.254*
 PFC12         -0.017        -0.043         0.918*       -0.028
 PFC13         -0.004        -0.106*        0.683*        0.185*
 PFC14          0.470*       -0.025         0.174*        0.263*
 PFC15          0.083        -0.004         0.245*        0.515*
 PFC16          0.078        -0.089         0.059         0.568*
 PFC17          0.063         0.268*        0.410*        0.123
 PFC18         -0.030         0.098*        0.936*       -0.082
 PFC19          0.122         0.042         0.531*        0.303*
 PFC20          0.116         0.121*        0.462*        0.163*
 PFC21          0.344*        0.003         0.287*        0.180*
 PFC22          0.387*        0.088         0.096         0.460*
 PFC23          0.398*        0.187*        0.235*        0.195*


           OBLIMIN FACTOR CORRELATIONS (* significant at 5% level)
                  1             2             3             4
              ________      ________      ________      ________
      1         1.000
      2         0.353*        1.000
      3         0.482*        0.350*        1.000
      4         0.371*        0.385*        0.381*        1.000


           ESTIMATED RESIDUAL VARIANCES
              PFC01         PFC02         PFC03         PFC04         PFC05
              ________      ________      ________      ________      ________
                0.336         0.591         0.130         0.236         0.590


           ESTIMATED RESIDUAL VARIANCES
              PFC07         PFC08         PFC09         PFC10         PFC11
              ________      ________      ________      ________      ________
                0.571         0.357         0.313         0.690         0.609


           ESTIMATED RESIDUAL VARIANCES
              PFC12         PFC13         PFC14         PFC15         PFC16
              ________      ________      ________      ________      ________
                0.214         0.460         0.490         0.523         0.644


           ESTIMATED RESIDUAL VARIANCES
              PFC17         PFC18         PFC19         PFC20         PFC21
              ________      ________      ________      ________      ________
                0.558         0.134         0.369         0.545         0.585


           ESTIMATED RESIDUAL VARIANCES
              PFC22         PFC23
              ________      ________
                0.358         0.419


           S.E. OBLIMIN ROTATED LOADINGS
                  1             2             3             4
              ________      ________      ________      ________
 PFC01          0.051         0.099         0.048         0.099
 PFC02          0.056         0.053         0.051         0.062
 PFC03          0.033         0.057         0.033         0.045
 PFC04          0.036         0.030         0.028         0.029
 PFC05          0.063         0.062         0.064         0.067
 PFC07          0.056         0.055         0.059         0.057
 PFC08          0.048         0.037         0.040         0.040
 PFC09          0.051         0.074         0.056         0.071
 PFC10          0.055         0.080         0.062         0.066
 PFC11          0.061         0.063         0.058         0.066
 PFC12          0.037         0.039         0.035         0.043
 PFC13          0.050         0.051         0.046         0.056
 PFC14          0.067         0.060         0.060         0.072
 PFC15          0.056         0.057         0.065         0.068
 PFC16          0.054         0.063         0.062         0.065
 PFC17          0.058         0.063         0.057         0.072
 PFC18          0.039         0.045         0.040         0.044
 PFC19          0.067         0.052         0.058         0.069
 PFC20          0.062         0.062         0.065         0.063
 PFC21          0.057         0.069         0.074         0.069
 PFC22          0.061         0.063         0.051         0.066
 PFC23          0.067         0.059         0.063         0.065


           S.E. OBLIMIN FACTOR CORRELATIONS
                  1             2             3             4
              ________      ________      ________      ________
      1         0.000
      2         0.055         0.000
      3         0.044         0.059         0.000
      4         0.051         0.056         0.052         0.000


           S.E. ESTIMATED RESIDUAL VARIANCES
              PFC01         PFC02         PFC03         PFC04         PFC05
              ________      ________      ________      ________      ________
                0.069         0.043         0.086         0.051         0.044


           S.E. ESTIMATED RESIDUAL VARIANCES
              PFC07         PFC08         PFC09         PFC10         PFC11
              ________      ________      ________      ________      ________
                0.042         0.050         0.078         0.046         0.043


           S.E. ESTIMATED RESIDUAL VARIANCES
              PFC12         PFC13         PFC14         PFC15         PFC16
              ________      ________      ________      ________      ________
                0.039         0.044         0.052         0.047         0.057


           S.E. ESTIMATED RESIDUAL VARIANCES
              PFC17         PFC18         PFC19         PFC20         PFC21
              ________      ________      ________      ________      ________
                0.046         0.052         0.045         0.050         0.053


           S.E. ESTIMATED RESIDUAL VARIANCES
              PFC22         PFC23
              ________      ________
                0.039         0.041


           Est./S.E. OBLIMIN ROTATED LOADINGS
                  1             2             3             4
              ________      ________      ________      ________
 PFC01         -1.193         5.357        -2.941         5.454
 PFC02          3.805         3.162         8.353        -0.242
 PFC03          0.207        16.349         1.018        -0.924
 PFC04         25.466         0.547        -2.414        -1.936
 PFC05          3.925         3.825         2.392         3.476
 PFC07          7.884         2.876         4.754        -2.043
 PFC08         17.162        -0.143        -0.797        -0.156
 PFC09          1.329        10.610         1.091        -0.066
 PFC10         -1.609         1.464         1.960         7.145
 PFC11          5.852        -0.860         3.693         3.818
 PFC12         -0.457        -1.103        26.145        -0.652
 PFC13         -0.079        -2.074        14.827         3.299
 PFC14          7.042        -0.408         2.908         3.664
 PFC15          1.475        -0.073         3.800         7.629
 PFC16          1.453        -1.415         0.957         8.781
 PFC17          1.093         4.252         7.225         1.698
 PFC18         -0.757         2.187        23.411        -1.871
 PFC19          1.827         0.794         9.234         4.413
 PFC20          1.865         1.968         7.096         2.591
 PFC21          6.075         0.050         3.866         2.617
 PFC22          6.324         1.400         1.877         6.999
 PFC23          5.976         3.151         3.752         2.989


           Est./S.E. OBLIMIN FACTOR CORRELATIONS
                  1             2             3             4
              ________      ________      ________      ________
      1         0.000
      2         6.458         0.000
      3        10.838         5.886         0.000
      4         7.304         6.896         7.275         0.000


           Est./S.E. ESTIMATED RESIDUAL VARIANCES
              PFC01         PFC02         PFC03         PFC04         PFC05
              ________      ________      ________      ________      ________
                4.856        13.796         1.512         4.651        13.253


           Est./S.E. ESTIMATED RESIDUAL VARIANCES
              PFC07         PFC08         PFC09         PFC10         PFC11
              ________      ________      ________      ________      ________
               13.588         7.124         4.030        14.922        14.179


           Est./S.E. ESTIMATED RESIDUAL VARIANCES
              PFC12         PFC13         PFC14         PFC15         PFC16
              ________      ________      ________      ________      ________
                5.474        10.533         9.368        11.141        11.232


           Est./S.E. ESTIMATED RESIDUAL VARIANCES
              PFC17         PFC18         PFC19         PFC20         PFC21
              ________      ________      ________      ________      ________
               12.114         2.566         8.147        10.806        10.947


           Est./S.E. ESTIMATED RESIDUAL VARIANCES
              PFC22         PFC23
              ________      ________
                9.153        10.134


           FACTOR STRUCTURE
                  1             2             3             4
              ________      ________      ________      ________
 PFC01          0.258         0.665         0.219         0.666
 PFC02          0.473         0.387         0.582         0.291
 PFC03          0.337         0.932         0.347         0.333
 PFC04          0.870         0.295         0.359         0.264
 PFC05          0.491         0.468         0.443         0.473
 PFC07          0.585         0.365         0.501         0.213
 PFC08          0.801         0.271         0.359         0.284
 PFC09          0.370         0.823         0.364         0.344
 PFC10          0.187         0.312         0.300         0.533
 PFC11          0.535         0.244         0.465         0.447
 PFC12          0.400         0.262         0.885         0.299
 PFC13          0.356         0.203         0.715         0.403
 PFC14          0.642         0.303         0.492         0.494
 PFC15          0.390         0.309         0.480         0.638
 PFC16          0.286         0.178         0.282         0.585
 PFC17          0.401         0.481         0.581         0.406
 PFC18          0.425         0.383         0.925         0.301
 PFC19          0.504         0.387         0.720         0.566
 PFC20          0.441         0.386         0.622         0.428
 PFC21          0.550         0.294         0.522         0.418
 PFC22          0.635         0.435         0.489         0.674
 PFC23          0.650         0.485         0.567         0.504


DIAGRAM INFORMATION

  Mplus diagrams are currently not available for EFA.
  No diagram output was produced.


     Beginning Time:  20:43:23
        Ending Time:  20:43:23
       Elapsed Time:  00:00:00



MUTHEN & MUTHEN
3463 Stoner Ave.
Los Angeles, CA  90066

Tel: (310) 391-9971
Fax: (310) 391-8971
Web: www.StatModel.com
Support: Support@StatModel.com

Copyright (c) 1998-2021 Muthen & Muthen
