Mplus VERSION 8.6
MUTHEN & MUTHEN
07/20/2023   3:13 PM

INPUT INSTRUCTIONS

  TITLE: CFA of PFC-S using WLSMV with missing data

  DATA: FILE IS "C:\Users\forev\Documents\NicolasCamacho\
  pfc_fa\paper\updated_process\data\pfc_final.dat";

  VARIABLE:
    NAMES ARE subid pfc01 pfc02 pfc03 pfc04 pfc05 pfc06
    pfc07 pfc08 pfc09 pfc10 pfc11 pfc12 pfc13
    pfc14 pfc15 pfc16 pfc17 pfc18 pfc19 pfc20
    pfc21 pfc22 pfc23;
    USEVARIABLES ARE pfc01 pfc02 pfc03 pfc04 pfc05 pfc06
    pfc07 pfc08 pfc09 pfc10 pfc11 pfc12 pfc13
    pfc14 pfc15 pfc16 pfc17 pfc18 pfc19 pfc20
    pfc21 pfc22 pfc23;
    CATEGORICAL ARE pfc01-pfc23;
    MISSING ARE ALL (99);

  ANALYSIS:
    ESTIMATOR IS WLSMV;
    ROTATION IS CF-VARIMAX;
    ITERATIONS = 1000;
    CONVERGENCE = 0.00005;

  MODEL:
    f1 BY pfc01* pfc02@1 pfc03-pfc23;

  OUTPUT: SAMPSTAT STDY STDYX;



INPUT READING TERMINATED NORMALLY



CFA of PFC-S using WLSMV with missing data

SUMMARY OF ANALYSIS

Number of groups                                                 1
Number of observations                                         450

Number of dependent variables                                   23
Number of independent variables                                  0
Number of continuous latent variables                            1

Observed dependent variables

  Binary and ordered categorical (ordinal)
   PFC01       PFC02       PFC03       PFC04       PFC05       PFC06
   PFC07       PFC08       PFC09       PFC10       PFC11       PFC12
   PFC13       PFC14       PFC15       PFC16       PFC17       PFC18
   PFC19       PFC20       PFC21       PFC22       PFC23

Continuous latent variables
   F1


Estimator                                                    WLSMV
Maximum number of iterations                                  1000
Convergence criterion                                    0.500D-04
Maximum number of steepest descent iterations                   20
Maximum number of iterations for H1                           2000
Convergence criterion for H1                             0.100D-03
Parameterization                                             DELTA
Link                                                        PROBIT

Input data file(s)
  C:\Users\forev\Documents\NicolasCamacho\pfc_fa\paper\updated_process\data\pfc_

Input data format  FREE


SUMMARY OF DATA

     Number of missing data patterns            10


COVARIANCE COVERAGE OF DATA

Minimum covariance coverage value   0.100


     PROPORTION OF DATA PRESENT


           Covariance Coverage
              PFC01         PFC02         PFC03         PFC04         PFC05
              ________      ________      ________      ________      ________
 PFC01          1.000
 PFC02          1.000         1.000
 PFC03          1.000         1.000         1.000
 PFC04          0.998         0.998         0.998         0.998
 PFC05          1.000         1.000         1.000         0.998         1.000
 PFC06          0.998         0.998         0.998         0.996         0.998
 PFC07          0.998         0.998         0.998         0.996         0.998
 PFC08          0.998         0.998         0.998         0.996         0.998
 PFC09          0.993         0.993         0.993         0.991         0.993
 PFC10          0.998         0.998         0.998         0.996         0.998
 PFC11          0.991         0.991         0.991         0.989         0.991
 PFC12          0.998         0.998         0.998         0.996         0.998
 PFC13          0.998         0.998         0.998         0.996         0.998
 PFC14          0.998         0.998         0.998         0.996         0.998
 PFC15          0.989         0.989         0.989         0.987         0.989
 PFC16          0.989         0.989         0.989         0.987         0.989
 PFC17          0.989         0.989         0.989         0.987         0.989
 PFC18          0.989         0.989         0.989         0.987         0.989
 PFC19          0.984         0.984         0.984         0.982         0.984
 PFC20          0.984         0.984         0.984         0.982         0.984
 PFC21          0.984         0.984         0.984         0.982         0.984
 PFC22          0.987         0.987         0.987         0.984         0.987
 PFC23          0.987         0.987         0.987         0.984         0.987


           Covariance Coverage
              PFC06         PFC07         PFC08         PFC09         PFC10
              ________      ________      ________      ________      ________
 PFC06          0.998
 PFC07          0.996         0.998
 PFC08          0.996         0.998         0.998
 PFC09          0.991         0.993         0.993         0.993
 PFC10          0.996         0.998         0.998         0.993         0.998
 PFC11          0.991         0.991         0.991         0.987         0.991
 PFC12          0.996         0.998         0.998         0.993         0.998
 PFC13          0.996         0.998         0.998         0.993         0.998
 PFC14          0.996         0.998         0.998         0.993         0.998
 PFC15          0.987         0.989         0.989         0.984         0.989
 PFC16          0.987         0.989         0.989         0.984         0.989
 PFC17          0.987         0.989         0.989         0.984         0.989
 PFC18          0.987         0.989         0.989         0.984         0.989
 PFC19          0.984         0.984         0.984         0.980         0.984
 PFC20          0.982         0.984         0.984         0.980         0.984
 PFC21          0.982         0.984         0.984         0.980         0.984
 PFC22          0.984         0.987         0.987         0.982         0.987
 PFC23          0.984         0.987         0.987         0.982         0.987


           Covariance Coverage
              PFC11         PFC12         PFC13         PFC14         PFC15
              ________      ________      ________      ________      ________
 PFC11          0.991
 PFC12          0.991         0.998
 PFC13          0.991         0.998         0.998
 PFC14          0.991         0.998         0.998         0.998
 PFC15          0.982         0.989         0.989         0.989         0.989
 PFC16          0.982         0.989         0.989         0.989         0.989
 PFC17          0.982         0.989         0.989         0.989         0.989
 PFC18          0.982         0.989         0.989         0.989         0.989
 PFC19          0.980         0.984         0.984         0.984         0.984
 PFC20          0.978         0.984         0.984         0.984         0.984
 PFC21          0.978         0.984         0.984         0.984         0.984
 PFC22          0.980         0.987         0.987         0.987         0.987
 PFC23          0.980         0.987         0.987         0.987         0.987


           Covariance Coverage
              PFC16         PFC17         PFC18         PFC19         PFC20
              ________      ________      ________      ________      ________
 PFC16          0.989
 PFC17          0.989         0.989
 PFC18          0.989         0.989         0.989
 PFC19          0.984         0.984         0.984         0.984
 PFC20          0.984         0.984         0.984         0.982         0.984
 PFC21          0.984         0.984         0.984         0.982         0.982
 PFC22          0.987         0.987         0.987         0.984         0.984
 PFC23          0.987         0.987         0.987         0.984         0.984


           Covariance Coverage
              PFC21         PFC22         PFC23
              ________      ________      ________
 PFC21          0.984
 PFC22          0.984         0.987
 PFC23          0.984         0.987         0.987


UNIVARIATE PROPORTIONS AND COUNTS FOR CATEGORICAL VARIABLES

    PFC01
      Category 1    0.738          332.000
      Category 2    0.213           96.000
      Category 3    0.042           19.000
      Category 4    0.007            3.000
    PFC02
      Category 1    0.293          132.000
      Category 2    0.531          239.000
      Category 3    0.142           64.000
      Category 4    0.024           11.000
      Category 5    0.009            4.000
    PFC03
      Category 1    0.740          333.000
      Category 2    0.242          109.000
      Category 3    0.018            8.000
    PFC04
      Category 1    0.218           98.000
      Category 2    0.445          200.000
      Category 3    0.254          114.000
      Category 4    0.065           29.000
      Category 5    0.018            8.000
    PFC05
      Category 1    0.602          271.000
      Category 2    0.311          140.000
      Category 3    0.058           26.000
      Category 4    0.016            7.000
      Category 5    0.013            6.000
    PFC06
      Category 1    0.463          208.000
      Category 2    0.363          163.000
      Category 3    0.096           43.000
      Category 4    0.047           21.000
      Category 5    0.031           14.000
    PFC07
      Category 1    0.109           49.000
      Category 2    0.363          163.000
      Category 3    0.376          169.000
      Category 4    0.114           51.000
      Category 5    0.038           17.000
    PFC08
      Category 1    0.323          145.000
      Category 2    0.450          202.000
      Category 3    0.167           75.000
      Category 4    0.045           20.000
      Category 5    0.016            7.000
    PFC09
      Category 1    0.848          379.000
      Category 2    0.136           61.000
      Category 3    0.013            6.000
      Category 4    0.002            1.000
    PFC10
      Category 1    0.225          101.000
      Category 2    0.486          218.000
      Category 3    0.227          102.000
      Category 4    0.038           17.000
      Category 5    0.024           11.000
    PFC11
      Category 1    0.460          205.000
      Category 2    0.363          162.000
      Category 3    0.132           59.000
      Category 4    0.036           16.000
      Category 5    0.009            4.000
    PFC12
      Category 1    0.590          265.000
      Category 2    0.318          143.000
      Category 3    0.067           30.000
      Category 4    0.018            8.000
      Category 5    0.007            3.000
    PFC13
      Category 1    0.550          247.000
      Category 2    0.312          140.000
      Category 3    0.109           49.000
      Category 4    0.020            9.000
      Category 5    0.009            4.000
    PFC14
      Category 1    0.722          324.000
      Category 2    0.185           83.000
      Category 3    0.053           24.000
      Category 4    0.024           11.000
      Category 5    0.016            7.000
    PFC15
      Category 1    0.609          271.000
      Category 2    0.263          117.000
      Category 3    0.054           24.000
      Category 4    0.020            9.000
      Category 5    0.054           24.000
    PFC16
      Category 1    0.425          189.000
      Category 2    0.369          164.000
      Category 3    0.171           76.000
      Category 4    0.018            8.000
      Category 5    0.018            8.000
    PFC17
      Category 1    0.604          269.000
      Category 2    0.333          148.000
      Category 3    0.058           26.000
      Category 4    0.004            2.000
    PFC18
      Category 1    0.802          357.000
      Category 2    0.146           65.000
      Category 3    0.031           14.000
      Category 4    0.020            9.000
    PFC19
      Category 1    0.700          310.000
      Category 2    0.183           81.000
      Category 3    0.088           39.000
      Category 4    0.023           10.000
      Category 5    0.007            3.000
    PFC20
      Category 1    0.695          308.000
      Category 2    0.185           82.000
      Category 3    0.086           38.000
      Category 4    0.029           13.000
      Category 5    0.005            2.000
    PFC21
      Category 1    0.797          353.000
      Category 2    0.126           56.000
      Category 3    0.050           22.000
      Category 4    0.020            9.000
      Category 5    0.007            3.000
    PFC22
      Category 1    0.572          254.000
      Category 2    0.320          142.000
      Category 3    0.088           39.000
      Category 4    0.016            7.000
      Category 5    0.005            2.000
    PFC23
      Category 1    0.628          279.000
      Category 2    0.191           85.000
      Category 3    0.117           52.000
      Category 4    0.047           21.000
      Category 5    0.016            7.000


SAMPLE STATISTICS


     ESTIMATED SAMPLE STATISTICS


           MEANS/INTERCEPTS/THRESHOLDS
              PFC01$1       PFC01$2       PFC01$3       PFC02$1       PFC02$2
              ________      ________      ________      ________      ________
                0.637         1.656         2.475        -0.544         0.932


           MEANS/INTERCEPTS/THRESHOLDS
              PFC02$3       PFC02$4       PFC03$1       PFC03$2       PFC04$1
              ________      ________      ________      ________      ________
                1.834         2.370         0.643         2.102        -0.778


           MEANS/INTERCEPTS/THRESHOLDS
              PFC04$2       PFC04$3       PFC04$4       PFC05$1       PFC05$2
              ________      ________      ________      ________      ________
                0.423         1.389         2.101         0.259         1.362


           MEANS/INTERCEPTS/THRESHOLDS
              PFC05$3       PFC05$4       PFC06$1       PFC06$2       PFC06$3
              ________      ________      ________      ________      ________
                1.897         2.216        -0.092         0.940         1.419


           MEANS/INTERCEPTS/THRESHOLDS
              PFC06$4       PFC07$1       PFC07$2       PFC07$3       PFC07$4
              ________      ________      ________      ________      ________
                1.864        -1.231        -0.070         1.030         1.776


           MEANS/INTERCEPTS/THRESHOLDS
              PFC08$1       PFC08$2       PFC08$3       PFC08$4       PFC09$1
              ________      ________      ________      ________      ________
               -0.459         0.748         1.554         2.155         1.027


           MEANS/INTERCEPTS/THRESHOLDS
              PFC09$2       PFC09$3       PFC10$1       PFC10$2       PFC10$3
              ________      ________      ________      ________      ________
                2.153         2.843        -0.756         0.555         1.535


           MEANS/INTERCEPTS/THRESHOLDS
              PFC10$4       PFC11$1       PFC11$2       PFC11$3       PFC11$4
              ________      ________      ________      ________      ________
                1.969        -0.101         0.926         1.697         2.367


           MEANS/INTERCEPTS/THRESHOLDS
              PFC12$1       PFC12$2       PFC12$3       PFC12$4       PFC13$1
              ________      ________      ________      ________      ________
                0.228         1.333         1.969         2.474         0.126


           MEANS/INTERCEPTS/THRESHOLDS
              PFC13$2       PFC13$3       PFC13$4       PFC14$1       PFC14$2
              ________      ________      ________      ________      ________
                1.089         1.896         2.369         0.588         1.319


           MEANS/INTERCEPTS/THRESHOLDS
              PFC14$3       PFC14$4       PFC15$1       PFC15$2       PFC15$3
              ________      ________      ________      ________      ________
                1.750         2.155         0.277         1.135         1.446


           MEANS/INTERCEPTS/THRESHOLDS
              PFC15$4       PFC16$1       PFC16$2       PFC16$3       PFC16$4
              ________      ________      ________      ________      ________
                1.608        -0.190         0.818         1.800         2.097


           MEANS/INTERCEPTS/THRESHOLDS
              PFC17$1       PFC17$2       PFC17$3       PFC18$1       PFC18$2
              ________      ________      ________      ________      ________
                0.265         1.531         2.612         0.850         1.629


           MEANS/INTERCEPTS/THRESHOLDS
              PFC18$3       PFC19$1       PFC19$2       PFC19$3       PFC19$4
              ________      ________      ________      ________      ________
                2.049         0.524         1.188         1.891         2.469


           MEANS/INTERCEPTS/THRESHOLDS
              PFC20$1       PFC20$2       PFC20$3       PFC20$4       PFC21$1
              ________      ________      ________      ________      ________
                0.511         1.177         1.827         2.611         0.830


           MEANS/INTERCEPTS/THRESHOLDS
              PFC21$2       PFC21$3       PFC21$4       PFC22$1       PFC22$2
              ________      ________      ________      ________      ________
                1.427         1.925         2.469         0.182         1.237


           MEANS/INTERCEPTS/THRESHOLDS
              PFC22$3       PFC22$4       PFC23$1       PFC23$2       PFC23$3
              ________      ________      ________      ________      ________
                2.048         2.612         0.328         0.915         1.530


           MEANS/INTERCEPTS/THRESHOLDS
              PFC23$4
              ________
                2.150


           CORRELATION MATRIX (WITH VARIANCES ON THE DIAGONAL)
              PFC01         PFC02         PFC03         PFC04         PFC05
              ________      ________      ________      ________      ________
 PFC01
 PFC02          0.232
 PFC03          0.569         0.353
 PFC04          0.232         0.354         0.299
 PFC05          0.452         0.475         0.387         0.419
 PFC06          0.252         0.359         0.264         0.373         0.344
 PFC07          0.159         0.491         0.329         0.452         0.376
 PFC08          0.244         0.336         0.239         0.728         0.401
 PFC09          0.562         0.240         0.792         0.327         0.364
 PFC10          0.504         0.286         0.221         0.111         0.341
 PFC11          0.283         0.337         0.258         0.418         0.283
 PFC12          0.225         0.491         0.261         0.333         0.338
 PFC13          0.198         0.381         0.214         0.259         0.340
 PFC14          0.210         0.362         0.340         0.566         0.344
 PFC15          0.355         0.296         0.290         0.322         0.401
 PFC16          0.293         0.163         0.219         0.231         0.290
 PFC17          0.323         0.420         0.480         0.320         0.437
 PFC18          0.275         0.507         0.339         0.387         0.327
 PFC19          0.337         0.496         0.386         0.377         0.455
 PFC20          0.259         0.410         0.406         0.331         0.399
 PFC21          0.197         0.356         0.252         0.431         0.367
 PFC22          0.530         0.394         0.396         0.487         0.450
 PFC23          0.425         0.472         0.404         0.455         0.476


           CORRELATION MATRIX (WITH VARIANCES ON THE DIAGONAL)
              PFC06         PFC07         PFC08         PFC09         PFC10
              ________      ________      ________      ________      ________
 PFC07          0.315
 PFC08          0.358         0.442
 PFC09          0.170         0.289         0.298
 PFC10          0.098         0.150         0.178         0.167
 PFC11          0.256         0.392         0.408         0.307         0.272
 PFC12          0.404         0.336         0.316         0.315         0.257
 PFC13          0.257         0.335         0.289         0.237         0.284
 PFC14          0.313         0.287         0.488         0.429         0.224
 PFC15          0.260         0.247         0.314         0.386         0.307
 PFC16          0.188         0.148         0.214         0.180         0.259
 PFC17          0.227         0.373         0.313         0.410         0.281
 PFC18          0.332         0.363         0.369         0.463         0.280
 PFC19          0.365         0.447         0.405         0.335         0.353
 PFC20          0.309         0.424         0.305         0.324         0.223
 PFC21          0.216         0.389         0.368         0.335         0.202
 PFC22          0.301         0.387         0.469         0.346         0.367
 PFC23          0.338         0.569         0.439         0.413         0.286


           CORRELATION MATRIX (WITH VARIANCES ON THE DIAGONAL)
              PFC11         PFC12         PFC13         PFC14         PFC15
              ________      ________      ________      ________      ________
 PFC12          0.419
 PFC13          0.402         0.647
 PFC14          0.504         0.472         0.431
 PFC15          0.335         0.401         0.442         0.466
 PFC16          0.350         0.174         0.241         0.312         0.489
 PFC17          0.257         0.466         0.438         0.379         0.415
 PFC18          0.371         0.837         0.617         0.420         0.420
 PFC19          0.438         0.586         0.567         0.457         0.514
 PFC20          0.367         0.488         0.440         0.308         0.419
 PFC21          0.448         0.391         0.354         0.493         0.360
 PFC22          0.463         0.424         0.369         0.623         0.504
 PFC23          0.455         0.437         0.405         0.445         0.381


           CORRELATION MATRIX (WITH VARIANCES ON THE DIAGONAL)
              PFC16         PFC17         PFC18         PFC19         PFC20
              ________      ________      ________      ________      ________
 PFC17          0.256
 PFC18          0.234         0.537
 PFC19          0.408         0.522         0.654
 PFC20          0.354         0.446         0.577         0.553
 PFC21          0.289         0.410         0.463         0.429         0.500
 PFC22          0.361         0.428         0.424         0.567         0.433
 PFC23          0.302         0.426         0.491         0.541         0.521


           CORRELATION MATRIX (WITH VARIANCES ON THE DIAGONAL)
              PFC21         PFC22         PFC23
              ________      ________      ________
 PFC22          0.494
 PFC23          0.523         0.670


THE MODEL ESTIMATION TERMINATED NORMALLY



MODEL FIT INFORMATION

Number of Free Parameters                      109

Chi-Square Test of Model Fit

          Value                           1149.981*
          Degrees of Freedom                   230
          P-Value                           0.0000

*   The chi-square value for MLM, MLMV, MLR, ULSMV, WLSM and WLSMV cannot be used
    for chi-square difference testing in the regular way.  MLM, MLR and WLSM
    chi-square difference testing is described on the Mplus website.  MLMV, WLSMV,
    and ULSMV difference testing is done using the DIFFTEST option.

RMSEA (Root Mean Square Error Of Approximation)

          Estimate                           0.094
          90 Percent C.I.                    0.089  0.100
          Probability RMSEA <= .05           0.000

CFI/TLI

          CFI                                0.863
          TLI                                0.849

Chi-Square Test of Model Fit for the Baseline Model

          Value                           6952.974
          Degrees of Freedom                   253
          P-Value                           0.0000

SRMR (Standardized Root Mean Square Residual)

          Value                              0.079

Optimum Function Value for Weighted Least-Squares Estimator

          Value                     0.11463671D+01



MODEL RESULTS

                                                    Two-Tailed
                    Estimate       S.E.  Est./S.E.    P-Value

 F1       BY
    PFC01              0.880      0.096      9.135      0.000
    PFC02              1.000      0.000    999.000    999.000
    PFC03              1.039      0.089     11.679      0.000
    PFC04              1.110      0.074     14.947      0.000
    PFC05              1.021      0.075     13.575      0.000
    PFC06              0.765      0.078      9.866      0.000
    PFC07              0.967      0.065     14.813      0.000
    PFC08              1.064      0.074     14.453      0.000
    PFC09              1.054      0.093     11.385      0.000
    PFC10              0.678      0.075      9.035      0.000
    PFC11              0.973      0.081     12.042      0.000
    PFC12              1.273      0.070     18.223      0.000
    PFC13              1.047      0.080     13.125      0.000
    PFC14              1.102      0.085     12.990      0.000
    PFC15              0.997      0.074     13.403      0.000
    PFC16              0.716      0.083      8.591      0.000
    PFC17              1.033      0.077     13.449      0.000
    PFC18              1.385      0.084     16.409      0.000
    PFC19              1.258      0.083     15.084      0.000
    PFC20              1.072      0.084     12.791      0.000
    PFC21              1.030      0.083     12.356      0.000
    PFC22              1.214      0.078     15.524      0.000
    PFC23              1.223      0.077     15.992      0.000

 Thresholds
    PFC01$1            0.637      0.064     10.001      0.000
    PFC01$2            1.656      0.100     16.500      0.000
    PFC01$3            2.475      0.206     12.041      0.000
    PFC02$1           -0.544      0.062     -8.717      0.000
    PFC02$2            0.932      0.069     13.429      0.000
    PFC02$3            1.834      0.114     16.088      0.000
    PFC02$4            2.370      0.184     12.880      0.000
    PFC03$1            0.643      0.064     10.092      0.000
    PFC03$2            2.102      0.142     14.780      0.000
    PFC04$1           -0.778      0.066    -11.764      0.000
    PFC04$2            0.423      0.061      6.915      0.000
    PFC04$3            1.389      0.085     16.273      0.000
    PFC04$4            2.101      0.142     14.769      0.000
    PFC05$1            0.259      0.060      4.332      0.000
    PFC05$2            1.362      0.084     16.209      0.000
    PFC05$3            1.897      0.120     15.846      0.000
    PFC05$4            2.216      0.158     14.025      0.000
    PFC06$1           -0.092      0.059     -1.557      0.119
    PFC06$2            0.940      0.070     13.483      0.000
    PFC06$3            1.419      0.087     16.349      0.000
    PFC06$4            1.864      0.117     15.962      0.000
    PFC07$1           -1.231      0.079    -15.643      0.000
    PFC07$2           -0.070      0.059     -1.180      0.238
    PFC07$3            1.030      0.072     14.290      0.000
    PFC07$4            1.776      0.109     16.248      0.000
    PFC08$1           -0.459      0.061     -7.475      0.000
    PFC08$2            0.748      0.066     11.410      0.000
    PFC08$3            1.554      0.094     16.525      0.000
    PFC08$4            2.155      0.149     14.428      0.000
    PFC09$1            1.027      0.072     14.234      0.000
    PFC09$2            2.153      0.149     14.407      0.000
    PFC09$3            2.843      0.318      8.928      0.000
    PFC10$1           -0.756      0.066    -11.499      0.000
    PFC10$2            0.555      0.063      8.865      0.000
    PFC10$3            1.535      0.093     16.517      0.000
    PFC10$4            1.969      0.127     15.505      0.000
    PFC11$1           -0.101      0.059     -1.704      0.088
    PFC11$2            0.926      0.070     13.311      0.000
    PFC11$3            1.697      0.104     16.368      0.000
    PFC11$4            2.367      0.184     12.848      0.000
    PFC12$1            0.228      0.060      3.819      0.000
    PFC12$2            1.333      0.083     16.092      0.000
    PFC12$3            1.969      0.127     15.505      0.000
    PFC12$4            2.474      0.206     12.034      0.000
    PFC13$1            0.126      0.059      2.123      0.034
    PFC13$2            1.089      0.074     14.748      0.000
    PFC13$3            1.896      0.120     15.833      0.000
    PFC13$4            2.369      0.184     12.872      0.000
    PFC14$1            0.588      0.063      9.325      0.000
    PFC14$2            1.319      0.082     16.042      0.000
    PFC14$3            1.750      0.107     16.316      0.000
    PFC14$4            2.155      0.149     14.428      0.000
    PFC15$1            0.277      0.060      4.593      0.000
    PFC15$2            1.135      0.076     15.007      0.000
    PFC15$3            1.446      0.089     16.332      0.000
    PFC15$4            1.608      0.098     16.447      0.000
    PFC16$1           -0.190      0.060     -3.174      0.002
    PFC16$2            0.818      0.067     12.164      0.000
    PFC16$3            1.800      0.112     16.108      0.000
    PFC16$4            2.097      0.142     14.726      0.000
    PFC17$1            0.265      0.060      4.404      0.000
    PFC17$2            1.531      0.093     16.440      0.000
    PFC17$3            2.612      0.241     10.833      0.000
    PFC18$1            0.850      0.068     12.513      0.000
    PFC18$2            1.629      0.099     16.434      0.000
    PFC18$3            2.049      0.137     15.010      0.000
    PFC19$1            0.524      0.063      8.365      0.000
    PFC19$2            1.188      0.078     15.302      0.000
    PFC19$3            1.891      0.120     15.751      0.000
    PFC19$4            2.469      0.206     11.992      0.000
    PFC20$1            0.511      0.062      8.179      0.000
    PFC20$2            1.177      0.077     15.235      0.000
    PFC20$3            1.827      0.114     15.986      0.000
    PFC20$4            2.611      0.241     10.821      0.000
    PFC21$1            0.830      0.068     12.276      0.000
    PFC21$2            1.427      0.088     16.258      0.000
    PFC21$3            1.925      0.123     15.602      0.000
    PFC21$4            2.469      0.206     11.992      0.000
    PFC22$1            0.182      0.060      3.036      0.002
    PFC22$2            1.237      0.079     15.584      0.000
    PFC22$3            2.048      0.137     14.998      0.000
    PFC22$4            2.612      0.241     10.827      0.000
    PFC23$1            0.328      0.061      5.401      0.000
    PFC23$2            0.915      0.069     13.167      0.000
    PFC23$3            1.530      0.093     16.421      0.000
    PFC23$4            2.150      0.150     14.376      0.000

 Variances
    F1                 0.367      0.039      9.513      0.000


QUALITY OF NUMERICAL RESULTS

     Condition Number for the Information Matrix              0.156E-03
       (ratio of smallest to largest eigenvalue)


STANDARDIZED MODEL RESULTS


STDYX Standardization

                                                    Two-Tailed
                    Estimate       S.E.  Est./S.E.    P-Value

 F1       BY
    PFC01              0.533      0.047     11.382      0.000
    PFC02              0.605      0.032     19.027      0.000
    PFC03              0.629      0.042     15.080      0.000
    PFC04              0.672      0.029     23.271      0.000
    PFC05              0.618      0.035     17.667      0.000
    PFC06              0.463      0.043     10.746      0.000
    PFC07              0.585      0.031     18.958      0.000
    PFC08              0.644      0.030     21.320      0.000
    PFC09              0.638      0.045     14.093      0.000
    PFC10              0.410      0.041     10.086      0.000
    PFC11              0.589      0.035     16.728      0.000
    PFC12              0.771      0.023     33.753      0.000
    PFC13              0.634      0.035     17.951      0.000
    PFC14              0.667      0.039     17.297      0.000
    PFC15              0.604      0.034     17.737      0.000
    PFC16              0.433      0.041     10.522      0.000
    PFC17              0.625      0.036     17.597      0.000
    PFC18              0.839      0.031     26.908      0.000
    PFC19              0.762      0.029     26.626      0.000
    PFC20              0.649      0.038     17.243      0.000
    PFC21              0.624      0.042     14.733      0.000
    PFC22              0.735      0.028     25.795      0.000
    PFC23              0.741      0.028     26.271      0.000

 Thresholds
    PFC01$1            0.637      0.064     10.001      0.000
    PFC01$2            1.656      0.100     16.500      0.000
    PFC01$3            2.475      0.206     12.041      0.000
    PFC02$1           -0.544      0.062     -8.717      0.000
    PFC02$2            0.932      0.069     13.429      0.000
    PFC02$3            1.834      0.114     16.088      0.000
    PFC02$4            2.370      0.184     12.880      0.000
    PFC03$1            0.643      0.064     10.092      0.000
    PFC03$2            2.102      0.142     14.780      0.000
    PFC04$1           -0.778      0.066    -11.764      0.000
    PFC04$2            0.423      0.061      6.915      0.000
    PFC04$3            1.389      0.085     16.273      0.000
    PFC04$4            2.101      0.142     14.769      0.000
    PFC05$1            0.259      0.060      4.332      0.000
    PFC05$2            1.362      0.084     16.209      0.000
    PFC05$3            1.897      0.120     15.846      0.000
    PFC05$4            2.216      0.158     14.025      0.000
    PFC06$1           -0.092      0.059     -1.557      0.119
    PFC06$2            0.940      0.070     13.483      0.000
    PFC06$3            1.419      0.087     16.349      0.000
    PFC06$4            1.864      0.117     15.962      0.000
    PFC07$1           -1.231      0.079    -15.643      0.000
    PFC07$2           -0.070      0.059     -1.180      0.238
    PFC07$3            1.030      0.072     14.290      0.000
    PFC07$4            1.776      0.109     16.248      0.000
    PFC08$1           -0.459      0.061     -7.475      0.000
    PFC08$2            0.748      0.066     11.410      0.000
    PFC08$3            1.554      0.094     16.525      0.000
    PFC08$4            2.155      0.149     14.428      0.000
    PFC09$1            1.027      0.072     14.234      0.000
    PFC09$2            2.153      0.149     14.407      0.000
    PFC09$3            2.843      0.318      8.928      0.000
    PFC10$1           -0.756      0.066    -11.499      0.000
    PFC10$2            0.555      0.063      8.865      0.000
    PFC10$3            1.535      0.093     16.517      0.000
    PFC10$4            1.969      0.127     15.505      0.000
    PFC11$1           -0.101      0.059     -1.704      0.088
    PFC11$2            0.926      0.070     13.311      0.000
    PFC11$3            1.697      0.104     16.368      0.000
    PFC11$4            2.367      0.184     12.848      0.000
    PFC12$1            0.228      0.060      3.819      0.000
    PFC12$2            1.333      0.083     16.092      0.000
    PFC12$3            1.969      0.127     15.505      0.000
    PFC12$4            2.474      0.206     12.034      0.000
    PFC13$1            0.126      0.059      2.123      0.034
    PFC13$2            1.089      0.074     14.748      0.000
    PFC13$3            1.896      0.120     15.833      0.000
    PFC13$4            2.369      0.184     12.872      0.000
    PFC14$1            0.588      0.063      9.325      0.000
    PFC14$2            1.319      0.082     16.042      0.000
    PFC14$3            1.750      0.107     16.316      0.000
    PFC14$4            2.155      0.149     14.428      0.000
    PFC15$1            0.277      0.060      4.593      0.000
    PFC15$2            1.135      0.076     15.007      0.000
    PFC15$3            1.446      0.089     16.332      0.000
    PFC15$4            1.608      0.098     16.447      0.000
    PFC16$1           -0.190      0.060     -3.174      0.002
    PFC16$2            0.818      0.067     12.164      0.000
    PFC16$3            1.800      0.112     16.108      0.000
    PFC16$4            2.097      0.142     14.726      0.000
    PFC17$1            0.265      0.060      4.404      0.000
    PFC17$2            1.531      0.093     16.440      0.000
    PFC17$3            2.612      0.241     10.833      0.000
    PFC18$1            0.850      0.068     12.513      0.000
    PFC18$2            1.629      0.099     16.434      0.000
    PFC18$3            2.049      0.137     15.010      0.000
    PFC19$1            0.524      0.063      8.365      0.000
    PFC19$2            1.188      0.078     15.302      0.000
    PFC19$3            1.891      0.120     15.751      0.000
    PFC19$4            2.469      0.206     11.992      0.000
    PFC20$1            0.511      0.062      8.179      0.000
    PFC20$2            1.177      0.077     15.235      0.000
    PFC20$3            1.827      0.114     15.986      0.000
    PFC20$4            2.611      0.241     10.821      0.000
    PFC21$1            0.830      0.068     12.276      0.000
    PFC21$2            1.427      0.088     16.258      0.000
    PFC21$3            1.925      0.123     15.602      0.000
    PFC21$4            2.469      0.206     11.992      0.000
    PFC22$1            0.182      0.060      3.036      0.002
    PFC22$2            1.237      0.079     15.584      0.000
    PFC22$3            2.048      0.137     14.998      0.000
    PFC22$4            2.612      0.241     10.827      0.000
    PFC23$1            0.328      0.061      5.401      0.000
    PFC23$2            0.915      0.069     13.167      0.000
    PFC23$3            1.530      0.093     16.421      0.000
    PFC23$4            2.150      0.150     14.376      0.000

 Variances
    F1                 1.000      0.000    999.000    999.000


STDY Standardization

                                                    Two-Tailed
                    Estimate       S.E.  Est./S.E.    P-Value

 F1       BY
    PFC01              0.533      0.047     11.382      0.000
    PFC02              0.605      0.032     19.027      0.000
    PFC03              0.629      0.042     15.080      0.000
    PFC04              0.672      0.029     23.271      0.000
    PFC05              0.618      0.035     17.667      0.000
    PFC06              0.463      0.043     10.746      0.000
    PFC07              0.585      0.031     18.958      0.000
    PFC08              0.644      0.030     21.320      0.000
    PFC09              0.638      0.045     14.093      0.000
    PFC10              0.410      0.041     10.086      0.000
    PFC11              0.589      0.035     16.728      0.000
    PFC12              0.771      0.023     33.753      0.000
    PFC13              0.634      0.035     17.951      0.000
    PFC14              0.667      0.039     17.297      0.000
    PFC15              0.604      0.034     17.737      0.000
    PFC16              0.433      0.041     10.522      0.000
    PFC17              0.625      0.036     17.597      0.000
    PFC18              0.839      0.031     26.908      0.000
    PFC19              0.762      0.029     26.626      0.000
    PFC20              0.649      0.038     17.243      0.000
    PFC21              0.624      0.042     14.733      0.000
    PFC22              0.735      0.028     25.795      0.000
    PFC23              0.741      0.028     26.271      0.000

 Thresholds
    PFC01$1            0.637      0.064     10.001      0.000
    PFC01$2            1.656      0.100     16.500      0.000
    PFC01$3            2.475      0.206     12.041      0.000
    PFC02$1           -0.544      0.062     -8.717      0.000
    PFC02$2            0.932      0.069     13.429      0.000
    PFC02$3            1.834      0.114     16.088      0.000
    PFC02$4            2.370      0.184     12.880      0.000
    PFC03$1            0.643      0.064     10.092      0.000
    PFC03$2            2.102      0.142     14.780      0.000
    PFC04$1           -0.778      0.066    -11.764      0.000
    PFC04$2            0.423      0.061      6.915      0.000
    PFC04$3            1.389      0.085     16.273      0.000
    PFC04$4            2.101      0.142     14.769      0.000
    PFC05$1            0.259      0.060      4.332      0.000
    PFC05$2            1.362      0.084     16.209      0.000
    PFC05$3            1.897      0.120     15.846      0.000
    PFC05$4            2.216      0.158     14.025      0.000
    PFC06$1           -0.092      0.059     -1.557      0.119
    PFC06$2            0.940      0.070     13.483      0.000
    PFC06$3            1.419      0.087     16.349      0.000
    PFC06$4            1.864      0.117     15.962      0.000
    PFC07$1           -1.231      0.079    -15.643      0.000
    PFC07$2           -0.070      0.059     -1.180      0.238
    PFC07$3            1.030      0.072     14.290      0.000
    PFC07$4            1.776      0.109     16.248      0.000
    PFC08$1           -0.459      0.061     -7.475      0.000
    PFC08$2            0.748      0.066     11.410      0.000
    PFC08$3            1.554      0.094     16.525      0.000
    PFC08$4            2.155      0.149     14.428      0.000
    PFC09$1            1.027      0.072     14.234      0.000
    PFC09$2            2.153      0.149     14.407      0.000
    PFC09$3            2.843      0.318      8.928      0.000
    PFC10$1           -0.756      0.066    -11.499      0.000
    PFC10$2            0.555      0.063      8.865      0.000
    PFC10$3            1.535      0.093     16.517      0.000
    PFC10$4            1.969      0.127     15.505      0.000
    PFC11$1           -0.101      0.059     -1.704      0.088
    PFC11$2            0.926      0.070     13.311      0.000
    PFC11$3            1.697      0.104     16.368      0.000
    PFC11$4            2.367      0.184     12.848      0.000
    PFC12$1            0.228      0.060      3.819      0.000
    PFC12$2            1.333      0.083     16.092      0.000
    PFC12$3            1.969      0.127     15.505      0.000
    PFC12$4            2.474      0.206     12.034      0.000
    PFC13$1            0.126      0.059      2.123      0.034
    PFC13$2            1.089      0.074     14.748      0.000
    PFC13$3            1.896      0.120     15.833      0.000
    PFC13$4            2.369      0.184     12.872      0.000
    PFC14$1            0.588      0.063      9.325      0.000
    PFC14$2            1.319      0.082     16.042      0.000
    PFC14$3            1.750      0.107     16.316      0.000
    PFC14$4            2.155      0.149     14.428      0.000
    PFC15$1            0.277      0.060      4.593      0.000
    PFC15$2            1.135      0.076     15.007      0.000
    PFC15$3            1.446      0.089     16.332      0.000
    PFC15$4            1.608      0.098     16.447      0.000
    PFC16$1           -0.190      0.060     -3.174      0.002
    PFC16$2            0.818      0.067     12.164      0.000
    PFC16$3            1.800      0.112     16.108      0.000
    PFC16$4            2.097      0.142     14.726      0.000
    PFC17$1            0.265      0.060      4.404      0.000
    PFC17$2            1.531      0.093     16.440      0.000
    PFC17$3            2.612      0.241     10.833      0.000
    PFC18$1            0.850      0.068     12.513      0.000
    PFC18$2            1.629      0.099     16.434      0.000
    PFC18$3            2.049      0.137     15.010      0.000
    PFC19$1            0.524      0.063      8.365      0.000
    PFC19$2            1.188      0.078     15.302      0.000
    PFC19$3            1.891      0.120     15.751      0.000
    PFC19$4            2.469      0.206     11.992      0.000
    PFC20$1            0.511      0.062      8.179      0.000
    PFC20$2            1.177      0.077     15.235      0.000
    PFC20$3            1.827      0.114     15.986      0.000
    PFC20$4            2.611      0.241     10.821      0.000
    PFC21$1            0.830      0.068     12.276      0.000
    PFC21$2            1.427      0.088     16.258      0.000
    PFC21$3            1.925      0.123     15.602      0.000
    PFC21$4            2.469      0.206     11.992      0.000
    PFC22$1            0.182      0.060      3.036      0.002
    PFC22$2            1.237      0.079     15.584      0.000
    PFC22$3            2.048      0.137     14.998      0.000
    PFC22$4            2.612      0.241     10.827      0.000
    PFC23$1            0.328      0.061      5.401      0.000
    PFC23$2            0.915      0.069     13.167      0.000
    PFC23$3            1.530      0.093     16.421      0.000
    PFC23$4            2.150      0.150     14.376      0.000

 Variances
    F1                 1.000      0.000    999.000    999.000


R-SQUARE

    Observed                                        Two-Tailed   Residual
    Variable        Estimate       S.E.  Est./S.E.    P-Value    Variance

    PFC01              0.284      0.050      5.691      0.000      0.716
    PFC02              0.367      0.039      9.513      0.000      0.633
    PFC03              0.395      0.052      7.540      0.000      0.605
    PFC04              0.452      0.039     11.636      0.000      0.548
    PFC05              0.382      0.043      8.834      0.000      0.618
    PFC06              0.215      0.040      5.373      0.000      0.785
    PFC07              0.343      0.036      9.479      0.000      0.657
    PFC08              0.415      0.039     10.660      0.000      0.585
    PFC09              0.407      0.058      7.047      0.000      0.593
    PFC10              0.168      0.033      5.043      0.000      0.832
    PFC11              0.347      0.041      8.364      0.000      0.653
    PFC12              0.594      0.035     16.877      0.000      0.406
    PFC13              0.402      0.045      8.976      0.000      0.598
    PFC14              0.445      0.051      8.648      0.000      0.555
    PFC15              0.365      0.041      8.868      0.000      0.635
    PFC16              0.188      0.036      5.261      0.000      0.812
    PFC17              0.391      0.044      8.799      0.000      0.609
    PFC18              0.704      0.052     13.454      0.000      0.296
    PFC19              0.580      0.044     13.313      0.000      0.420
    PFC20              0.421      0.049      8.621      0.000      0.579
    PFC21              0.389      0.053      7.367      0.000      0.611
    PFC22              0.540      0.042     12.898      0.000      0.460
    PFC23              0.549      0.042     13.136      0.000      0.451


DIAGRAM INFORMATION

  Use View Diagram under the Diagram menu in the Mplus Editor to view the diagram.
  If running Mplus from the Mplus Diagrammer, the diagram opens automatically.

  Diagram output
    c:\users\forev\documents\nicolascamacho\pfc_fa\paper\updated_process\code\mplus\cfa_wlsmv_1_allvars.dgm

     Beginning Time:  15:13:47
        Ending Time:  15:13:47
       Elapsed Time:  00:00:00



MUTHEN & MUTHEN
3463 Stoner Ave.
Los Angeles, CA  90066

Tel: (310) 391-9971
Fax: (310) 391-8971
Web: www.StatModel.com
Support: Support@StatModel.com

Copyright (c) 1998-2021 Muthen & Muthen
