Mplus VERSION 8.6
MUTHEN & MUTHEN
08/10/2023  12:32 PM

INPUT INSTRUCTIONS

  TITLE: EFA of PFC using WLSMV with missing data

  DATA: FILE IS "C:\Users\forev\Documents\NicolasCamacho\
  pfc_fa\paper\updated_process\data\pfc_final.dat";

  VARIABLE:
    NAMES ARE subid pfc01 pfc02 pfc03 pfc04 pfc05 pfc06
    pfc07 pfc08 pfc09 pfc10 pfc11 pfc12 pfc13
    pfc14 pfc15 pfc16 pfc17 pfc18 pfc19 pfc20
    pfc21 pfc22 pfc23;
    USEVARIABLES ARE pfc01 pfc02 pfc03 pfc04 pfc05 pfc06
    pfc07 pfc08 pfc09 pfc10 pfc11 pfc12 pfc13
    pfc14 pfc15 pfc16 pfc17 pfc18 pfc19 pfc20
    pfc21 pfc22 pfc23;
    CATEGORICAL ARE pfc01-pfc23;
    MISSING ARE ALL (99);

  ANALYSIS:
    TYPE IS EFA 2 4;
    ESTIMATOR IS WLSMV;
    ROTATION IS CF-VARIMAX (OBLIQUE);
    ITERATIONS = 1000;
    CONVERGENCE = 0.00005;

  OUTPUT: SAMPSTAT;



INPUT READING TERMINATED NORMALLY



EFA of PFC using WLSMV with missing data

SUMMARY OF ANALYSIS

Number of groups                                                 1
Number of observations                                         450

Number of dependent variables                                   23
Number of independent variables                                  0
Number of continuous latent variables                            0

Observed dependent variables

  Binary and ordered categorical (ordinal)
   PFC01       PFC02       PFC03       PFC04       PFC05       PFC06
   PFC07       PFC08       PFC09       PFC10       PFC11       PFC12
   PFC13       PFC14       PFC15       PFC16       PFC17       PFC18
   PFC19       PFC20       PFC21       PFC22       PFC23


Estimator                                                    WLSMV
Rotation                                                CF-VARIMAX
Row standardization                                    CORRELATION
Type of rotation                                           OBLIQUE
Maximum number of iterations                                  1000
Convergence criterion                                    0.500D-04
Maximum number of steepest descent iterations                   20
Maximum number of iterations for H1                           2000
Convergence criterion for H1                             0.100D-03
Optimization Specifications for the Exploratory Factor Analysis
Rotation Algorithm
  Number of random starts                                       30
  Maximum number of iterations                               10000
  Derivative convergence criterion                       0.100D-04
Link                                                        PROBIT

Input data file(s)
  C:\Users\forev\Documents\NicolasCamacho\pfc_fa\paper\updated_process\data\pfc_

Input data format  FREE


SUMMARY OF DATA

     Number of missing data patterns            10


COVARIANCE COVERAGE OF DATA

Minimum covariance coverage value   0.100


     PROPORTION OF DATA PRESENT


           Covariance Coverage
              PFC01         PFC02         PFC03         PFC04         PFC05
              ________      ________      ________      ________      ________
 PFC01          1.000
 PFC02          1.000         1.000
 PFC03          1.000         1.000         1.000
 PFC04          0.998         0.998         0.998         0.998
 PFC05          1.000         1.000         1.000         0.998         1.000
 PFC06          0.998         0.998         0.998         0.996         0.998
 PFC07          0.998         0.998         0.998         0.996         0.998
 PFC08          0.998         0.998         0.998         0.996         0.998
 PFC09          0.993         0.993         0.993         0.991         0.993
 PFC10          0.998         0.998         0.998         0.996         0.998
 PFC11          0.991         0.991         0.991         0.989         0.991
 PFC12          0.998         0.998         0.998         0.996         0.998
 PFC13          0.998         0.998         0.998         0.996         0.998
 PFC14          0.998         0.998         0.998         0.996         0.998
 PFC15          0.989         0.989         0.989         0.987         0.989
 PFC16          0.989         0.989         0.989         0.987         0.989
 PFC17          0.989         0.989         0.989         0.987         0.989
 PFC18          0.989         0.989         0.989         0.987         0.989
 PFC19          0.984         0.984         0.984         0.982         0.984
 PFC20          0.984         0.984         0.984         0.982         0.984
 PFC21          0.984         0.984         0.984         0.982         0.984
 PFC22          0.987         0.987         0.987         0.984         0.987
 PFC23          0.987         0.987         0.987         0.984         0.987


           Covariance Coverage
              PFC06         PFC07         PFC08         PFC09         PFC10
              ________      ________      ________      ________      ________
 PFC06          0.998
 PFC07          0.996         0.998
 PFC08          0.996         0.998         0.998
 PFC09          0.991         0.993         0.993         0.993
 PFC10          0.996         0.998         0.998         0.993         0.998
 PFC11          0.991         0.991         0.991         0.987         0.991
 PFC12          0.996         0.998         0.998         0.993         0.998
 PFC13          0.996         0.998         0.998         0.993         0.998
 PFC14          0.996         0.998         0.998         0.993         0.998
 PFC15          0.987         0.989         0.989         0.984         0.989
 PFC16          0.987         0.989         0.989         0.984         0.989
 PFC17          0.987         0.989         0.989         0.984         0.989
 PFC18          0.987         0.989         0.989         0.984         0.989
 PFC19          0.984         0.984         0.984         0.980         0.984
 PFC20          0.982         0.984         0.984         0.980         0.984
 PFC21          0.982         0.984         0.984         0.980         0.984
 PFC22          0.984         0.987         0.987         0.982         0.987
 PFC23          0.984         0.987         0.987         0.982         0.987


           Covariance Coverage
              PFC11         PFC12         PFC13         PFC14         PFC15
              ________      ________      ________      ________      ________
 PFC11          0.991
 PFC12          0.991         0.998
 PFC13          0.991         0.998         0.998
 PFC14          0.991         0.998         0.998         0.998
 PFC15          0.982         0.989         0.989         0.989         0.989
 PFC16          0.982         0.989         0.989         0.989         0.989
 PFC17          0.982         0.989         0.989         0.989         0.989
 PFC18          0.982         0.989         0.989         0.989         0.989
 PFC19          0.980         0.984         0.984         0.984         0.984
 PFC20          0.978         0.984         0.984         0.984         0.984
 PFC21          0.978         0.984         0.984         0.984         0.984
 PFC22          0.980         0.987         0.987         0.987         0.987
 PFC23          0.980         0.987         0.987         0.987         0.987


           Covariance Coverage
              PFC16         PFC17         PFC18         PFC19         PFC20
              ________      ________      ________      ________      ________
 PFC16          0.989
 PFC17          0.989         0.989
 PFC18          0.989         0.989         0.989
 PFC19          0.984         0.984         0.984         0.984
 PFC20          0.984         0.984         0.984         0.982         0.984
 PFC21          0.984         0.984         0.984         0.982         0.982
 PFC22          0.987         0.987         0.987         0.984         0.984
 PFC23          0.987         0.987         0.987         0.984         0.984


           Covariance Coverage
              PFC21         PFC22         PFC23
              ________      ________      ________
 PFC21          0.984
 PFC22          0.984         0.987
 PFC23          0.984         0.987         0.987


UNIVARIATE PROPORTIONS AND COUNTS FOR CATEGORICAL VARIABLES

    PFC01
      Category 1    0.738          332.000
      Category 2    0.213           96.000
      Category 3    0.042           19.000
      Category 4    0.007            3.000
    PFC02
      Category 1    0.293          132.000
      Category 2    0.531          239.000
      Category 3    0.142           64.000
      Category 4    0.024           11.000
      Category 5    0.009            4.000
    PFC03
      Category 1    0.740          333.000
      Category 2    0.242          109.000
      Category 3    0.018            8.000
    PFC04
      Category 1    0.218           98.000
      Category 2    0.445          200.000
      Category 3    0.254          114.000
      Category 4    0.065           29.000
      Category 5    0.018            8.000
    PFC05
      Category 1    0.602          271.000
      Category 2    0.311          140.000
      Category 3    0.058           26.000
      Category 4    0.016            7.000
      Category 5    0.013            6.000
    PFC06
      Category 1    0.463          208.000
      Category 2    0.363          163.000
      Category 3    0.096           43.000
      Category 4    0.047           21.000
      Category 5    0.031           14.000
    PFC07
      Category 1    0.109           49.000
      Category 2    0.363          163.000
      Category 3    0.376          169.000
      Category 4    0.114           51.000
      Category 5    0.038           17.000
    PFC08
      Category 1    0.323          145.000
      Category 2    0.450          202.000
      Category 3    0.167           75.000
      Category 4    0.045           20.000
      Category 5    0.016            7.000
    PFC09
      Category 1    0.848          379.000
      Category 2    0.136           61.000
      Category 3    0.013            6.000
      Category 4    0.002            1.000
    PFC10
      Category 1    0.225          101.000
      Category 2    0.486          218.000
      Category 3    0.227          102.000
      Category 4    0.038           17.000
      Category 5    0.024           11.000
    PFC11
      Category 1    0.460          205.000
      Category 2    0.363          162.000
      Category 3    0.132           59.000
      Category 4    0.036           16.000
      Category 5    0.009            4.000
    PFC12
      Category 1    0.590          265.000
      Category 2    0.318          143.000
      Category 3    0.067           30.000
      Category 4    0.018            8.000
      Category 5    0.007            3.000
    PFC13
      Category 1    0.550          247.000
      Category 2    0.312          140.000
      Category 3    0.109           49.000
      Category 4    0.020            9.000
      Category 5    0.009            4.000
    PFC14
      Category 1    0.722          324.000
      Category 2    0.185           83.000
      Category 3    0.053           24.000
      Category 4    0.024           11.000
      Category 5    0.016            7.000
    PFC15
      Category 1    0.609          271.000
      Category 2    0.263          117.000
      Category 3    0.054           24.000
      Category 4    0.020            9.000
      Category 5    0.054           24.000
    PFC16
      Category 1    0.425          189.000
      Category 2    0.369          164.000
      Category 3    0.171           76.000
      Category 4    0.018            8.000
      Category 5    0.018            8.000
    PFC17
      Category 1    0.604          269.000
      Category 2    0.333          148.000
      Category 3    0.058           26.000
      Category 4    0.004            2.000
    PFC18
      Category 1    0.802          357.000
      Category 2    0.146           65.000
      Category 3    0.031           14.000
      Category 4    0.020            9.000
    PFC19
      Category 1    0.700          310.000
      Category 2    0.183           81.000
      Category 3    0.088           39.000
      Category 4    0.023           10.000
      Category 5    0.007            3.000
    PFC20
      Category 1    0.695          308.000
      Category 2    0.185           82.000
      Category 3    0.086           38.000
      Category 4    0.029           13.000
      Category 5    0.005            2.000
    PFC21
      Category 1    0.797          353.000
      Category 2    0.126           56.000
      Category 3    0.050           22.000
      Category 4    0.020            9.000
      Category 5    0.007            3.000
    PFC22
      Category 1    0.572          254.000
      Category 2    0.320          142.000
      Category 3    0.088           39.000
      Category 4    0.016            7.000
      Category 5    0.005            2.000
    PFC23
      Category 1    0.628          279.000
      Category 2    0.191           85.000
      Category 3    0.117           52.000
      Category 4    0.047           21.000
      Category 5    0.016            7.000


SAMPLE STATISTICS


     ESTIMATED SAMPLE STATISTICS


           MEANS/INTERCEPTS/THRESHOLDS
              PFC01$1       PFC01$2       PFC01$3       PFC02$1       PFC02$2
              ________      ________      ________      ________      ________
                0.637         1.656         2.475        -0.544         0.932


           MEANS/INTERCEPTS/THRESHOLDS
              PFC02$3       PFC02$4       PFC03$1       PFC03$2       PFC04$1
              ________      ________      ________      ________      ________
                1.834         2.370         0.643         2.102        -0.778


           MEANS/INTERCEPTS/THRESHOLDS
              PFC04$2       PFC04$3       PFC04$4       PFC05$1       PFC05$2
              ________      ________      ________      ________      ________
                0.423         1.389         2.101         0.259         1.362


           MEANS/INTERCEPTS/THRESHOLDS
              PFC05$3       PFC05$4       PFC06$1       PFC06$2       PFC06$3
              ________      ________      ________      ________      ________
                1.897         2.216        -0.092         0.940         1.419


           MEANS/INTERCEPTS/THRESHOLDS
              PFC06$4       PFC07$1       PFC07$2       PFC07$3       PFC07$4
              ________      ________      ________      ________      ________
                1.864        -1.231        -0.070         1.030         1.776


           MEANS/INTERCEPTS/THRESHOLDS
              PFC08$1       PFC08$2       PFC08$3       PFC08$4       PFC09$1
              ________      ________      ________      ________      ________
               -0.459         0.748         1.554         2.155         1.027


           MEANS/INTERCEPTS/THRESHOLDS
              PFC09$2       PFC09$3       PFC10$1       PFC10$2       PFC10$3
              ________      ________      ________      ________      ________
                2.153         2.843        -0.756         0.555         1.535


           MEANS/INTERCEPTS/THRESHOLDS
              PFC10$4       PFC11$1       PFC11$2       PFC11$3       PFC11$4
              ________      ________      ________      ________      ________
                1.969        -0.101         0.926         1.697         2.367


           MEANS/INTERCEPTS/THRESHOLDS
              PFC12$1       PFC12$2       PFC12$3       PFC12$4       PFC13$1
              ________      ________      ________      ________      ________
                0.228         1.333         1.969         2.474         0.126


           MEANS/INTERCEPTS/THRESHOLDS
              PFC13$2       PFC13$3       PFC13$4       PFC14$1       PFC14$2
              ________      ________      ________      ________      ________
                1.089         1.896         2.369         0.588         1.319


           MEANS/INTERCEPTS/THRESHOLDS
              PFC14$3       PFC14$4       PFC15$1       PFC15$2       PFC15$3
              ________      ________      ________      ________      ________
                1.750         2.155         0.277         1.135         1.446


           MEANS/INTERCEPTS/THRESHOLDS
              PFC15$4       PFC16$1       PFC16$2       PFC16$3       PFC16$4
              ________      ________      ________      ________      ________
                1.608        -0.190         0.818         1.800         2.097


           MEANS/INTERCEPTS/THRESHOLDS
              PFC17$1       PFC17$2       PFC17$3       PFC18$1       PFC18$2
              ________      ________      ________      ________      ________
                0.265         1.531         2.612         0.850         1.629


           MEANS/INTERCEPTS/THRESHOLDS
              PFC18$3       PFC19$1       PFC19$2       PFC19$3       PFC19$4
              ________      ________      ________      ________      ________
                2.049         0.524         1.188         1.891         2.469


           MEANS/INTERCEPTS/THRESHOLDS
              PFC20$1       PFC20$2       PFC20$3       PFC20$4       PFC21$1
              ________      ________      ________      ________      ________
                0.511         1.177         1.827         2.611         0.830


           MEANS/INTERCEPTS/THRESHOLDS
              PFC21$2       PFC21$3       PFC21$4       PFC22$1       PFC22$2
              ________      ________      ________      ________      ________
                1.427         1.925         2.469         0.182         1.237


           MEANS/INTERCEPTS/THRESHOLDS
              PFC22$3       PFC22$4       PFC23$1       PFC23$2       PFC23$3
              ________      ________      ________      ________      ________
                2.048         2.612         0.328         0.915         1.530


           MEANS/INTERCEPTS/THRESHOLDS
              PFC23$4
              ________
                2.150


           CORRELATION MATRIX (WITH VARIANCES ON THE DIAGONAL)
              PFC01         PFC02         PFC03         PFC04         PFC05
              ________      ________      ________      ________      ________
 PFC01
 PFC02          0.232
 PFC03          0.569         0.353
 PFC04          0.232         0.354         0.299
 PFC05          0.452         0.475         0.387         0.419
 PFC06          0.252         0.359         0.264         0.373         0.344
 PFC07          0.159         0.491         0.329         0.452         0.376
 PFC08          0.244         0.336         0.239         0.728         0.401
 PFC09          0.562         0.240         0.792         0.327         0.364
 PFC10          0.504         0.286         0.221         0.111         0.341
 PFC11          0.283         0.337         0.258         0.418         0.283
 PFC12          0.225         0.491         0.261         0.333         0.338
 PFC13          0.198         0.381         0.214         0.259         0.340
 PFC14          0.210         0.362         0.340         0.566         0.344
 PFC15          0.355         0.296         0.290         0.322         0.401
 PFC16          0.293         0.163         0.219         0.231         0.290
 PFC17          0.323         0.420         0.480         0.320         0.437
 PFC18          0.275         0.507         0.339         0.387         0.327
 PFC19          0.337         0.496         0.386         0.377         0.455
 PFC20          0.259         0.410         0.406         0.331         0.399
 PFC21          0.197         0.356         0.252         0.431         0.367
 PFC22          0.530         0.394         0.396         0.487         0.450
 PFC23          0.425         0.472         0.404         0.455         0.476


           CORRELATION MATRIX (WITH VARIANCES ON THE DIAGONAL)
              PFC06         PFC07         PFC08         PFC09         PFC10
              ________      ________      ________      ________      ________
 PFC07          0.315
 PFC08          0.358         0.442
 PFC09          0.170         0.289         0.298
 PFC10          0.098         0.150         0.178         0.167
 PFC11          0.256         0.392         0.408         0.307         0.272
 PFC12          0.404         0.336         0.316         0.315         0.257
 PFC13          0.257         0.335         0.289         0.237         0.284
 PFC14          0.313         0.287         0.488         0.429         0.224
 PFC15          0.260         0.247         0.314         0.386         0.307
 PFC16          0.188         0.148         0.214         0.180         0.259
 PFC17          0.227         0.373         0.313         0.410         0.281
 PFC18          0.332         0.363         0.369         0.463         0.280
 PFC19          0.365         0.447         0.405         0.335         0.353
 PFC20          0.309         0.424         0.305         0.324         0.223
 PFC21          0.216         0.389         0.368         0.335         0.202
 PFC22          0.301         0.387         0.469         0.346         0.367
 PFC23          0.338         0.569         0.439         0.413         0.286


           CORRELATION MATRIX (WITH VARIANCES ON THE DIAGONAL)
              PFC11         PFC12         PFC13         PFC14         PFC15
              ________      ________      ________      ________      ________
 PFC12          0.419
 PFC13          0.402         0.647
 PFC14          0.504         0.472         0.431
 PFC15          0.335         0.401         0.442         0.466
 PFC16          0.350         0.174         0.241         0.312         0.489
 PFC17          0.257         0.466         0.438         0.379         0.415
 PFC18          0.371         0.837         0.617         0.420         0.420
 PFC19          0.438         0.586         0.567         0.457         0.514
 PFC20          0.367         0.488         0.440         0.308         0.419
 PFC21          0.448         0.391         0.354         0.493         0.360
 PFC22          0.463         0.424         0.369         0.623         0.504
 PFC23          0.455         0.437         0.405         0.445         0.381


           CORRELATION MATRIX (WITH VARIANCES ON THE DIAGONAL)
              PFC16         PFC17         PFC18         PFC19         PFC20
              ________      ________      ________      ________      ________
 PFC17          0.256
 PFC18          0.234         0.537
 PFC19          0.408         0.522         0.654
 PFC20          0.354         0.446         0.577         0.553
 PFC21          0.289         0.410         0.463         0.429         0.500
 PFC22          0.361         0.428         0.424         0.567         0.433
 PFC23          0.302         0.426         0.491         0.541         0.521


           CORRELATION MATRIX (WITH VARIANCES ON THE DIAGONAL)
              PFC21         PFC22         PFC23
              ________      ________      ________
 PFC22          0.494
 PFC23          0.523         0.670


SUMMARY OF MODEL FIT INFORMATION


                   Number of                   Degrees of
     Model        Parameters      Chi-Square    Freedom     P-Value

     2-factor          45            809.879       208       0.0000
     3-factor          66            504.501       187       0.0000
     4-factor          86            361.157       167       0.0000

                                               Degrees of
     Models Compared              Chi-Square    Freedom     P-Value

     2-factor against 3-factor       237.779        21       0.0000
     3-factor against 4-factor       127.559        20       0.0000



RESULTS FOR EXPLORATORY FACTOR ANALYSIS


           EIGENVALUES FOR SAMPLE CORRELATION MATRIX
                  1             2             3             4             5
              ________      ________      ________      ________      ________
                9.358         1.698         1.486         1.281         1.052


           EIGENVALUES FOR SAMPLE CORRELATION MATRIX
                  6             7             8             9            10
              ________      ________      ________      ________      ________
                0.920         0.873         0.743         0.633         0.602


           EIGENVALUES FOR SAMPLE CORRELATION MATRIX
                 11            12            13            14            15
              ________      ________      ________      ________      ________
                0.572         0.519         0.481         0.451         0.404


           EIGENVALUES FOR SAMPLE CORRELATION MATRIX
                 16            17            18            19            20
              ________      ________      ________      ________      ________
                0.379         0.347         0.318         0.275         0.242


           EIGENVALUES FOR SAMPLE CORRELATION MATRIX
                 21            22            23
              ________      ________      ________
                0.171         0.132         0.064


EXPLORATORY FACTOR ANALYSIS WITH 2 FACTOR(S):


MODEL FIT INFORMATION

Number of Free Parameters                       45

Chi-Square Test of Model Fit

          Value                            809.879*
          Degrees of Freedom                   208
          P-Value                           0.0000

*   The chi-square value for MLM, MLMV, MLR, ULSMV, WLSM and WLSMV cannot be used
    for chi-square difference testing in the regular way.  MLM, MLR and WLSM
    chi-square difference testing is described on the Mplus website.  MLMV, WLSMV,
    and ULSMV difference testing is done using the DIFFTEST option.

RMSEA (Root Mean Square Error Of Approximation)

          Estimate                           0.080
          90 Percent C.I.                    0.074  0.086
          Probability RMSEA <= .05           0.000

CFI/TLI

          CFI                                0.910
          TLI                                0.891

Chi-Square Test of Model Fit for the Baseline Model

          Value                           6952.974
          Degrees of Freedom                   253
          P-Value                           0.0000

SRMR (Standardized Root Mean Square Residual)

          Value                              0.078



MINIMUM ROTATION FUNCTION VALUE       0.55188



           CF-VARIMAX ROTATED LOADINGS (* significant at 5% level)
                  1             2
              ________      ________
 PFC01          0.613*        0.010
 PFC02          0.240*        0.473*
 PFC03          0.830*       -0.131*
 PFC04          0.683*        0.105
 PFC05          0.450*        0.282*
 PFC06          0.244*        0.304*
 PFC07          0.359*        0.334*
 PFC08          0.639*        0.114*
 PFC09          0.832*       -0.124*
 PFC10          0.255*        0.232*
 PFC11          0.341*        0.357*
 PFC12         -0.113*        0.931*
 PFC13         -0.005         0.719*
 PFC14          0.454*        0.340*
 PFC15          0.314*        0.401*
 PFC16          0.261*        0.253*
 PFC17          0.301*        0.438*
 PFC18         -0.030         0.913*
 PFC19          0.260*        0.629*
 PFC20          0.237*        0.525*
 PFC21          0.335*        0.403*
 PFC22          0.541*        0.333*
 PFC23          0.489*        0.391*


           CF-VARIMAX FACTOR CORRELATIONS (* significant at 5% level)
                  1             2
              ________      ________
      1         1.000
      2         0.457*        1.000


           ESTIMATED RESIDUAL VARIANCES
              PFC01         PFC02         PFC03         PFC04         PFC05
              ________      ________      ________      ________      ________
                0.619         0.615         0.393         0.458         0.602


           ESTIMATED RESIDUAL VARIANCES
              PFC06         PFC07         PFC08         PFC09         PFC10
              ________      ________      ________      ________      ________
                0.780         0.650         0.512         0.386         0.827


           ESTIMATED RESIDUAL VARIANCES
              PFC11         PFC12         PFC13         PFC14         PFC15
              ________      ________      ________      ________      ________
                0.645         0.216         0.487         0.538         0.626


           ESTIMATED RESIDUAL VARIANCES
              PFC16         PFC17         PFC18         PFC19         PFC20
              ________      ________      ________      ________      ________
                0.807         0.597         0.191         0.388         0.554


           ESTIMATED RESIDUAL VARIANCES
              PFC21         PFC22         PFC23
              ________      ________      ________
                0.602         0.431         0.433


           S.E. CF-VARIMAX ROTATED LOADINGS
                  1             2
              ________      ________
 PFC01          0.050         0.056
 PFC02          0.048         0.040
 PFC03          0.040         0.052
 PFC04          0.042         0.056
 PFC05          0.050         0.055
 PFC06          0.053         0.051
 PFC07          0.046         0.050
 PFC08          0.043         0.056
 PFC09          0.047         0.057
 PFC10          0.053         0.055
 PFC11          0.051         0.050
 PFC12          0.034         0.027
 PFC13          0.045         0.035
 PFC14          0.050         0.053
 PFC15          0.048         0.048
 PFC16          0.055         0.056
 PFC17          0.051         0.048
 PFC18          0.042         0.034
 PFC19          0.046         0.039
 PFC20          0.056         0.049
 PFC21          0.057         0.062
 PFC22          0.039         0.047
 PFC23          0.046         0.050


           S.E. CF-VARIMAX FACTOR CORRELATIONS
                  1             2
              ________      ________
      1         0.000
      2         0.034         0.000


           S.E. ESTIMATED RESIDUAL VARIANCES
              PFC01         PFC02         PFC03         PFC04         PFC05
              ________      ________      ________      ________      ________
                0.054         0.038         0.052         0.039         0.043


           S.E. ESTIMATED RESIDUAL VARIANCES
              PFC06         PFC07         PFC08         PFC09         PFC10
              ________      ________      ________      ________      ________
                0.041         0.037         0.040         0.062         0.034


           S.E. ESTIMATED RESIDUAL VARIANCES
              PFC11         PFC12         PFC13         PFC14         PFC15
              ________      ________      ________      ________      ________
                0.042         0.036         0.043         0.052         0.042


           S.E. ESTIMATED RESIDUAL VARIANCES
              PFC16         PFC17         PFC18         PFC19         PFC20
              ________      ________      ________      ________      ________
                0.036         0.046         0.050         0.043         0.049


           S.E. ESTIMATED RESIDUAL VARIANCES
              PFC21         PFC22         PFC23
              ________      ________      ________
                0.054         0.041         0.042


           Est./S.E. CF-VARIMAX ROTATED LOADINGS
                  1             2
              ________      ________
 PFC01         12.233         0.178
 PFC02          4.972        11.855
 PFC03         20.667        -2.538
 PFC04         16.220         1.874
 PFC05          9.049         5.178
 PFC06          4.614         5.952
 PFC07          7.836         6.685
 PFC08         14.976         2.052
 PFC09         17.593        -2.173
 PFC10          4.829         4.224
 PFC11          6.700         7.158
 PFC12         -3.304        34.408
 PFC13         -0.111        20.493
 PFC14          9.077         6.448
 PFC15          6.540         8.400
 PFC16          4.758         4.491
 PFC17          5.960         9.089
 PFC18         -0.721        27.223
 PFC19          5.589        16.212
 PFC20          4.261        10.716
 PFC21          5.857         6.468
 PFC22         14.031         7.127
 PFC23         10.742         7.791


           Est./S.E. CF-VARIMAX FACTOR CORRELATIONS
                  1             2
              ________      ________
      1         0.000
      2        13.577         0.000


           Est./S.E. ESTIMATED RESIDUAL VARIANCES
              PFC01         PFC02         PFC03         PFC04         PFC05
              ________      ________      ________      ________      ________
               11.425        15.999         7.547        11.596        13.843


           Est./S.E. ESTIMATED RESIDUAL VARIANCES
              PFC06         PFC07         PFC08         PFC09         PFC10
              ________      ________      ________      ________      ________
               19.126        17.796        12.863         6.205        24.148


           Est./S.E. ESTIMATED RESIDUAL VARIANCES
              PFC11         PFC12         PFC13         PFC14         PFC15
              ________      ________      ________      ________      ________
               15.319         5.996        11.309        10.270        14.903


           Est./S.E. ESTIMATED RESIDUAL VARIANCES
              PFC16         PFC17         PFC18         PFC19         PFC20
              ________      ________      ________      ________      ________
               22.261        13.100         3.789         9.006        11.323


           Est./S.E. ESTIMATED RESIDUAL VARIANCES
              PFC21         PFC22         PFC23
              ________      ________      ________
               11.153        10.512        10.405


           FACTOR STRUCTURE
                  1             2
              ________      ________
 PFC01          0.617         0.290
 PFC02          0.456         0.583
 PFC03          0.770         0.248
 PFC04          0.731         0.417
 PFC05          0.579         0.488
 PFC06          0.383         0.416
 PFC07          0.512         0.498
 PFC08          0.691         0.406
 PFC09          0.775         0.256
 PFC10          0.362         0.349
 PFC11          0.505         0.513
 PFC12          0.312         0.880
 PFC13          0.323         0.716
 PFC14          0.609         0.547
 PFC15          0.497         0.545
 PFC16          0.377         0.373
 PFC17          0.501         0.575
 PFC18          0.387         0.899
 PFC19          0.547         0.748
 PFC20          0.477         0.633
 PFC21          0.519         0.556
 PFC22          0.693         0.581
 PFC23          0.668         0.614


EXPLORATORY FACTOR ANALYSIS WITH 3 FACTOR(S):


MODEL FIT INFORMATION

Number of Free Parameters                       66

Chi-Square Test of Model Fit

          Value                            504.501*
          Degrees of Freedom                   187
          P-Value                           0.0000

*   The chi-square value for MLM, MLMV, MLR, ULSMV, WLSM and WLSMV cannot be used
    for chi-square difference testing in the regular way.  MLM, MLR and WLSM
    chi-square difference testing is described on the Mplus website.  MLMV, WLSMV,
    and ULSMV difference testing is done using the DIFFTEST option.

RMSEA (Root Mean Square Error Of Approximation)

          Estimate                           0.061
          90 Percent C.I.                    0.055  0.068
          Probability RMSEA <= .05           0.002

CFI/TLI

          CFI                                0.953
          TLI                                0.936

Chi-Square Test of Model Fit for the Baseline Model

          Value                           6952.974
          Degrees of Freedom                   253
          P-Value                           0.0000

SRMR (Standardized Root Mean Square Residual)

          Value                              0.058



MINIMUM ROTATION FUNCTION VALUE       0.40975



           CF-VARIMAX ROTATED LOADINGS (* significant at 5% level)
                  1             2             3
              ________      ________      ________
 PFC01          0.765*       -0.016        -0.023
 PFC02          0.114*        0.252*        0.401*
 PFC03          0.876*       -0.002        -0.065
 PFC04         -0.034         0.920*       -0.092*
 PFC05          0.343*        0.286*        0.180*
 PFC06          0.039         0.319*        0.225*
 PFC07          0.055         0.456*        0.223*
 PFC08         -0.027         0.837*       -0.047
 PFC09          0.828*        0.019        -0.041
 PFC10          0.401*       -0.050         0.206*
 PFC11          0.126*        0.375*        0.248*
 PFC12         -0.085*        0.025         0.913*
 PFC13          0.029         0.045         0.685*
 PFC14          0.158*        0.490*        0.206*
 PFC15          0.331*        0.132*        0.328*
 PFC16          0.297*        0.104         0.176*
 PFC17          0.323*        0.087         0.402*
 PFC18          0.036        -0.005         0.897*
 PFC19          0.229*        0.180*        0.554*
 PFC20          0.211*        0.151*        0.466*
 PFC21          0.128         0.361*        0.298*
 PFC22          0.372*        0.411*        0.180*
 PFC23          0.282*        0.427*        0.250*


           CF-VARIMAX FACTOR CORRELATIONS (* significant at 5% level)
                  1             2             3
              ________      ________      ________
      1         1.000
      2         0.417*        1.000
      3         0.391*        0.460*        1.000


           ESTIMATED RESIDUAL VARIANCES
              PFC01         PFC02         PFC03         PFC04         PFC05
              ________      ________      ________      ________      ________
                0.439         0.610         0.274         0.246         0.590


           ESTIMATED RESIDUAL VARIANCES
              PFC06         PFC07         PFC08         PFC09         PFC10
              ________      ________      ________      ________      ________
                0.763         0.615         0.351         0.326         0.756


           ESTIMATED RESIDUAL VARIANCES
              PFC11         PFC12         PFC13         PFC14         PFC15
              ________      ________      ________      ________      ________
                0.633         0.200         0.483         0.510         0.604


           ESTIMATED RESIDUAL VARIANCES
              PFC16         PFC17         PFC18         PFC19         PFC20
              ________      ________      ________      ________      ________
                0.786         0.569         0.173         0.383         0.547


           ESTIMATED RESIDUAL VARIANCES
              PFC21         PFC22         PFC23
              ________      ________      ________
                0.597         0.412         0.422


           S.E. CF-VARIMAX ROTATED LOADINGS
                  1             2             3
              ________      ________      ________
 PFC01          0.048         0.059         0.057
 PFC02          0.055         0.053         0.045
 PFC03          0.040         0.043         0.043
 PFC04          0.031         0.037         0.031
 PFC05          0.056         0.062         0.059
 PFC06          0.061         0.061         0.055
 PFC07          0.048         0.051         0.054
 PFC08          0.035         0.043         0.038
 PFC09          0.056         0.053         0.053
 PFC10          0.057         0.061         0.060
 PFC11          0.053         0.057         0.054
 PFC12          0.036         0.037         0.031
 PFC13          0.049         0.049         0.039
 PFC14          0.059         0.057         0.054
 PFC15          0.053         0.055         0.054
 PFC16          0.059         0.057         0.063
 PFC17          0.058         0.055         0.051
 PFC18          0.047         0.044         0.038
 PFC19          0.053         0.061         0.046
 PFC20          0.061         0.059         0.056
 PFC21          0.066         0.050         0.065
 PFC22          0.052         0.053         0.050
 PFC23          0.053         0.060         0.055


           S.E. CF-VARIMAX FACTOR CORRELATIONS
                  1             2             3
              ________      ________      ________
      1         0.000
      2         0.038         0.000
      3         0.042         0.036         0.000


           S.E. ESTIMATED RESIDUAL VARIANCES
              PFC01         PFC02         PFC03         PFC04         PFC05
              ________      ________      ________      ________      ________
                0.061         0.039         0.055         0.049         0.044


           S.E. ESTIMATED RESIDUAL VARIANCES
              PFC06         PFC07         PFC08         PFC09         PFC10
              ________      ________      ________      ________      ________
                0.042         0.038         0.051         0.071         0.040


           S.E. ESTIMATED RESIDUAL VARIANCES
              PFC11         PFC12         PFC13         PFC14         PFC15
              ________      ________      ________      ________      ________
                0.043         0.038         0.044         0.053         0.043


           S.E. ESTIMATED RESIDUAL VARIANCES
              PFC16         PFC17         PFC18         PFC19         PFC20
              ________      ________      ________      ________      ________
                0.040         0.046         0.052         0.044         0.050


           S.E. ESTIMATED RESIDUAL VARIANCES
              PFC21         PFC22         PFC23
              ________      ________      ________
                0.053         0.041         0.041


           Est./S.E. CF-VARIMAX ROTATED LOADINGS
                  1             2             3
              ________      ________      ________
 PFC01         16.076        -0.278        -0.402
 PFC02          2.086         4.780         8.823
 PFC03         21.758        -0.037        -1.533
 PFC04         -1.107        25.196        -2.978
 PFC05          6.186         4.628         3.032
 PFC06          0.645         5.264         4.086
 PFC07          1.149         9.003         4.128
 PFC08         -0.787        19.421        -1.233
 PFC09         14.764         0.356        -0.772
 PFC10          6.981        -0.819         3.437
 PFC11          2.350         6.544         4.583
 PFC12         -2.353         0.690        29.326
 PFC13          0.600         0.913        17.381
 PFC14          2.690         8.518         3.823
 PFC15          6.275         2.385         6.077
 PFC16          5.072         1.813         2.788
 PFC17          5.601         1.575         7.923
 PFC18          0.772        -0.124        23.726
 PFC19          4.349         2.951        11.949
 PFC20          3.482         2.554         8.268
 PFC21          1.953         7.163         4.552
 PFC22          7.137         7.717         3.623
 PFC23          5.272         7.174         4.506


           Est./S.E. CF-VARIMAX FACTOR CORRELATIONS
                  1             2             3
              ________      ________      ________
      1         0.000
      2        11.062         0.000
      3         9.332        12.741         0.000


           Est./S.E. ESTIMATED RESIDUAL VARIANCES
              PFC01         PFC02         PFC03         PFC04         PFC05
              ________      ________      ________      ________      ________
                7.152        15.704         4.946         4.999        13.328


           Est./S.E. ESTIMATED RESIDUAL VARIANCES
              PFC06         PFC07         PFC08         PFC09         PFC10
              ________      ________      ________      ________      ________
               18.176        16.078         6.953         4.601        18.747


           Est./S.E. ESTIMATED RESIDUAL VARIANCES
              PFC11         PFC12         PFC13         PFC14         PFC15
              ________      ________      ________      ________      ________
               14.596         5.243        11.070         9.650        13.937


           Est./S.E. ESTIMATED RESIDUAL VARIANCES
              PFC16         PFC17         PFC18         PFC19         PFC20
              ________      ________      ________      ________      ________
               19.842        12.451         3.337         8.717        10.844


           Est./S.E. ESTIMATED RESIDUAL VARIANCES
              PFC21         PFC22         PFC23
              ________      ________      ________
               11.232        10.136        10.167


           FACTOR STRUCTURE
                  1             2             3
              ________      ________      ________
 PFC01          0.749         0.292         0.269
 PFC02          0.376         0.484         0.561
 PFC03          0.850         0.333         0.277
 PFC04          0.313         0.863         0.318
 PFC05          0.533         0.512         0.446
 PFC06          0.260         0.439         0.387
 PFC07          0.333         0.582         0.455
 PFC08          0.303         0.804         0.327
 PFC09          0.820         0.345         0.292
 PFC10          0.460         0.212         0.340
 PFC11          0.379         0.541         0.470
 PFC12          0.283         0.410         0.891
 PFC13          0.316         0.372         0.717
 PFC14          0.442         0.650         0.493
 PFC15          0.514         0.420         0.518
 PFC16          0.409         0.309         0.340
 PFC17          0.516         0.406         0.568
 PFC18          0.385         0.422         0.909
 PFC19          0.521         0.530         0.726
 PFC20          0.457         0.454         0.618
 PFC21          0.395         0.552         0.514
 PFC22          0.614         0.649         0.515
 PFC23          0.558         0.660         0.557


EXPLORATORY FACTOR ANALYSIS WITH 4 FACTOR(S):


MODEL FIT INFORMATION

Number of Free Parameters                       86

Chi-Square Test of Model Fit

          Value                            361.157*
          Degrees of Freedom                   167
          P-Value                           0.0000

*   The chi-square value for MLM, MLMV, MLR, ULSMV, WLSM and WLSMV cannot be used
    for chi-square difference testing in the regular way.  MLM, MLR and WLSM
    chi-square difference testing is described on the Mplus website.  MLMV, WLSMV,
    and ULSMV difference testing is done using the DIFFTEST option.

RMSEA (Root Mean Square Error Of Approximation)

          Estimate                           0.051
          90 Percent C.I.                    0.044  0.058
          Probability RMSEA <= .05           0.414

CFI/TLI

          CFI                                0.971
          TLI                                0.956

Chi-Square Test of Model Fit for the Baseline Model

          Value                           6952.974
          Degrees of Freedom                   253
          P-Value                           0.0000

SRMR (Standardized Root Mean Square Residual)

          Value                              0.045



MINIMUM ROTATION FUNCTION VALUE       0.42773



           CF-VARIMAX ROTATED LOADINGS (* significant at 5% level)
                  1             2             3             4
              ________      ________      ________      ________
 PFC01         -0.083         0.529*       -0.180*        0.536*
 PFC02          0.231*        0.195*        0.406*        0.009
 PFC03          0.009         0.947*        0.023        -0.050
 PFC04          0.894*        0.036        -0.060        -0.019
 PFC05          0.242*        0.259*        0.126*        0.249*
 PFC06          0.300*        0.095         0.228*        0.010
 PFC07          0.442*        0.179*        0.271*       -0.083
 PFC08          0.798*        0.014        -0.030         0.029
 PFC09          0.057         0.783*        0.042         0.014
 PFC10         -0.112*        0.128         0.068         0.501*
 PFC11          0.335*       -0.036         0.176*        0.304*
 PFC12          0.024        -0.009         0.876*        0.022
 PFC13          0.004        -0.079         0.627*        0.244*
 PFC14          0.443*       -0.005         0.135*        0.320*
 PFC15          0.059         0.015         0.184*        0.560*
 PFC16          0.048        -0.075         0.006         0.599*
 PFC17          0.061         0.288*        0.371*        0.163*
 PFC18          0.003         0.131*        0.882*       -0.015
 PFC19          0.122*        0.071         0.473*        0.355*
 PFC20          0.119*        0.145*        0.418*        0.207*
 PFC21          0.324*        0.022         0.242*        0.242*
 PFC22          0.350*        0.106         0.044         0.513*
 PFC23          0.381*        0.208*        0.199*        0.243*


           CF-VARIMAX FACTOR CORRELATIONS (* significant at 5% level)
                  1             2             3             4
              ________      ________      ________      ________
      1         1.000
      2         0.324*        1.000
      3         0.417*        0.303*        1.000
      4         0.394*        0.407*        0.399*        1.000


           ESTIMATED RESIDUAL VARIANCES
              PFC01         PFC02         PFC03         PFC04         PFC05
              ________      ________      ________      ________      ________
                0.350         0.583         0.120         0.235         0.586


           ESTIMATED RESIDUAL VARIANCES
              PFC06         PFC07         PFC08         PFC09         PFC10
              ________      ________      ________      ________      ________
                0.756         0.571         0.356         0.322         0.691


           ESTIMATED RESIDUAL VARIANCES
              PFC11         PFC12         PFC13         PFC14         PFC15
              ________      ________      ________      ________      ________
                0.610         0.204         0.462         0.490         0.522


           ESTIMATED RESIDUAL VARIANCES
              PFC16         PFC17         PFC18         PFC19         PFC20
              ________      ________      ________      ________      ________
                0.646         0.560         0.144         0.369         0.545


           ESTIMATED RESIDUAL VARIANCES
              PFC21         PFC22         PFC23
              ________      ________      ________
                0.591         0.358         0.420


           S.E. CF-VARIMAX ROTATED LOADINGS
                  1             2             3             4
              ________      ________      ________      ________
 PFC01          0.053         0.079         0.055         0.085
 PFC02          0.054         0.052         0.048         0.059
 PFC03          0.033         0.057         0.034         0.039
 PFC04          0.037         0.031         0.032         0.031
 PFC05          0.061         0.057         0.058         0.062
 PFC06          0.060         0.062         0.057         0.070
 PFC07          0.051         0.053         0.054         0.056
 PFC08          0.043         0.038         0.038         0.039
 PFC09          0.050         0.070         0.053         0.073
 PFC10          0.054         0.070         0.055         0.062
 PFC11          0.056         0.061         0.055         0.064
 PFC12          0.036         0.040         0.035         0.043
 PFC13          0.048         0.052         0.042         0.057
 PFC14          0.060         0.061         0.055         0.069
 PFC15          0.051         0.051         0.054         0.058
 PFC16          0.050         0.055         0.057         0.063
 PFC17          0.056         0.061         0.052         0.068
 PFC18          0.042         0.047         0.041         0.046
 PFC19          0.062         0.051         0.047         0.065
 PFC20          0.059         0.060         0.059         0.061
 PFC21          0.050         0.068         0.069         0.068
 PFC22          0.052         0.055         0.045         0.056
 PFC23          0.059         0.056         0.055         0.060


           S.E. CF-VARIMAX FACTOR CORRELATIONS
                  1             2             3             4
              ________      ________      ________      ________
      1         0.000
      2         0.045         0.000
      3         0.040         0.049         0.000
      4         0.040         0.046         0.043         0.000


           S.E. ESTIMATED RESIDUAL VARIANCES
              PFC01         PFC02         PFC03         PFC04         PFC05
              ________      ________      ________      ________      ________
                0.068         0.043         0.088         0.049         0.045


           S.E. ESTIMATED RESIDUAL VARIANCES
              PFC06         PFC07         PFC08         PFC09         PFC10
              ________      ________      ________      ________      ________
                0.043         0.041         0.050         0.078         0.047


           S.E. ESTIMATED RESIDUAL VARIANCES
              PFC11         PFC12         PFC13         PFC14         PFC15
              ________      ________      ________      ________      ________
                0.043         0.039         0.044         0.053         0.047


           S.E. ESTIMATED RESIDUAL VARIANCES
              PFC16         PFC17         PFC18         PFC19         PFC20
              ________      ________      ________      ________      ________
                0.057         0.046         0.052         0.045         0.051


           S.E. ESTIMATED RESIDUAL VARIANCES
              PFC21         PFC22         PFC23
              ________      ________      ________
                0.053         0.039         0.042


           Est./S.E. CF-VARIMAX ROTATED LOADINGS
                  1             2             3             4
              ________      ________      ________      ________
 PFC01         -1.572         6.696        -3.274         6.291
 PFC02          4.306         3.738         8.405         0.144
 PFC03          0.268        16.670         0.685        -1.274
 PFC04         24.185         1.145        -1.910        -0.616
 PFC05          3.934         4.536         2.181         4.002
 PFC06          4.986         1.538         3.969         0.145
 PFC07          8.667         3.389         5.025        -1.490
 PFC08         18.407         0.381        -0.791         0.748
 PFC09          1.151        11.108         0.793         0.194
 PFC10         -2.081         1.825         1.244         8.130
 PFC11          5.945        -0.582         3.234         4.749
 PFC12          0.659        -0.223        24.728         0.524
 PFC13          0.087        -1.523        14.885         4.238
 PFC14          7.358        -0.078         2.482         4.624
 PFC15          1.157         0.284         3.417         9.649
 PFC16          0.958        -1.355         0.110         9.514
 PFC17          1.105         4.732         7.193         2.398
 PFC18          0.078         2.799        21.415        -0.331
 PFC19          1.964         1.383        10.119         5.479
 PFC20          2.024         2.416         7.131         3.386
 PFC21          6.455         0.315         3.529         3.583
 PFC22          6.698         1.910         0.963         9.169
 PFC23          6.472         3.716         3.607         4.054


           Est./S.E. CF-VARIMAX FACTOR CORRELATIONS
                  1             2             3             4
              ________      ________      ________      ________
      1         0.000
      2         7.193         0.000
      3        10.536         6.157         0.000
      4         9.858         8.831         9.376         0.000


           Est./S.E. ESTIMATED RESIDUAL VARIANCES
              PFC01         PFC02         PFC03         PFC04         PFC05
              ________      ________      ________      ________      ________
                5.148        13.457         1.361         4.780        13.107


           Est./S.E. ESTIMATED RESIDUAL VARIANCES
              PFC06         PFC07         PFC08         PFC09         PFC10
              ________      ________      ________      ________      ________
               17.388        13.764         7.171         4.142        14.841


           Est./S.E. ESTIMATED RESIDUAL VARIANCES
              PFC11         PFC12         PFC13         PFC14         PFC15
              ________      ________      ________      ________      ________
               14.189         5.181        10.540         9.309        11.206


           Est./S.E. ESTIMATED RESIDUAL VARIANCES
              PFC16         PFC17         PFC18         PFC19         PFC20
              ________      ________      ________      ________      ________
               11.403        12.118         2.754         8.158        10.732


           Est./S.E. ESTIMATED RESIDUAL VARIANCES
              PFC21         PFC22         PFC23
              ________      ________      ________
               11.108         9.133        10.118


           FACTOR STRUCTURE
                  1             2             3             4
              ________      ________      ________      ________
 PFC01          0.224         0.665         0.159         0.646
 PFC02          0.467         0.396         0.564         0.341
 PFC03          0.306         0.937         0.295         0.349
 PFC04          0.873         0.299         0.315         0.323
 PFC05          0.476         0.477         0.404         0.500
 PFC06          0.429         0.265         0.385         0.258
 PFC07          0.580         0.370         0.476         0.272
 PFC08          0.802         0.276         0.319         0.337
 PFC09          0.333         0.819         0.308         0.372
 PFC10          0.155         0.316         0.260         0.536
 PFC11          0.517         0.250         0.427         0.492
 PFC12          0.394         0.273         0.892         0.377
 PFC13          0.336         0.212         0.702         0.464
 PFC14          0.624         0.310         0.446         0.546
 PFC15          0.361         0.318         0.437         0.663
 PFC16          0.262         0.186         0.243         0.590
 PFC17          0.373         0.486         0.548         0.452
 PFC18          0.407         0.393         0.917         0.391
 PFC19          0.481         0.398         0.686         0.620
 PFC20          0.421         0.394         0.594         0.480
 PFC21          0.528         0.299         0.481         0.475
 PFC22          0.604         0.441         0.426         0.711
 PFC23          0.627         0.491         0.518         0.557


DIAGRAM INFORMATION

  Mplus diagrams are currently not available for EFA.
  No diagram output was produced.


     Beginning Time:  12:32:46
        Ending Time:  12:32:47
       Elapsed Time:  00:00:01



MUTHEN & MUTHEN
3463 Stoner Ave.
Los Angeles, CA  90066

Tel: (310) 391-9971
Fax: (310) 391-8971
Web: www.StatModel.com
Support: Support@StatModel.com

Copyright (c) 1998-2021 Muthen & Muthen
