Mplus VERSION 8.6
MUTHEN & MUTHEN
08/10/2023  12:33 PM

INPUT INSTRUCTIONS

  TITLE: EFA of PFC using WLSMV with missing data
  Version 3.1 -- omitting PFC16

  DATA: FILE IS "C:\Users\forev\Documents\NicolasCamacho\
  pfc_fa\paper\updated_process\data\pfc_final.dat";

  VARIABLE:
    NAMES ARE subid pfc01 pfc02 pfc03 pfc04 pfc05 pfc06
    pfc07 pfc08 pfc09 pfc10 pfc11 pfc12 pfc13
    pfc14 pfc15 pfc16 pfc17 pfc18 pfc19 pfc20
    pfc21 pfc22 pfc23;
    USEVARIABLES ARE pfc01 pfc02 pfc03 pfc04 pfc05 pfc06
    pfc07 pfc08 pfc09 pfc10 pfc11 pfc12 pfc13
    pfc14 pfc15 pfc17 pfc18 pfc19 pfc20
    pfc21 pfc22 pfc23;
    CATEGORICAL ARE pfc01-pfc23;
    MISSING ARE ALL (99);

  ANALYSIS:
    TYPE IS EFA 3 3;
    ESTIMATOR IS WLSMV;
    ROTATION IS CF-VARIMAX (OBLIQUE);
    ITERATIONS = 1000;
    CONVERGENCE = 0.00005;

  OUTPUT: SAMPSTAT;

  PLOT: TYPE = PLOT2;



INPUT READING TERMINATED NORMALLY



EFA of PFC using WLSMV with missing data
Version 3.1 -- omitting PFC16

SUMMARY OF ANALYSIS

Number of groups                                                 1
Number of observations                                         450

Number of dependent variables                                   22
Number of independent variables                                  0
Number of continuous latent variables                            0

Observed dependent variables

  Binary and ordered categorical (ordinal)
   PFC01       PFC02       PFC03       PFC04       PFC05       PFC06
   PFC07       PFC08       PFC09       PFC10       PFC11       PFC12
   PFC13       PFC14       PFC15       PFC17       PFC18       PFC19
   PFC20       PFC21       PFC22       PFC23


Estimator                                                    WLSMV
Rotation                                                CF-VARIMAX
Row standardization                                    CORRELATION
Type of rotation                                           OBLIQUE
Maximum number of iterations                                  1000
Convergence criterion                                    0.500D-04
Maximum number of steepest descent iterations                   20
Maximum number of iterations for H1                           2000
Convergence criterion for H1                             0.100D-03
Optimization Specifications for the Exploratory Factor Analysis
Rotation Algorithm
  Number of random starts                                       30
  Maximum number of iterations                               10000
  Derivative convergence criterion                       0.100D-04
Link                                                        PROBIT

Input data file(s)
  C:\Users\forev\Documents\NicolasCamacho\pfc_fa\paper\updated_process\data\pfc_

Input data format  FREE


SUMMARY OF DATA

     Number of missing data patterns            10


COVARIANCE COVERAGE OF DATA

Minimum covariance coverage value   0.100


     PROPORTION OF DATA PRESENT


           Covariance Coverage
              PFC01         PFC02         PFC03         PFC04         PFC05
              ________      ________      ________      ________      ________
 PFC01          1.000
 PFC02          1.000         1.000
 PFC03          1.000         1.000         1.000
 PFC04          0.998         0.998         0.998         0.998
 PFC05          1.000         1.000         1.000         0.998         1.000
 PFC06          0.998         0.998         0.998         0.996         0.998
 PFC07          0.998         0.998         0.998         0.996         0.998
 PFC08          0.998         0.998         0.998         0.996         0.998
 PFC09          0.993         0.993         0.993         0.991         0.993
 PFC10          0.998         0.998         0.998         0.996         0.998
 PFC11          0.991         0.991         0.991         0.989         0.991
 PFC12          0.998         0.998         0.998         0.996         0.998
 PFC13          0.998         0.998         0.998         0.996         0.998
 PFC14          0.998         0.998         0.998         0.996         0.998
 PFC15          0.989         0.989         0.989         0.987         0.989
 PFC17          0.989         0.989         0.989         0.987         0.989
 PFC18          0.989         0.989         0.989         0.987         0.989
 PFC19          0.984         0.984         0.984         0.982         0.984
 PFC20          0.984         0.984         0.984         0.982         0.984
 PFC21          0.984         0.984         0.984         0.982         0.984
 PFC22          0.987         0.987         0.987         0.984         0.987
 PFC23          0.987         0.987         0.987         0.984         0.987


           Covariance Coverage
              PFC06         PFC07         PFC08         PFC09         PFC10
              ________      ________      ________      ________      ________
 PFC06          0.998
 PFC07          0.996         0.998
 PFC08          0.996         0.998         0.998
 PFC09          0.991         0.993         0.993         0.993
 PFC10          0.996         0.998         0.998         0.993         0.998
 PFC11          0.991         0.991         0.991         0.987         0.991
 PFC12          0.996         0.998         0.998         0.993         0.998
 PFC13          0.996         0.998         0.998         0.993         0.998
 PFC14          0.996         0.998         0.998         0.993         0.998
 PFC15          0.987         0.989         0.989         0.984         0.989
 PFC17          0.987         0.989         0.989         0.984         0.989
 PFC18          0.987         0.989         0.989         0.984         0.989
 PFC19          0.984         0.984         0.984         0.980         0.984
 PFC20          0.982         0.984         0.984         0.980         0.984
 PFC21          0.982         0.984         0.984         0.980         0.984
 PFC22          0.984         0.987         0.987         0.982         0.987
 PFC23          0.984         0.987         0.987         0.982         0.987


           Covariance Coverage
              PFC11         PFC12         PFC13         PFC14         PFC15
              ________      ________      ________      ________      ________
 PFC11          0.991
 PFC12          0.991         0.998
 PFC13          0.991         0.998         0.998
 PFC14          0.991         0.998         0.998         0.998
 PFC15          0.982         0.989         0.989         0.989         0.989
 PFC17          0.982         0.989         0.989         0.989         0.989
 PFC18          0.982         0.989         0.989         0.989         0.989
 PFC19          0.980         0.984         0.984         0.984         0.984
 PFC20          0.978         0.984         0.984         0.984         0.984
 PFC21          0.978         0.984         0.984         0.984         0.984
 PFC22          0.980         0.987         0.987         0.987         0.987
 PFC23          0.980         0.987         0.987         0.987         0.987


           Covariance Coverage
              PFC17         PFC18         PFC19         PFC20         PFC21
              ________      ________      ________      ________      ________
 PFC17          0.989
 PFC18          0.989         0.989
 PFC19          0.984         0.984         0.984
 PFC20          0.984         0.984         0.982         0.984
 PFC21          0.984         0.984         0.982         0.982         0.984
 PFC22          0.987         0.987         0.984         0.984         0.984
 PFC23          0.987         0.987         0.984         0.984         0.984


           Covariance Coverage
              PFC22         PFC23
              ________      ________
 PFC22          0.987
 PFC23          0.987         0.987


UNIVARIATE PROPORTIONS AND COUNTS FOR CATEGORICAL VARIABLES

    PFC01
      Category 1    0.738          332.000
      Category 2    0.213           96.000
      Category 3    0.042           19.000
      Category 4    0.007            3.000
    PFC02
      Category 1    0.293          132.000
      Category 2    0.531          239.000
      Category 3    0.142           64.000
      Category 4    0.024           11.000
      Category 5    0.009            4.000
    PFC03
      Category 1    0.740          333.000
      Category 2    0.242          109.000
      Category 3    0.018            8.000
    PFC04
      Category 1    0.218           98.000
      Category 2    0.445          200.000
      Category 3    0.254          114.000
      Category 4    0.065           29.000
      Category 5    0.018            8.000
    PFC05
      Category 1    0.602          271.000
      Category 2    0.311          140.000
      Category 3    0.058           26.000
      Category 4    0.016            7.000
      Category 5    0.013            6.000
    PFC06
      Category 1    0.463          208.000
      Category 2    0.363          163.000
      Category 3    0.096           43.000
      Category 4    0.047           21.000
      Category 5    0.031           14.000
    PFC07
      Category 1    0.109           49.000
      Category 2    0.363          163.000
      Category 3    0.376          169.000
      Category 4    0.114           51.000
      Category 5    0.038           17.000
    PFC08
      Category 1    0.323          145.000
      Category 2    0.450          202.000
      Category 3    0.167           75.000
      Category 4    0.045           20.000
      Category 5    0.016            7.000
    PFC09
      Category 1    0.848          379.000
      Category 2    0.136           61.000
      Category 3    0.013            6.000
      Category 4    0.002            1.000
    PFC10
      Category 1    0.225          101.000
      Category 2    0.486          218.000
      Category 3    0.227          102.000
      Category 4    0.038           17.000
      Category 5    0.024           11.000
    PFC11
      Category 1    0.460          205.000
      Category 2    0.363          162.000
      Category 3    0.132           59.000
      Category 4    0.036           16.000
      Category 5    0.009            4.000
    PFC12
      Category 1    0.590          265.000
      Category 2    0.318          143.000
      Category 3    0.067           30.000
      Category 4    0.018            8.000
      Category 5    0.007            3.000
    PFC13
      Category 1    0.550          247.000
      Category 2    0.312          140.000
      Category 3    0.109           49.000
      Category 4    0.020            9.000
      Category 5    0.009            4.000
    PFC14
      Category 1    0.722          324.000
      Category 2    0.185           83.000
      Category 3    0.053           24.000
      Category 4    0.024           11.000
      Category 5    0.016            7.000
    PFC15
      Category 1    0.609          271.000
      Category 2    0.263          117.000
      Category 3    0.054           24.000
      Category 4    0.020            9.000
      Category 5    0.054           24.000
    PFC17
      Category 1    0.604          269.000
      Category 2    0.333          148.000
      Category 3    0.058           26.000
      Category 4    0.004            2.000
    PFC18
      Category 1    0.802          357.000
      Category 2    0.146           65.000
      Category 3    0.031           14.000
      Category 4    0.020            9.000
    PFC19
      Category 1    0.700          310.000
      Category 2    0.183           81.000
      Category 3    0.088           39.000
      Category 4    0.023           10.000
      Category 5    0.007            3.000
    PFC20
      Category 1    0.695          308.000
      Category 2    0.185           82.000
      Category 3    0.086           38.000
      Category 4    0.029           13.000
      Category 5    0.005            2.000
    PFC21
      Category 1    0.797          353.000
      Category 2    0.126           56.000
      Category 3    0.050           22.000
      Category 4    0.020            9.000
      Category 5    0.007            3.000
    PFC22
      Category 1    0.572          254.000
      Category 2    0.320          142.000
      Category 3    0.088           39.000
      Category 4    0.016            7.000
      Category 5    0.005            2.000
    PFC23
      Category 1    0.628          279.000
      Category 2    0.191           85.000
      Category 3    0.117           52.000
      Category 4    0.047           21.000
      Category 5    0.016            7.000


SAMPLE STATISTICS


     ESTIMATED SAMPLE STATISTICS


           MEANS/INTERCEPTS/THRESHOLDS
              PFC01$1       PFC01$2       PFC01$3       PFC02$1       PFC02$2
              ________      ________      ________      ________      ________
                0.637         1.656         2.475        -0.544         0.932


           MEANS/INTERCEPTS/THRESHOLDS
              PFC02$3       PFC02$4       PFC03$1       PFC03$2       PFC04$1
              ________      ________      ________      ________      ________
                1.834         2.370         0.643         2.102        -0.778


           MEANS/INTERCEPTS/THRESHOLDS
              PFC04$2       PFC04$3       PFC04$4       PFC05$1       PFC05$2
              ________      ________      ________      ________      ________
                0.423         1.389         2.101         0.259         1.362


           MEANS/INTERCEPTS/THRESHOLDS
              PFC05$3       PFC05$4       PFC06$1       PFC06$2       PFC06$3
              ________      ________      ________      ________      ________
                1.897         2.216        -0.092         0.940         1.419


           MEANS/INTERCEPTS/THRESHOLDS
              PFC06$4       PFC07$1       PFC07$2       PFC07$3       PFC07$4
              ________      ________      ________      ________      ________
                1.864        -1.231        -0.070         1.030         1.776


           MEANS/INTERCEPTS/THRESHOLDS
              PFC08$1       PFC08$2       PFC08$3       PFC08$4       PFC09$1
              ________      ________      ________      ________      ________
               -0.459         0.748         1.554         2.155         1.027


           MEANS/INTERCEPTS/THRESHOLDS
              PFC09$2       PFC09$3       PFC10$1       PFC10$2       PFC10$3
              ________      ________      ________      ________      ________
                2.153         2.843        -0.756         0.555         1.535


           MEANS/INTERCEPTS/THRESHOLDS
              PFC10$4       PFC11$1       PFC11$2       PFC11$3       PFC11$4
              ________      ________      ________      ________      ________
                1.969        -0.101         0.926         1.697         2.367


           MEANS/INTERCEPTS/THRESHOLDS
              PFC12$1       PFC12$2       PFC12$3       PFC12$4       PFC13$1
              ________      ________      ________      ________      ________
                0.228         1.333         1.969         2.474         0.126


           MEANS/INTERCEPTS/THRESHOLDS
              PFC13$2       PFC13$3       PFC13$4       PFC14$1       PFC14$2
              ________      ________      ________      ________      ________
                1.089         1.896         2.369         0.588         1.319


           MEANS/INTERCEPTS/THRESHOLDS
              PFC14$3       PFC14$4       PFC15$1       PFC15$2       PFC15$3
              ________      ________      ________      ________      ________
                1.750         2.155         0.277         1.135         1.446


           MEANS/INTERCEPTS/THRESHOLDS
              PFC15$4       PFC17$1       PFC17$2       PFC17$3       PFC18$1
              ________      ________      ________      ________      ________
                1.608         0.265         1.531         2.612         0.850


           MEANS/INTERCEPTS/THRESHOLDS
              PFC18$2       PFC18$3       PFC19$1       PFC19$2       PFC19$3
              ________      ________      ________      ________      ________
                1.629         2.049         0.524         1.188         1.891


           MEANS/INTERCEPTS/THRESHOLDS
              PFC19$4       PFC20$1       PFC20$2       PFC20$3       PFC20$4
              ________      ________      ________      ________      ________
                2.469         0.511         1.177         1.827         2.611


           MEANS/INTERCEPTS/THRESHOLDS
              PFC21$1       PFC21$2       PFC21$3       PFC21$4       PFC22$1
              ________      ________      ________      ________      ________
                0.830         1.427         1.925         2.469         0.182


           MEANS/INTERCEPTS/THRESHOLDS
              PFC22$2       PFC22$3       PFC22$4       PFC23$1       PFC23$2
              ________      ________      ________      ________      ________
                1.237         2.048         2.612         0.328         0.915


           MEANS/INTERCEPTS/THRESHOLDS
              PFC23$3       PFC23$4
              ________      ________
                1.530         2.150


           CORRELATION MATRIX (WITH VARIANCES ON THE DIAGONAL)
              PFC01         PFC02         PFC03         PFC04         PFC05
              ________      ________      ________      ________      ________
 PFC01
 PFC02          0.232
 PFC03          0.569         0.353
 PFC04          0.232         0.354         0.299
 PFC05          0.452         0.475         0.387         0.419
 PFC06          0.252         0.359         0.264         0.373         0.344
 PFC07          0.159         0.491         0.329         0.452         0.376
 PFC08          0.244         0.336         0.239         0.728         0.401
 PFC09          0.562         0.240         0.792         0.327         0.364
 PFC10          0.504         0.286         0.221         0.111         0.341
 PFC11          0.283         0.337         0.258         0.418         0.283
 PFC12          0.225         0.491         0.261         0.333         0.338
 PFC13          0.198         0.381         0.214         0.259         0.340
 PFC14          0.210         0.362         0.340         0.566         0.344
 PFC15          0.355         0.296         0.290         0.322         0.401
 PFC17          0.323         0.420         0.480         0.320         0.437
 PFC18          0.275         0.507         0.339         0.387         0.327
 PFC19          0.337         0.496         0.386         0.377         0.455
 PFC20          0.259         0.410         0.406         0.331         0.399
 PFC21          0.197         0.356         0.252         0.431         0.367
 PFC22          0.530         0.394         0.396         0.487         0.450
 PFC23          0.425         0.472         0.404         0.455         0.476


           CORRELATION MATRIX (WITH VARIANCES ON THE DIAGONAL)
              PFC06         PFC07         PFC08         PFC09         PFC10
              ________      ________      ________      ________      ________
 PFC07          0.315
 PFC08          0.358         0.442
 PFC09          0.170         0.289         0.298
 PFC10          0.098         0.150         0.178         0.167
 PFC11          0.256         0.392         0.408         0.307         0.272
 PFC12          0.404         0.336         0.316         0.315         0.257
 PFC13          0.257         0.335         0.289         0.237         0.284
 PFC14          0.313         0.287         0.488         0.429         0.224
 PFC15          0.260         0.247         0.314         0.386         0.307
 PFC17          0.227         0.373         0.313         0.410         0.281
 PFC18          0.332         0.363         0.369         0.463         0.280
 PFC19          0.365         0.447         0.405         0.335         0.353
 PFC20          0.309         0.424         0.305         0.324         0.223
 PFC21          0.216         0.389         0.368         0.335         0.202
 PFC22          0.301         0.387         0.469         0.346         0.367
 PFC23          0.338         0.569         0.439         0.413         0.286


           CORRELATION MATRIX (WITH VARIANCES ON THE DIAGONAL)
              PFC11         PFC12         PFC13         PFC14         PFC15
              ________      ________      ________      ________      ________
 PFC12          0.419
 PFC13          0.402         0.647
 PFC14          0.504         0.472         0.431
 PFC15          0.335         0.401         0.442         0.466
 PFC17          0.257         0.466         0.438         0.379         0.415
 PFC18          0.371         0.837         0.617         0.420         0.420
 PFC19          0.438         0.586         0.567         0.457         0.514
 PFC20          0.367         0.488         0.440         0.308         0.419
 PFC21          0.448         0.391         0.354         0.493         0.360
 PFC22          0.463         0.424         0.369         0.623         0.504
 PFC23          0.455         0.437         0.405         0.445         0.381


           CORRELATION MATRIX (WITH VARIANCES ON THE DIAGONAL)
              PFC17         PFC18         PFC19         PFC20         PFC21
              ________      ________      ________      ________      ________
 PFC18          0.537
 PFC19          0.522         0.654
 PFC20          0.446         0.577         0.553
 PFC21          0.410         0.463         0.429         0.500
 PFC22          0.428         0.424         0.567         0.433         0.494
 PFC23          0.426         0.491         0.541         0.521         0.523


           CORRELATION MATRIX (WITH VARIANCES ON THE DIAGONAL)
              PFC22         PFC23
              ________      ________
 PFC23          0.670


RESULTS FOR EXPLORATORY FACTOR ANALYSIS


           EIGENVALUES FOR SAMPLE CORRELATION MATRIX
                  1             2             3             4             5
              ________      ________      ________      ________      ________
                9.163         1.688         1.485         1.130         1.047


           EIGENVALUES FOR SAMPLE CORRELATION MATRIX
                  6             7             8             9            10
              ________      ________      ________      ________      ________
                0.912         0.752         0.710         0.602         0.594


           EIGENVALUES FOR SAMPLE CORRELATION MATRIX
                 11            12            13            14            15
              ________      ________      ________      ________      ________
                0.559         0.494         0.478         0.430         0.393


           EIGENVALUES FOR SAMPLE CORRELATION MATRIX
                 16            17            18            19            20
              ________      ________      ________      ________      ________
                0.352         0.318         0.276         0.247         0.171


           EIGENVALUES FOR SAMPLE CORRELATION MATRIX
                 21            22
              ________      ________
                0.132         0.066


EXPLORATORY FACTOR ANALYSIS WITH 3 FACTOR(S):


MODEL FIT INFORMATION

Number of Free Parameters                       63

Chi-Square Test of Model Fit

          Value                            427.515*
          Degrees of Freedom                   168
          P-Value                           0.0000

*   The chi-square value for MLM, MLMV, MLR, ULSMV, WLSM and WLSMV cannot be used
    for chi-square difference testing in the regular way.  MLM, MLR and WLSM
    chi-square difference testing is described on the Mplus website.  MLMV, WLSMV,
    and ULSMV difference testing is done using the DIFFTEST option.

RMSEA (Root Mean Square Error Of Approximation)

          Estimate                           0.059
          90 Percent C.I.                    0.052  0.066
          Probability RMSEA <= .05           0.020

CFI/TLI

          CFI                                0.961
          TLI                                0.946

Chi-Square Test of Model Fit for the Baseline Model

          Value                           6848.453
          Degrees of Freedom                   231
          P-Value                           0.0000

SRMR (Standardized Root Mean Square Residual)

          Value                              0.054



MINIMUM ROTATION FUNCTION VALUE       0.40634



           CF-VARIMAX ROTATED LOADINGS (* significant at 5% level)
                  1             2             3
              ________      ________      ________
 PFC01          0.761*       -0.012        -0.022
 PFC02          0.135*        0.243*        0.398*
 PFC03          0.891*       -0.013        -0.060
 PFC04         -0.029         0.916*       -0.092*
 PFC05          0.346*        0.285*        0.179*
 PFC06          0.045         0.315*        0.224*
 PFC07          0.076         0.446*        0.222*
 PFC08         -0.023         0.835*       -0.048
 PFC09          0.834*        0.013        -0.032
 PFC10          0.388*       -0.040         0.204*
 PFC11          0.102         0.385*        0.251*
 PFC12         -0.072*        0.020         0.910*
 PFC13          0.021         0.050         0.687*
 PFC14          0.144*        0.498*        0.209*
 PFC15          0.283*        0.156*        0.329*
 PFC17          0.329*        0.085         0.401*
 PFC18          0.047        -0.011         0.896*
 PFC19          0.211*        0.191*        0.554*
 PFC20          0.199*        0.157*        0.467*
 PFC21          0.118         0.366*        0.301*
 PFC22          0.360*        0.419*        0.182*
 PFC23          0.289*        0.425*        0.249*


           CF-VARIMAX FACTOR CORRELATIONS (* significant at 5% level)
                  1             2             3
              ________      ________      ________
      1         1.000
      2         0.413*        1.000
      3         0.394*        0.458*        1.000


           ESTIMATED RESIDUAL VARIANCES
              PFC01         PFC02         PFC03         PFC04         PFC05
              ________      ________      ________      ________      ________
                0.440         0.606         0.253         0.248         0.589


           ESTIMATED RESIDUAL VARIANCES
              PFC06         PFC07         PFC08         PFC09         PFC10
              ________      ________      ________      ________      ________
                0.764         0.614         0.351         0.316         0.764


           ESTIMATED RESIDUAL VARIANCES
              PFC11         PFC12         PFC13         PFC14         PFC15
              ________      ________      ________      ________      ________
                0.637         0.201         0.481         0.510         0.630


           ESTIMATED RESIDUAL VARIANCES
              PFC17         PFC18         PFC19         PFC20         PFC21
              ________      ________      ________      ________      ________
                0.565         0.171         0.390         0.552         0.597


           ESTIMATED RESIDUAL VARIANCES
              PFC22         PFC23
              ________      ________
                0.415         0.419


           S.E. CF-VARIMAX ROTATED LOADINGS
                  1             2             3
              ________      ________      ________
 PFC01          0.049         0.060         0.058
 PFC02          0.055         0.052         0.045
 PFC03          0.041         0.041         0.042
 PFC04          0.031         0.037         0.031
 PFC05          0.056         0.061         0.060
 PFC06          0.061         0.060         0.055
 PFC07          0.049         0.050         0.054
 PFC08          0.035         0.043         0.038
 PFC09          0.056         0.052         0.053
 PFC10          0.059         0.061         0.060
 PFC11          0.055         0.057         0.054
 PFC12          0.036         0.036         0.031
 PFC13          0.049         0.049         0.040
 PFC14          0.059         0.057         0.054
 PFC15          0.054         0.055         0.054
 PFC17          0.058         0.055         0.051
 PFC18          0.047         0.043         0.038
 PFC19          0.053         0.061         0.047
 PFC20          0.062         0.060         0.056
 PFC21          0.066         0.050         0.066
 PFC22          0.053         0.054         0.050
 PFC23          0.054         0.060         0.055


           S.E. CF-VARIMAX FACTOR CORRELATIONS
                  1             2             3
              ________      ________      ________
      1         0.000
      2         0.038         0.000
      3         0.043         0.036         0.000


           S.E. ESTIMATED RESIDUAL VARIANCES
              PFC01         PFC02         PFC03         PFC04         PFC05
              ________      ________      ________      ________      ________
                0.063         0.039         0.057         0.049         0.045


           S.E. ESTIMATED RESIDUAL VARIANCES
              PFC06         PFC07         PFC08         PFC09         PFC10
              ________      ________      ________      ________      ________
                0.042         0.038         0.051         0.072         0.041


           S.E. ESTIMATED RESIDUAL VARIANCES
              PFC11         PFC12         PFC13         PFC14         PFC15
              ________      ________      ________      ________      ________
                0.044         0.038         0.044         0.053         0.043


           S.E. ESTIMATED RESIDUAL VARIANCES
              PFC17         PFC18         PFC19         PFC20         PFC21
              ________      ________      ________      ________      ________
                0.046         0.052         0.044         0.051         0.053


           S.E. ESTIMATED RESIDUAL VARIANCES
              PFC22         PFC23
              ________      ________
                0.041         0.041


           Est./S.E. CF-VARIMAX ROTATED LOADINGS
                  1             2             3
              ________      ________      ________
 PFC01         15.577        -0.195        -0.387
 PFC02          2.471         4.630         8.770
 PFC03         21.671        -0.306        -1.442
 PFC04         -0.936        24.992        -2.937
 PFC05          6.229         4.652         3.000
 PFC06          0.733         5.245         4.060
 PFC07          1.563         8.846         4.110
 PFC08         -0.641        19.354        -1.253
 PFC09         14.823         0.250        -0.614
 PFC10          6.522        -0.646         3.391
 PFC11          1.867         6.770         4.607
 PFC12         -1.961         0.563        29.404
 PFC13          0.438         1.038        17.367
 PFC14          2.416         8.751         3.862
 PFC15          5.268         2.829         6.085
 PFC17          5.628         1.554         7.905
 PFC18          1.001        -0.251        23.622
 PFC19          3.954         3.157        11.886
 PFC20          3.221         2.638         8.268
 PFC21          1.793         7.251         4.585
 PFC22          6.845         7.826         3.652
 PFC23          5.312         7.099         4.499


           Est./S.E. CF-VARIMAX FACTOR CORRELATIONS
                  1             2             3
              ________      ________      ________
      1         0.000
      2        10.790         0.000
      3         9.241        12.659         0.000


           Est./S.E. ESTIMATED RESIDUAL VARIANCES
              PFC01         PFC02         PFC03         PFC04         PFC05
              ________      ________      ________      ________      ________
                7.025        15.539         4.418         5.039        13.204


           Est./S.E. ESTIMATED RESIDUAL VARIANCES
              PFC06         PFC07         PFC08         PFC09         PFC10
              ________      ________      ________      ________      ________
               18.224        16.140         6.923         4.408        18.797


           Est./S.E. ESTIMATED RESIDUAL VARIANCES
              PFC11         PFC12         PFC13         PFC14         PFC15
              ________      ________      ________      ________      ________
               14.544         5.344        11.024         9.610        14.709


           Est./S.E. ESTIMATED RESIDUAL VARIANCES
              PFC17         PFC18         PFC19         PFC20         PFC21
              ________      ________      ________      ________      ________
               12.273         3.302         8.853        10.826        11.292


           Est./S.E. ESTIMATED RESIDUAL VARIANCES
              PFC22         PFC23
              ________      ________
               10.186        10.095


           FACTOR STRUCTURE
                  1             2             3
              ________      ________      ________
 PFC01          0.748         0.293         0.272
 PFC02          0.392         0.481         0.563
 PFC03          0.862         0.328         0.285
 PFC04          0.314         0.862         0.317
 PFC05          0.535         0.510         0.446
 PFC06          0.263         0.437         0.386
 PFC07          0.347         0.579         0.456
 PFC08          0.303         0.804         0.326
 PFC09          0.827         0.343         0.302
 PFC10          0.452         0.214         0.339
 PFC11          0.360         0.542         0.468
 PFC12          0.295         0.408         0.892
 PFC13          0.313         0.374         0.718
 PFC14          0.431         0.653         0.494
 PFC15          0.477         0.424         0.512
 PFC17          0.522         0.405         0.570
 PFC18          0.396         0.419         0.910
 PFC19          0.508         0.532         0.725
 PFC20          0.448         0.453         0.617
 PFC21          0.388         0.553         0.515
 PFC22          0.605         0.651         0.516
 PFC23          0.563         0.658         0.558


PLOT INFORMATION

The following plots are available:

  Eigenvalues for exploratory factor analysis

DIAGRAM INFORMATION

  Mplus diagrams are currently not available for EFA.
  No diagram output was produced.


     Beginning Time:  12:33:45
        Ending Time:  12:33:45
       Elapsed Time:  00:00:00



MUTHEN & MUTHEN
3463 Stoner Ave.
Los Angeles, CA  90066

Tel: (310) 391-9971
Fax: (310) 391-8971
Web: www.StatModel.com
Support: Support@StatModel.com

Copyright (c) 1998-2021 Muthen & Muthen
