Mplus VERSION 8.6
MUTHEN & MUTHEN
01/17/2022   9:18 PM

INPUT INSTRUCTIONS

  TITLE: EFA of PFC using WLSMV with missing data
  Version 4.2 -- omitting PFC06 + PFC05

  DATA: FILE IS "C:\Users\forev\Documents\Nicolas\
  pfc_fa\paper\analysis_data\pfc_final.dat";

  VARIABLE:
    NAMES ARE subid pfc01 pfc02 pfc03 pfc04 pfc05 pfc06
    pfc07 pfc08 pfc09 pfc10 pfc11 pfc12 pfc13
    pfc14 pfc15 pfc16 pfc17 pfc18 pfc19 pfc20
    pfc21 pfc22 pfc23;
    USEVARIABLES ARE pfc01 pfc02 pfc03 pfc04
    pfc07 pfc08 pfc09 pfc10 pfc11 pfc12 pfc13
    pfc14 pfc15 pfc16 pfc17 pfc18 pfc19 pfc20
    pfc21 pfc22 pfc23;
    CATEGORICAL ARE pfc02-pfc23;
    MISSING ARE ALL (99);

  ANALYSIS:
    TYPE IS EFA 4 4;
    ESTIMATOR IS WLSMV;
    ROTATION IS CF-VARIMAX (OBLIQUE);
    ITERATIONS = 1000;
    CONVERGENCE = 0.00005;

  OUTPUT: SAMPSTAT;

  PLOT: TYPE = PLOT2;



INPUT READING TERMINATED NORMALLY



EFA of PFC using WLSMV with missing data
Version 4.2 -- omitting PFC06 + PFC05

SUMMARY OF ANALYSIS

Number of groups                                                 1
Number of observations                                         450

Number of dependent variables                                   21
Number of independent variables                                  0
Number of continuous latent variables                            0

Observed dependent variables

  Continuous
   PFC01

  Binary and ordered categorical (ordinal)
   PFC02       PFC03       PFC04       PFC07       PFC08       PFC09
   PFC10       PFC11       PFC12       PFC13       PFC14       PFC15
   PFC16       PFC17       PFC18       PFC19       PFC20       PFC21
   PFC22       PFC23


Estimator                                                    WLSMV
Rotation                                                CF-VARIMAX
Row standardization                                    CORRELATION
Type of rotation                                           OBLIQUE
Maximum number of iterations                                  1000
Convergence criterion                                    0.500D-04
Maximum number of steepest descent iterations                   20
Maximum number of iterations for H1                           2000
Convergence criterion for H1                             0.100D-03
Optimization Specifications for the Exploratory Factor Analysis
Rotation Algorithm
  Number of random starts                                       30
  Maximum number of iterations                               10000
  Derivative convergence criterion                       0.100D-04
Link                                                        PROBIT

Input data file(s)
  C:\Users\forev\Documents\Nicolas\pfc_fa\paper\analysis_data\pfc_final.dat

Input data format  FREE


SUMMARY OF DATA

     Number of missing data patterns            10


COVARIANCE COVERAGE OF DATA

Minimum covariance coverage value   0.100


     PROPORTION OF DATA PRESENT


           Covariance Coverage
              PFC01         PFC02         PFC03         PFC04         PFC07
              ________      ________      ________      ________      ________
 PFC01          1.000
 PFC02          1.000         1.000
 PFC03          1.000         1.000         1.000
 PFC04          0.998         0.998         0.998         0.998
 PFC07          0.998         0.998         0.998         0.996         0.998
 PFC08          0.998         0.998         0.998         0.996         0.998
 PFC09          0.993         0.993         0.993         0.991         0.993
 PFC10          0.998         0.998         0.998         0.996         0.998
 PFC11          0.991         0.991         0.991         0.989         0.991
 PFC12          0.998         0.998         0.998         0.996         0.998
 PFC13          0.998         0.998         0.998         0.996         0.998
 PFC14          0.998         0.998         0.998         0.996         0.998
 PFC15          0.989         0.989         0.989         0.987         0.989
 PFC16          0.989         0.989         0.989         0.987         0.989
 PFC17          0.989         0.989         0.989         0.987         0.989
 PFC18          0.989         0.989         0.989         0.987         0.989
 PFC19          0.984         0.984         0.984         0.982         0.984
 PFC20          0.984         0.984         0.984         0.982         0.984
 PFC21          0.984         0.984         0.984         0.982         0.984
 PFC22          0.987         0.987         0.987         0.984         0.987
 PFC23          0.987         0.987         0.987         0.984         0.987


           Covariance Coverage
              PFC08         PFC09         PFC10         PFC11         PFC12
              ________      ________      ________      ________      ________
 PFC08          0.998
 PFC09          0.993         0.993
 PFC10          0.998         0.993         0.998
 PFC11          0.991         0.987         0.991         0.991
 PFC12          0.998         0.993         0.998         0.991         0.998
 PFC13          0.998         0.993         0.998         0.991         0.998
 PFC14          0.998         0.993         0.998         0.991         0.998
 PFC15          0.989         0.984         0.989         0.982         0.989
 PFC16          0.989         0.984         0.989         0.982         0.989
 PFC17          0.989         0.984         0.989         0.982         0.989
 PFC18          0.989         0.984         0.989         0.982         0.989
 PFC19          0.984         0.980         0.984         0.980         0.984
 PFC20          0.984         0.980         0.984         0.978         0.984
 PFC21          0.984         0.980         0.984         0.978         0.984
 PFC22          0.987         0.982         0.987         0.980         0.987
 PFC23          0.987         0.982         0.987         0.980         0.987


           Covariance Coverage
              PFC13         PFC14         PFC15         PFC16         PFC17
              ________      ________      ________      ________      ________
 PFC13          0.998
 PFC14          0.998         0.998
 PFC15          0.989         0.989         0.989
 PFC16          0.989         0.989         0.989         0.989
 PFC17          0.989         0.989         0.989         0.989         0.989
 PFC18          0.989         0.989         0.989         0.989         0.989
 PFC19          0.984         0.984         0.984         0.984         0.984
 PFC20          0.984         0.984         0.984         0.984         0.984
 PFC21          0.984         0.984         0.984         0.984         0.984
 PFC22          0.987         0.987         0.987         0.987         0.987
 PFC23          0.987         0.987         0.987         0.987         0.987


           Covariance Coverage
              PFC18         PFC19         PFC20         PFC21         PFC22
              ________      ________      ________      ________      ________
 PFC18          0.989
 PFC19          0.984         0.984
 PFC20          0.984         0.982         0.984
 PFC21          0.984         0.982         0.982         0.984
 PFC22          0.987         0.984         0.984         0.984         0.987
 PFC23          0.987         0.984         0.984         0.984         0.987


           Covariance Coverage
              PFC23
              ________
 PFC23          0.987


UNIVARIATE PROPORTIONS AND COUNTS FOR CATEGORICAL VARIABLES

    PFC02
      Category 1    0.293          132.000
      Category 2    0.531          239.000
      Category 3    0.142           64.000
      Category 4    0.024           11.000
      Category 5    0.009            4.000
    PFC03
      Category 1    0.740          333.000
      Category 2    0.242          109.000
      Category 3    0.018            8.000
    PFC04
      Category 1    0.218           98.000
      Category 2    0.445          200.000
      Category 3    0.254          114.000
      Category 4    0.065           29.000
      Category 5    0.018            8.000
    PFC07
      Category 1    0.109           49.000
      Category 2    0.363          163.000
      Category 3    0.376          169.000
      Category 4    0.114           51.000
      Category 5    0.038           17.000
    PFC08
      Category 1    0.323          145.000
      Category 2    0.450          202.000
      Category 3    0.167           75.000
      Category 4    0.045           20.000
      Category 5    0.016            7.000
    PFC09
      Category 1    0.848          379.000
      Category 2    0.136           61.000
      Category 3    0.013            6.000
      Category 4    0.002            1.000
    PFC10
      Category 1    0.225          101.000
      Category 2    0.486          218.000
      Category 3    0.227          102.000
      Category 4    0.038           17.000
      Category 5    0.024           11.000
    PFC11
      Category 1    0.460          205.000
      Category 2    0.363          162.000
      Category 3    0.132           59.000
      Category 4    0.036           16.000
      Category 5    0.009            4.000
    PFC12
      Category 1    0.590          265.000
      Category 2    0.318          143.000
      Category 3    0.067           30.000
      Category 4    0.018            8.000
      Category 5    0.007            3.000
    PFC13
      Category 1    0.550          247.000
      Category 2    0.312          140.000
      Category 3    0.109           49.000
      Category 4    0.020            9.000
      Category 5    0.009            4.000
    PFC14
      Category 1    0.722          324.000
      Category 2    0.185           83.000
      Category 3    0.053           24.000
      Category 4    0.024           11.000
      Category 5    0.016            7.000
    PFC15
      Category 1    0.609          271.000
      Category 2    0.263          117.000
      Category 3    0.054           24.000
      Category 4    0.020            9.000
      Category 5    0.054           24.000
    PFC16
      Category 1    0.425          189.000
      Category 2    0.369          164.000
      Category 3    0.171           76.000
      Category 4    0.018            8.000
      Category 5    0.018            8.000
    PFC17
      Category 1    0.604          269.000
      Category 2    0.333          148.000
      Category 3    0.058           26.000
      Category 4    0.004            2.000
    PFC18
      Category 1    0.802          357.000
      Category 2    0.146           65.000
      Category 3    0.031           14.000
      Category 4    0.020            9.000
    PFC19
      Category 1    0.700          310.000
      Category 2    0.183           81.000
      Category 3    0.088           39.000
      Category 4    0.023           10.000
      Category 5    0.007            3.000
    PFC20
      Category 1    0.695          308.000
      Category 2    0.185           82.000
      Category 3    0.086           38.000
      Category 4    0.029           13.000
      Category 5    0.005            2.000
    PFC21
      Category 1    0.797          353.000
      Category 2    0.126           56.000
      Category 3    0.050           22.000
      Category 4    0.020            9.000
      Category 5    0.007            3.000
    PFC22
      Category 1    0.572          254.000
      Category 2    0.320          142.000
      Category 3    0.088           39.000
      Category 4    0.016            7.000
      Category 5    0.005            2.000
    PFC23
      Category 1    0.628          279.000
      Category 2    0.191           85.000
      Category 3    0.117           52.000
      Category 4    0.047           21.000
      Category 5    0.016            7.000


SAMPLE STATISTICS


     ESTIMATED SAMPLE STATISTICS


           MEANS/INTERCEPTS/THRESHOLDS
              PFC01         PFC02$1       PFC02$2       PFC02$3       PFC02$4
              ________      ________      ________      ________      ________
                0.318        -0.544         0.932         1.834         2.370


           MEANS/INTERCEPTS/THRESHOLDS
              PFC03$1       PFC03$2       PFC04$1       PFC04$2       PFC04$3
              ________      ________      ________      ________      ________
                0.643         2.102        -0.778         0.423         1.389


           MEANS/INTERCEPTS/THRESHOLDS
              PFC04$4       PFC07$1       PFC07$2       PFC07$3       PFC07$4
              ________      ________      ________      ________      ________
                2.101        -1.231        -0.070         1.030         1.776


           MEANS/INTERCEPTS/THRESHOLDS
              PFC08$1       PFC08$2       PFC08$3       PFC08$4       PFC09$1
              ________      ________      ________      ________      ________
               -0.459         0.748         1.554         2.155         1.027


           MEANS/INTERCEPTS/THRESHOLDS
              PFC09$2       PFC09$3       PFC10$1       PFC10$2       PFC10$3
              ________      ________      ________      ________      ________
                2.153         2.843        -0.756         0.555         1.535


           MEANS/INTERCEPTS/THRESHOLDS
              PFC10$4       PFC11$1       PFC11$2       PFC11$3       PFC11$4
              ________      ________      ________      ________      ________
                1.969        -0.101         0.926         1.697         2.367


           MEANS/INTERCEPTS/THRESHOLDS
              PFC12$1       PFC12$2       PFC12$3       PFC12$4       PFC13$1
              ________      ________      ________      ________      ________
                0.228         1.333         1.969         2.474         0.126


           MEANS/INTERCEPTS/THRESHOLDS
              PFC13$2       PFC13$3       PFC13$4       PFC14$1       PFC14$2
              ________      ________      ________      ________      ________
                1.089         1.896         2.369         0.588         1.319


           MEANS/INTERCEPTS/THRESHOLDS
              PFC14$3       PFC14$4       PFC15$1       PFC15$2       PFC15$3
              ________      ________      ________      ________      ________
                1.750         2.155         0.277         1.135         1.446


           MEANS/INTERCEPTS/THRESHOLDS
              PFC15$4       PFC16$1       PFC16$2       PFC16$3       PFC16$4
              ________      ________      ________      ________      ________
                1.608        -0.190         0.818         1.800         2.097


           MEANS/INTERCEPTS/THRESHOLDS
              PFC17$1       PFC17$2       PFC17$3       PFC18$1       PFC18$2
              ________      ________      ________      ________      ________
                0.265         1.531         2.612         0.850         1.629


           MEANS/INTERCEPTS/THRESHOLDS
              PFC18$3       PFC19$1       PFC19$2       PFC19$3       PFC19$4
              ________      ________      ________      ________      ________
                2.049         0.524         1.188         1.891         2.469


           MEANS/INTERCEPTS/THRESHOLDS
              PFC20$1       PFC20$2       PFC20$3       PFC20$4       PFC21$1
              ________      ________      ________      ________      ________
                0.511         1.177         1.827         2.611         0.830


           MEANS/INTERCEPTS/THRESHOLDS
              PFC21$2       PFC21$3       PFC21$4       PFC22$1       PFC22$2
              ________      ________      ________      ________      ________
                1.427         1.925         2.469         0.182         1.237


           MEANS/INTERCEPTS/THRESHOLDS
              PFC22$3       PFC22$4       PFC23$1       PFC23$2       PFC23$3
              ________      ________      ________      ________      ________
                2.048         2.612         0.328         0.915         1.530


           MEANS/INTERCEPTS/THRESHOLDS
              PFC23$4
              ________
                2.150


           CORRELATION MATRIX (WITH VARIANCES ON THE DIAGONAL)
              PFC01         PFC02         PFC03         PFC04         PFC07
              ________      ________      ________      ________      ________
 PFC01          0.341
 PFC02          0.190
 PFC03          0.429         0.353
 PFC04          0.183         0.354         0.299
 PFC07          0.138         0.491         0.329         0.452
 PFC08          0.193         0.336         0.239         0.728         0.442
 PFC09          0.400         0.240         0.792         0.327         0.289
 PFC10          0.410         0.286         0.221         0.111         0.150
 PFC11          0.211         0.337         0.258         0.418         0.392
 PFC12          0.160         0.491         0.261         0.333         0.336
 PFC13          0.143         0.381         0.214         0.259         0.335
 PFC14          0.154         0.362         0.340         0.566         0.287
 PFC15          0.254         0.296         0.290         0.322         0.247
 PFC16          0.216         0.163         0.219         0.231         0.148
 PFC17          0.245         0.420         0.480         0.320         0.373
 PFC18          0.188         0.507         0.339         0.387         0.363
 PFC19          0.252         0.496         0.386         0.377         0.447
 PFC20          0.192         0.410         0.406         0.331         0.424
 PFC21          0.135         0.356         0.252         0.431         0.389
 PFC22          0.410         0.394         0.396         0.487         0.387
 PFC23          0.324         0.472         0.404         0.455         0.569


           CORRELATION MATRIX (WITH VARIANCES ON THE DIAGONAL)
              PFC08         PFC09         PFC10         PFC11         PFC12
              ________      ________      ________      ________      ________
 PFC09          0.298
 PFC10          0.178         0.167
 PFC11          0.408         0.307         0.272
 PFC12          0.316         0.315         0.257         0.419
 PFC13          0.289         0.237         0.284         0.402         0.647
 PFC14          0.488         0.429         0.224         0.504         0.472
 PFC15          0.314         0.386         0.307         0.335         0.401
 PFC16          0.214         0.180         0.259         0.350         0.174
 PFC17          0.313         0.410         0.281         0.257         0.466
 PFC18          0.369         0.463         0.280         0.371         0.837
 PFC19          0.405         0.335         0.353         0.438         0.586
 PFC20          0.305         0.324         0.223         0.367         0.488
 PFC21          0.368         0.335         0.202         0.448         0.391
 PFC22          0.469         0.346         0.367         0.463         0.424
 PFC23          0.439         0.413         0.286         0.455         0.437


           CORRELATION MATRIX (WITH VARIANCES ON THE DIAGONAL)
              PFC13         PFC14         PFC15         PFC16         PFC17
              ________      ________      ________      ________      ________
 PFC14          0.431
 PFC15          0.442         0.466
 PFC16          0.241         0.312         0.489
 PFC17          0.438         0.379         0.415         0.256
 PFC18          0.617         0.420         0.420         0.234         0.537
 PFC19          0.567         0.457         0.514         0.408         0.522
 PFC20          0.440         0.308         0.419         0.354         0.446
 PFC21          0.354         0.493         0.360         0.289         0.410
 PFC22          0.369         0.623         0.504         0.361         0.428
 PFC23          0.405         0.445         0.381         0.302         0.426


           CORRELATION MATRIX (WITH VARIANCES ON THE DIAGONAL)
              PFC18         PFC19         PFC20         PFC21         PFC22
              ________      ________      ________      ________      ________
 PFC19          0.654
 PFC20          0.577         0.553
 PFC21          0.463         0.429         0.500
 PFC22          0.424         0.567         0.433         0.494
 PFC23          0.491         0.541         0.521         0.523         0.670


           CORRELATION MATRIX (WITH VARIANCES ON THE DIAGONAL)
              PFC23
              ________


UNIVARIATE SAMPLE STATISTICS


     UNIVARIATE HIGHER-ORDER MOMENT DESCRIPTIVE STATISTICS

         Variable/         Mean/     Skewness/   Minimum/ % with                Percentiles
        Sample Size      Variance    Kurtosis    Maximum  Min/Max      20%/60%    40%/80%    Median

     PFC01                 0.318       1.875       0.000   73.78%       0.000      0.000      0.000
             450.000       0.341       3.328       3.000    0.67%       0.000      1.000


RESULTS FOR EXPLORATORY FACTOR ANALYSIS


           EIGENVALUES FOR SAMPLE CORRELATION MATRIX
                  1             2             3             4             5
              ________      ________      ________      ________      ________
                8.641         1.570         1.468         1.274         1.007


           EIGENVALUES FOR SAMPLE CORRELATION MATRIX
                  6             7             8             9            10
              ________      ________      ________      ________      ________
                0.908         0.730         0.655         0.617         0.575


           EIGENVALUES FOR SAMPLE CORRELATION MATRIX
                 11            12            13            14            15
              ________      ________      ________      ________      ________
                0.528         0.472         0.444         0.396         0.373


           EIGENVALUES FOR SAMPLE CORRELATION MATRIX
                 16            17            18            19            20
              ________      ________      ________      ________      ________
                0.342         0.311         0.245         0.216         0.155


           EIGENVALUES FOR SAMPLE CORRELATION MATRIX
                 21
              ________
                0.075


EXPLORATORY FACTOR ANALYSIS WITH 4 FACTOR(S):


MODEL FIT INFORMATION

Number of Free Parameters                       79

Chi-Square Test of Model Fit

          Value                            302.822*
          Degrees of Freedom                   132
          P-Value                           0.0000

*   The chi-square value for MLM, MLMV, MLR, ULSMV, WLSM and WLSMV cannot be used
    for chi-square difference testing in the regular way.  MLM, MLR and WLSM
    chi-square difference testing is described on the Mplus website.  MLMV, WLSMV,
    and ULSMV difference testing is done using the DIFFTEST option.

RMSEA (Root Mean Square Error Of Approximation)

          Estimate                           0.054
          90 Percent C.I.                    0.046  0.062
          Probability RMSEA <= .05           0.219

CFI/TLI

          CFI                                0.971
          TLI                                0.954

Chi-Square Test of Model Fit for the Baseline Model

          Value                           6143.826
          Degrees of Freedom                   210
          P-Value                           0.0000

SRMR (Standardized Root Mean Square Residual)

          Value                              0.043



MINIMUM ROTATION FUNCTION VALUE       0.35510



           CF-VARIMAX ROTATED LOADINGS (* significant at 5% level)
                  1             2             3             4
              ________      ________      ________      ________
 PFC01          0.412*       -0.056        -0.153*        0.357*
 PFC02          0.171*        0.216*        0.411*        0.018
 PFC03          0.997*       -0.021        -0.017        -0.031
 PFC04          0.023         0.888*       -0.041        -0.016
 PFC07          0.171*        0.436*        0.281*       -0.076
 PFC08          0.002         0.794*       -0.014         0.031
 PFC09          0.762*        0.060         0.031         0.027
 PFC10          0.136*       -0.108*        0.060         0.459*
 PFC11         -0.006         0.324*        0.153*        0.316*
 PFC12         -0.023         0.030         0.865*        0.039
 PFC13         -0.072         0.001         0.608*        0.256*
 PFC14          0.022         0.426*        0.107*        0.341*
 PFC15          0.054         0.017         0.123*        0.605*
 PFC16         -0.026         0.000        -0.068         0.656*
 PFC17          0.293*        0.050         0.355*        0.172*
 PFC18          0.116*        0.024         0.883*       -0.015
 PFC19          0.094         0.095         0.439*        0.381*
 PFC20          0.158*        0.099         0.394*        0.229*
 PFC21          0.037         0.318*        0.234*        0.244*
 PFC22          0.152*        0.327*        0.008         0.517*
 PFC23          0.225*        0.368*        0.188*        0.244*


           CF-VARIMAX FACTOR CORRELATIONS (* significant at 5% level)
                  1             2             3             4
              ________      ________      ________      ________
      1         1.000
      2         0.346*        1.000
      3         0.334*        0.395*        1.000
      4         0.378*        0.434*        0.457*        1.000


           ESTIMATED RESIDUAL VARIANCES
              PFC01         PFC02         PFC03         PFC04         PFC07
              ________      ________      ________      ________      ________
                0.684         0.599         0.052         0.237         0.574


           ESTIMATED RESIDUAL VARIANCES
              PFC08         PFC09         PFC10         PFC11         PFC12
              ________      ________      ________      ________      ________
                0.355         0.348         0.735         0.603         0.212


           ESTIMATED RESIDUAL VARIANCES
              PFC13         PFC14         PFC15         PFC16         PFC17
              ________      ________      ________      ________      ________
                0.460         0.481         0.508         0.618         0.561


           ESTIMATED RESIDUAL VARIANCES
              PFC18         PFC19         PFC20         PFC21         PFC22
              ________      ________      ________      ________      ________
                0.133         0.367         0.545         0.585         0.355


           ESTIMATED RESIDUAL VARIANCES
              PFC23
              ________
                0.419


           S.E. CF-VARIMAX ROTATED LOADINGS
                  1             2             3             4
              ________      ________      ________      ________
 PFC01          0.046         0.052         0.053         0.062
 PFC02          0.053         0.055         0.051         0.061
 PFC03          0.054         0.026         0.028         0.030
 PFC04          0.029         0.039         0.031         0.032
 PFC07          0.051         0.052         0.055         0.057
 PFC08          0.036         0.045         0.038         0.041
 PFC09          0.069         0.052         0.056         0.070
 PFC10          0.063         0.054         0.056         0.064
 PFC11          0.059         0.056         0.056         0.066
 PFC12          0.037         0.036         0.038         0.045
 PFC13          0.051         0.049         0.044         0.059
 PFC14          0.059         0.061         0.054         0.069
 PFC15          0.047         0.049         0.052         0.061
 PFC16          0.049         0.046         0.050         0.064
 PFC17          0.060         0.058         0.053         0.070
 PFC18          0.045         0.042         0.043         0.048
 PFC19          0.050         0.063         0.047         0.066
 PFC20          0.059         0.059         0.060         0.062
 PFC21          0.067         0.051         0.070         0.068
 PFC22          0.051         0.054         0.046         0.057
 PFC23          0.056         0.059         0.056         0.062


           S.E. CF-VARIMAX FACTOR CORRELATIONS
                  1             2             3             4
              ________      ________      ________      ________
      1         0.000
      2         0.045         0.000
      3         0.049         0.041         0.000
      4         0.050         0.038         0.041         0.000


           S.E. ESTIMATED RESIDUAL VARIANCES
              PFC01         PFC02         PFC03         PFC04         PFC07
              ________      ________      ________      ________      ________
                0.042         0.042         0.095         0.052         0.042


           S.E. ESTIMATED RESIDUAL VARIANCES
              PFC08         PFC09         PFC10         PFC11         PFC12
              ________      ________      ________      ________      ________
                0.050         0.072         0.047         0.043         0.040


           S.E. ESTIMATED RESIDUAL VARIANCES
              PFC13         PFC14         PFC15         PFC16         PFC17
              ________      ________      ________      ________      ________
                0.044         0.052         0.049         0.063         0.047


           S.E. ESTIMATED RESIDUAL VARIANCES
              PFC18         PFC19         PFC20         PFC21         PFC22
              ________      ________      ________      ________      ________
                0.052         0.046         0.051         0.054         0.040


           S.E. ESTIMATED RESIDUAL VARIANCES
              PFC23
              ________
                0.042


           Est./S.E. CF-VARIMAX ROTATED LOADINGS
                  1             2             3             4
              ________      ________      ________      ________
 PFC01          8.866        -1.077        -2.882         5.719
 PFC02          3.223         3.966         8.101         0.294
 PFC03         18.461        -0.829        -0.601        -1.049
 PFC04          0.803        22.901        -1.310        -0.502
 PFC07          3.380         8.435         5.155        -1.334
 PFC08          0.067        17.756        -0.370         0.768
 PFC09         11.033         1.162         0.547         0.384
 PFC10          2.155        -1.988         1.080         7.153
 PFC11         -0.097         5.768         2.718         4.814
 PFC12         -0.632         0.838        22.874         0.855
 PFC13         -1.402         0.029        13.728         4.307
 PFC14          0.373         7.001         1.993         4.927
 PFC15          1.161         0.339         2.354         9.975
 PFC16         -0.543        -0.005        -1.353        10.316
 PFC17          4.858         0.869         6.640         2.476
 PFC18          2.605         0.572        20.702        -0.306
 PFC19          1.891         1.504         9.284         5.756
 PFC20          2.686         1.667         6.610         3.712
 PFC21          0.556         6.285         3.344         3.587
 PFC22          2.974         6.041         0.180         9.023
 PFC23          4.056         6.179         3.330         3.904


           Est./S.E. CF-VARIMAX FACTOR CORRELATIONS
                  1             2             3             4
              ________      ________      ________      ________
      1         0.000
      2         7.621         0.000
      3         6.764         9.585         0.000
      4         7.544        11.311        11.045         0.000


           Est./S.E. ESTIMATED RESIDUAL VARIANCES
              PFC01         PFC02         PFC03         PFC04         PFC07
              ________      ________      ________      ________      ________
               16.173        14.123         0.546         4.568        13.566


           Est./S.E. ESTIMATED RESIDUAL VARIANCES
              PFC08         PFC09         PFC10         PFC11         PFC12
              ________      ________      ________      ________      ________
                7.044         4.819        15.546        14.042         5.349


           Est./S.E. ESTIMATED RESIDUAL VARIANCES
              PFC13         PFC14         PFC15         PFC16         PFC17
              ________      ________      ________      ________      ________
               10.518         9.259        10.375         9.825        12.042


           Est./S.E. ESTIMATED RESIDUAL VARIANCES
              PFC18         PFC19         PFC20         PFC21         PFC22
              ________      ________      ________      ________      ________
                2.552         7.992        10.752        10.884         8.885


           Est./S.E. ESTIMATED RESIDUAL VARIANCES
              PFC23
              ________
               10.035


           FACTOR STRUCTURE
                  1             2             3             4
              ________      ________      ________      ________
 PFC01          0.476         0.181         0.125         0.418
 PFC02          0.389         0.446         0.562         0.364
 PFC03          0.973         0.304         0.293         0.329
 PFC04          0.311         0.873         0.310         0.359
 PFC07          0.387         0.573         0.475         0.306
 PFC08          0.284         0.802         0.314         0.370
 PFC09          0.803         0.347         0.321         0.355
 PFC10          0.293         0.162         0.273         0.492
 PFC11          0.277         0.519         0.423         0.524
 PFC12          0.290         0.380         0.887         0.438
 PFC13          0.228         0.328         0.701         0.507
 PFC14          0.334         0.624         0.438         0.583
 PFC15          0.329         0.346         0.424         0.689
 PFC16          0.198         0.248         0.222         0.614
 PFC17          0.494         0.366         0.551         0.467
 PFC18          0.413         0.406         0.924         0.443
 PFC19          0.417         0.466         0.681         0.658
 PFC20          0.411         0.409         0.590         0.512
 PFC21          0.317         0.529         0.483         0.503
 PFC22          0.464         0.607         0.424         0.720
 PFC23          0.507         0.625         0.519         0.574


PLOT INFORMATION

The following plots are available:

  Eigenvalues for exploratory factor analysis

DIAGRAM INFORMATION

  Mplus diagrams are currently not available for EFA.
  No diagram output was produced.


     Beginning Time:  21:18:55
        Ending Time:  21:18:55
       Elapsed Time:  00:00:00



MUTHEN & MUTHEN
3463 Stoner Ave.
Los Angeles, CA  90066

Tel: (310) 391-9971
Fax: (310) 391-8971
Web: www.StatModel.com
Support: Support@StatModel.com

Copyright (c) 1998-2021 Muthen & Muthen
