Mplus VERSION 8.6
MUTHEN & MUTHEN
07/24/2023   1:13 PM

INPUT INSTRUCTIONS

  TITLE: 3-Factor ESEM of PFC-S using WLSMV with missing data
  Version 3.1 -- omitting PFC16

  DATA: FILE IS "C:\Users\forev\Documents\NicolasCamacho\
  pfc_fa\paper\updated_process\data\pfc_final.dat";

  VARIABLE:
    NAMES ARE subid pfc01 pfc02 pfc03 pfc04 pfc05 pfc06
    pfc07 pfc08 pfc09 pfc10 pfc11 pfc12 pfc13
    pfc14 pfc15 pfc16 pfc17 pfc18 pfc19 pfc20
    pfc21 pfc22 pfc23;
    USEVARIABLES ARE pfc01 pfc02 pfc03 pfc04 pfc05 pfc06
    pfc07 pfc08 pfc09 pfc10 pfc11 pfc12 pfc13
    pfc14 pfc15 pfc17 pfc18 pfc19 pfc20
    pfc21 pfc22 pfc23;
    CATEGORICAL ARE pfc01-pfc23;
    MISSING ARE ALL (99);

  ANALYSIS:
    ESTIMATOR IS WLSMV;
    ROTATION IS GEOMIN (.5);
    PARAMETERIZATION IS THETA;

  MODEL:
    F1-F3 BY pfc01-pfc23 (*1);

  OUTPUT: SAMPSTAT STDY STDYX;

  PLOT: TYPE = PLOT2;

  SAVEDATA: SAVE = FSCORES; FILE = "C:\Users\forev\Documents\NicolasCamacho\
  pfc_fa\paper\updated_process\data\fscores_pfcs.dat";



INPUT READING TERMINATED NORMALLY



3-Factor ESEM of PFC-S using WLSMV with missing data
Version 3.1 -- omitting PFC16

SUMMARY OF ANALYSIS

Number of groups                                                 1
Number of observations                                         450

Number of dependent variables                                   22
Number of independent variables                                  0
Number of continuous latent variables                            3

Observed dependent variables

  Binary and ordered categorical (ordinal)
   PFC01       PFC02       PFC03       PFC04       PFC05       PFC06
   PFC07       PFC08       PFC09       PFC10       PFC11       PFC12
   PFC13       PFC14       PFC15       PFC17       PFC18       PFC19
   PFC20       PFC21       PFC22       PFC23

Continuous latent variables

  EFA factors
  *1:   F1          F2          F3


Estimator                                                    WLSMV
Rotation                                                    GEOMIN
Row standardization                                    CORRELATION
Type of rotation                                           OBLIQUE
Epsilon value                                            0.500D+00
Maximum number of iterations                                  1000
Convergence criterion                                    0.500D-04
Maximum number of steepest descent iterations                   20
Maximum number of iterations for H1                           2000
Convergence criterion for H1                             0.100D-03
Optimization Specifications for the Exploratory Factor Analysis
Rotation Algorithm
  Number of random starts                                       30
  Maximum number of iterations                               10000
  Derivative convergence criterion                       0.100D-04
Parameterization                                             THETA
Link                                                        PROBIT

Input data file(s)
  C:\Users\forev\Documents\NicolasCamacho\pfc_fa\paper\updated_process\data\pfc_

Input data format  FREE


SUMMARY OF DATA

     Number of missing data patterns            10


COVARIANCE COVERAGE OF DATA

Minimum covariance coverage value   0.100


     PROPORTION OF DATA PRESENT


           Covariance Coverage
              PFC01         PFC02         PFC03         PFC04         PFC05
              ________      ________      ________      ________      ________
 PFC01          1.000
 PFC02          1.000         1.000
 PFC03          1.000         1.000         1.000
 PFC04          0.998         0.998         0.998         0.998
 PFC05          1.000         1.000         1.000         0.998         1.000
 PFC06          0.998         0.998         0.998         0.996         0.998
 PFC07          0.998         0.998         0.998         0.996         0.998
 PFC08          0.998         0.998         0.998         0.996         0.998
 PFC09          0.993         0.993         0.993         0.991         0.993
 PFC10          0.998         0.998         0.998         0.996         0.998
 PFC11          0.991         0.991         0.991         0.989         0.991
 PFC12          0.998         0.998         0.998         0.996         0.998
 PFC13          0.998         0.998         0.998         0.996         0.998
 PFC14          0.998         0.998         0.998         0.996         0.998
 PFC15          0.989         0.989         0.989         0.987         0.989
 PFC17          0.989         0.989         0.989         0.987         0.989
 PFC18          0.989         0.989         0.989         0.987         0.989
 PFC19          0.984         0.984         0.984         0.982         0.984
 PFC20          0.984         0.984         0.984         0.982         0.984
 PFC21          0.984         0.984         0.984         0.982         0.984
 PFC22          0.987         0.987         0.987         0.984         0.987
 PFC23          0.987         0.987         0.987         0.984         0.987


           Covariance Coverage
              PFC06         PFC07         PFC08         PFC09         PFC10
              ________      ________      ________      ________      ________
 PFC06          0.998
 PFC07          0.996         0.998
 PFC08          0.996         0.998         0.998
 PFC09          0.991         0.993         0.993         0.993
 PFC10          0.996         0.998         0.998         0.993         0.998
 PFC11          0.991         0.991         0.991         0.987         0.991
 PFC12          0.996         0.998         0.998         0.993         0.998
 PFC13          0.996         0.998         0.998         0.993         0.998
 PFC14          0.996         0.998         0.998         0.993         0.998
 PFC15          0.987         0.989         0.989         0.984         0.989
 PFC17          0.987         0.989         0.989         0.984         0.989
 PFC18          0.987         0.989         0.989         0.984         0.989
 PFC19          0.984         0.984         0.984         0.980         0.984
 PFC20          0.982         0.984         0.984         0.980         0.984
 PFC21          0.982         0.984         0.984         0.980         0.984
 PFC22          0.984         0.987         0.987         0.982         0.987
 PFC23          0.984         0.987         0.987         0.982         0.987


           Covariance Coverage
              PFC11         PFC12         PFC13         PFC14         PFC15
              ________      ________      ________      ________      ________
 PFC11          0.991
 PFC12          0.991         0.998
 PFC13          0.991         0.998         0.998
 PFC14          0.991         0.998         0.998         0.998
 PFC15          0.982         0.989         0.989         0.989         0.989
 PFC17          0.982         0.989         0.989         0.989         0.989
 PFC18          0.982         0.989         0.989         0.989         0.989
 PFC19          0.980         0.984         0.984         0.984         0.984
 PFC20          0.978         0.984         0.984         0.984         0.984
 PFC21          0.978         0.984         0.984         0.984         0.984
 PFC22          0.980         0.987         0.987         0.987         0.987
 PFC23          0.980         0.987         0.987         0.987         0.987


           Covariance Coverage
              PFC17         PFC18         PFC19         PFC20         PFC21
              ________      ________      ________      ________      ________
 PFC17          0.989
 PFC18          0.989         0.989
 PFC19          0.984         0.984         0.984
 PFC20          0.984         0.984         0.982         0.984
 PFC21          0.984         0.984         0.982         0.982         0.984
 PFC22          0.987         0.987         0.984         0.984         0.984
 PFC23          0.987         0.987         0.984         0.984         0.984


           Covariance Coverage
              PFC22         PFC23
              ________      ________
 PFC22          0.987
 PFC23          0.987         0.987


UNIVARIATE PROPORTIONS AND COUNTS FOR CATEGORICAL VARIABLES

    PFC01
      Category 1    0.738          332.000
      Category 2    0.213           96.000
      Category 3    0.042           19.000
      Category 4    0.007            3.000
    PFC02
      Category 1    0.293          132.000
      Category 2    0.531          239.000
      Category 3    0.142           64.000
      Category 4    0.024           11.000
      Category 5    0.009            4.000
    PFC03
      Category 1    0.740          333.000
      Category 2    0.242          109.000
      Category 3    0.018            8.000
    PFC04
      Category 1    0.218           98.000
      Category 2    0.445          200.000
      Category 3    0.254          114.000
      Category 4    0.065           29.000
      Category 5    0.018            8.000
    PFC05
      Category 1    0.602          271.000
      Category 2    0.311          140.000
      Category 3    0.058           26.000
      Category 4    0.016            7.000
      Category 5    0.013            6.000
    PFC06
      Category 1    0.463          208.000
      Category 2    0.363          163.000
      Category 3    0.096           43.000
      Category 4    0.047           21.000
      Category 5    0.031           14.000
    PFC07
      Category 1    0.109           49.000
      Category 2    0.363          163.000
      Category 3    0.376          169.000
      Category 4    0.114           51.000
      Category 5    0.038           17.000
    PFC08
      Category 1    0.323          145.000
      Category 2    0.450          202.000
      Category 3    0.167           75.000
      Category 4    0.045           20.000
      Category 5    0.016            7.000
    PFC09
      Category 1    0.848          379.000
      Category 2    0.136           61.000
      Category 3    0.013            6.000
      Category 4    0.002            1.000
    PFC10
      Category 1    0.225          101.000
      Category 2    0.486          218.000
      Category 3    0.227          102.000
      Category 4    0.038           17.000
      Category 5    0.024           11.000
    PFC11
      Category 1    0.460          205.000
      Category 2    0.363          162.000
      Category 3    0.132           59.000
      Category 4    0.036           16.000
      Category 5    0.009            4.000
    PFC12
      Category 1    0.590          265.000
      Category 2    0.318          143.000
      Category 3    0.067           30.000
      Category 4    0.018            8.000
      Category 5    0.007            3.000
    PFC13
      Category 1    0.550          247.000
      Category 2    0.312          140.000
      Category 3    0.109           49.000
      Category 4    0.020            9.000
      Category 5    0.009            4.000
    PFC14
      Category 1    0.722          324.000
      Category 2    0.185           83.000
      Category 3    0.053           24.000
      Category 4    0.024           11.000
      Category 5    0.016            7.000
    PFC15
      Category 1    0.609          271.000
      Category 2    0.263          117.000
      Category 3    0.054           24.000
      Category 4    0.020            9.000
      Category 5    0.054           24.000
    PFC17
      Category 1    0.604          269.000
      Category 2    0.333          148.000
      Category 3    0.058           26.000
      Category 4    0.004            2.000
    PFC18
      Category 1    0.802          357.000
      Category 2    0.146           65.000
      Category 3    0.031           14.000
      Category 4    0.020            9.000
    PFC19
      Category 1    0.700          310.000
      Category 2    0.183           81.000
      Category 3    0.088           39.000
      Category 4    0.023           10.000
      Category 5    0.007            3.000
    PFC20
      Category 1    0.695          308.000
      Category 2    0.185           82.000
      Category 3    0.086           38.000
      Category 4    0.029           13.000
      Category 5    0.005            2.000
    PFC21
      Category 1    0.797          353.000
      Category 2    0.126           56.000
      Category 3    0.050           22.000
      Category 4    0.020            9.000
      Category 5    0.007            3.000
    PFC22
      Category 1    0.572          254.000
      Category 2    0.320          142.000
      Category 3    0.088           39.000
      Category 4    0.016            7.000
      Category 5    0.005            2.000
    PFC23
      Category 1    0.628          279.000
      Category 2    0.191           85.000
      Category 3    0.117           52.000
      Category 4    0.047           21.000
      Category 5    0.016            7.000


SAMPLE STATISTICS


     ESTIMATED SAMPLE STATISTICS


           MEANS/INTERCEPTS/THRESHOLDS
              PFC01$1       PFC01$2       PFC01$3       PFC02$1       PFC02$2
              ________      ________      ________      ________      ________
                0.637         1.656         2.475        -0.544         0.932


           MEANS/INTERCEPTS/THRESHOLDS
              PFC02$3       PFC02$4       PFC03$1       PFC03$2       PFC04$1
              ________      ________      ________      ________      ________
                1.834         2.370         0.643         2.102        -0.778


           MEANS/INTERCEPTS/THRESHOLDS
              PFC04$2       PFC04$3       PFC04$4       PFC05$1       PFC05$2
              ________      ________      ________      ________      ________
                0.423         1.389         2.101         0.259         1.362


           MEANS/INTERCEPTS/THRESHOLDS
              PFC05$3       PFC05$4       PFC06$1       PFC06$2       PFC06$3
              ________      ________      ________      ________      ________
                1.897         2.216        -0.092         0.940         1.419


           MEANS/INTERCEPTS/THRESHOLDS
              PFC06$4       PFC07$1       PFC07$2       PFC07$3       PFC07$4
              ________      ________      ________      ________      ________
                1.864        -1.231        -0.070         1.030         1.776


           MEANS/INTERCEPTS/THRESHOLDS
              PFC08$1       PFC08$2       PFC08$3       PFC08$4       PFC09$1
              ________      ________      ________      ________      ________
               -0.459         0.748         1.554         2.155         1.027


           MEANS/INTERCEPTS/THRESHOLDS
              PFC09$2       PFC09$3       PFC10$1       PFC10$2       PFC10$3
              ________      ________      ________      ________      ________
                2.153         2.843        -0.756         0.555         1.535


           MEANS/INTERCEPTS/THRESHOLDS
              PFC10$4       PFC11$1       PFC11$2       PFC11$3       PFC11$4
              ________      ________      ________      ________      ________
                1.969        -0.101         0.926         1.697         2.367


           MEANS/INTERCEPTS/THRESHOLDS
              PFC12$1       PFC12$2       PFC12$3       PFC12$4       PFC13$1
              ________      ________      ________      ________      ________
                0.228         1.333         1.969         2.474         0.126


           MEANS/INTERCEPTS/THRESHOLDS
              PFC13$2       PFC13$3       PFC13$4       PFC14$1       PFC14$2
              ________      ________      ________      ________      ________
                1.089         1.896         2.369         0.588         1.319


           MEANS/INTERCEPTS/THRESHOLDS
              PFC14$3       PFC14$4       PFC15$1       PFC15$2       PFC15$3
              ________      ________      ________      ________      ________
                1.750         2.155         0.277         1.135         1.446


           MEANS/INTERCEPTS/THRESHOLDS
              PFC15$4       PFC17$1       PFC17$2       PFC17$3       PFC18$1
              ________      ________      ________      ________      ________
                1.608         0.265         1.531         2.612         0.850


           MEANS/INTERCEPTS/THRESHOLDS
              PFC18$2       PFC18$3       PFC19$1       PFC19$2       PFC19$3
              ________      ________      ________      ________      ________
                1.629         2.049         0.524         1.188         1.891


           MEANS/INTERCEPTS/THRESHOLDS
              PFC19$4       PFC20$1       PFC20$2       PFC20$3       PFC20$4
              ________      ________      ________      ________      ________
                2.469         0.511         1.177         1.827         2.611


           MEANS/INTERCEPTS/THRESHOLDS
              PFC21$1       PFC21$2       PFC21$3       PFC21$4       PFC22$1
              ________      ________      ________      ________      ________
                0.830         1.427         1.925         2.469         0.182


           MEANS/INTERCEPTS/THRESHOLDS
              PFC22$2       PFC22$3       PFC22$4       PFC23$1       PFC23$2
              ________      ________      ________      ________      ________
                1.237         2.048         2.612         0.328         0.915


           MEANS/INTERCEPTS/THRESHOLDS
              PFC23$3       PFC23$4
              ________      ________
                1.530         2.150


           CORRELATION MATRIX (WITH VARIANCES ON THE DIAGONAL)
              PFC01         PFC02         PFC03         PFC04         PFC05
              ________      ________      ________      ________      ________
 PFC01
 PFC02          0.232
 PFC03          0.569         0.353
 PFC04          0.232         0.354         0.299
 PFC05          0.452         0.475         0.387         0.419
 PFC06          0.252         0.359         0.264         0.373         0.344
 PFC07          0.159         0.491         0.329         0.452         0.376
 PFC08          0.244         0.336         0.239         0.728         0.401
 PFC09          0.562         0.240         0.792         0.327         0.364
 PFC10          0.504         0.286         0.221         0.111         0.341
 PFC11          0.283         0.337         0.258         0.418         0.283
 PFC12          0.225         0.491         0.261         0.333         0.338
 PFC13          0.198         0.381         0.214         0.259         0.340
 PFC14          0.210         0.362         0.340         0.566         0.344
 PFC15          0.355         0.296         0.290         0.322         0.401
 PFC17          0.323         0.420         0.480         0.320         0.437
 PFC18          0.275         0.507         0.339         0.387         0.327
 PFC19          0.337         0.496         0.386         0.377         0.455
 PFC20          0.259         0.410         0.406         0.331         0.399
 PFC21          0.197         0.356         0.252         0.431         0.367
 PFC22          0.530         0.394         0.396         0.487         0.450
 PFC23          0.425         0.472         0.404         0.455         0.476


           CORRELATION MATRIX (WITH VARIANCES ON THE DIAGONAL)
              PFC06         PFC07         PFC08         PFC09         PFC10
              ________      ________      ________      ________      ________
 PFC07          0.315
 PFC08          0.358         0.442
 PFC09          0.170         0.289         0.298
 PFC10          0.098         0.150         0.178         0.167
 PFC11          0.256         0.392         0.408         0.307         0.272
 PFC12          0.404         0.336         0.316         0.315         0.257
 PFC13          0.257         0.335         0.289         0.237         0.284
 PFC14          0.313         0.287         0.488         0.429         0.224
 PFC15          0.260         0.247         0.314         0.386         0.307
 PFC17          0.227         0.373         0.313         0.410         0.281
 PFC18          0.332         0.363         0.369         0.463         0.280
 PFC19          0.365         0.447         0.405         0.335         0.353
 PFC20          0.309         0.424         0.305         0.324         0.223
 PFC21          0.216         0.389         0.368         0.335         0.202
 PFC22          0.301         0.387         0.469         0.346         0.367
 PFC23          0.338         0.569         0.439         0.413         0.286


           CORRELATION MATRIX (WITH VARIANCES ON THE DIAGONAL)
              PFC11         PFC12         PFC13         PFC14         PFC15
              ________      ________      ________      ________      ________
 PFC12          0.419
 PFC13          0.402         0.647
 PFC14          0.504         0.472         0.431
 PFC15          0.335         0.401         0.442         0.466
 PFC17          0.257         0.466         0.438         0.379         0.415
 PFC18          0.371         0.837         0.617         0.420         0.420
 PFC19          0.438         0.586         0.567         0.457         0.514
 PFC20          0.367         0.488         0.440         0.308         0.419
 PFC21          0.448         0.391         0.354         0.493         0.360
 PFC22          0.463         0.424         0.369         0.623         0.504
 PFC23          0.455         0.437         0.405         0.445         0.381


           CORRELATION MATRIX (WITH VARIANCES ON THE DIAGONAL)
              PFC17         PFC18         PFC19         PFC20         PFC21
              ________      ________      ________      ________      ________
 PFC18          0.537
 PFC19          0.522         0.654
 PFC20          0.446         0.577         0.553
 PFC21          0.410         0.463         0.429         0.500
 PFC22          0.428         0.424         0.567         0.433         0.494
 PFC23          0.426         0.491         0.541         0.521         0.523


           CORRELATION MATRIX (WITH VARIANCES ON THE DIAGONAL)
              PFC22         PFC23
              ________      ________
 PFC23          0.670


THE MODEL ESTIMATION TERMINATED NORMALLY



MODEL FIT INFORMATION

Number of Free Parameters                      145

Chi-Square Test of Model Fit

          Value                            427.517*
          Degrees of Freedom                   168
          P-Value                           0.0000

*   The chi-square value for MLM, MLMV, MLR, ULSMV, WLSM and WLSMV cannot be used
    for chi-square difference testing in the regular way.  MLM, MLR and WLSM
    chi-square difference testing is described on the Mplus website.  MLMV, WLSMV,
    and ULSMV difference testing is done using the DIFFTEST option.

RMSEA (Root Mean Square Error Of Approximation)

          Estimate                           0.059
          90 Percent C.I.                    0.052  0.066
          Probability RMSEA <= .05           0.020

CFI/TLI

          CFI                                0.961
          TLI                                0.946

Chi-Square Test of Model Fit for the Baseline Model

          Value                           6848.453
          Degrees of Freedom                   231
          P-Value                           0.0000

SRMR (Standardized Root Mean Square Residual)

          Value                              0.045

Optimum Function Value for Weighted Least-Squares Estimator

          Value                     0.28062390D+00



MODEL RESULTS

                                                    Two-Tailed
                    Estimate       S.E.  Est./S.E.    P-Value

 F1       BY
    PFC01              1.140      0.149      7.661      0.000
    PFC02              0.186      0.069      2.708      0.007
    PFC03              1.760      0.277      6.358      0.000
    PFC04             -0.024      0.071     -0.334      0.739
    PFC05              0.459      0.078      5.879      0.000
    PFC06              0.061      0.068      0.897      0.370
    PFC07              0.111      0.060      1.863      0.062
    PFC08             -0.011      0.063     -0.178      0.859
    PFC09              1.476      0.261      5.662      0.000
    PFC10              0.443      0.074      5.973      0.000
    PFC11              0.141      0.068      2.089      0.037
    PFC12             -0.129      0.093     -1.385      0.166
    PFC13              0.046      0.070      0.654      0.513
    PFC14              0.218      0.083      2.632      0.008
    PFC15              0.364      0.070      5.171      0.000
    PFC17              0.445      0.084      5.313      0.000
    PFC18              0.143      0.122      1.169      0.242
    PFC19              0.354      0.089      3.971      0.000
    PFC20              0.279      0.086      3.244      0.001
    PFC21              0.167      0.084      1.978      0.048
    PFC22              0.572      0.090      6.383      0.000
    PFC23              0.462      0.088      5.222      0.000

 F2       BY
    PFC01              0.000      0.087      0.002      0.999
    PFC02              0.321      0.069      4.667      0.000
    PFC03              0.001      0.088      0.016      0.988
    PFC04              1.824      0.254      7.189      0.000
    PFC05              0.380      0.081      4.688      0.000
    PFC06              0.364      0.072      5.018      0.000
    PFC07              0.572      0.072      7.932      0.000
    PFC08              1.399      0.169      8.289      0.000
    PFC09              0.046      0.094      0.488      0.626
    PFC10             -0.034      0.068     -0.502      0.615
    PFC11              0.487      0.078      6.211      0.000
    PFC12              0.077      0.084      0.916      0.360
    PFC13              0.089      0.068      1.319      0.187
    PFC14              0.701      0.100      7.029      0.000
    PFC15              0.208      0.067      3.084      0.002
    PFC17              0.128      0.071      1.794      0.073
    PFC18              0.012      0.115      0.106      0.915
    PFC19              0.325      0.095      3.427      0.001
    PFC20              0.225      0.078      2.873      0.004
    PFC21              0.479      0.071      6.747      0.000
    PFC22              0.660      0.090      7.366      0.000
    PFC23              0.666      0.100      6.650      0.000

 F3       BY
    PFC01             -0.034      0.084     -0.401      0.689
    PFC02              0.504      0.064      7.856      0.000
    PFC03             -0.119      0.093     -1.283      0.199
    PFC04             -0.186      0.081     -2.292      0.022
    PFC05              0.229      0.077      2.971      0.003
    PFC06              0.252      0.064      3.916      0.000
    PFC07              0.278      0.068      4.060      0.000
    PFC08             -0.084      0.068     -1.233      0.218
    PFC09             -0.058      0.098     -0.585      0.558
    PFC10              0.230      0.068      3.388      0.001
    PFC11              0.309      0.069      4.462      0.000
    PFC12              2.004      0.250      8.005      0.000
    PFC13              0.977      0.092     10.573      0.000
    PFC14              0.287      0.077      3.724      0.000
    PFC15              0.409      0.073      5.615      0.000
    PFC17              0.526      0.076      6.957      0.000
    PFC18              2.143      0.399      5.371      0.000
    PFC19              0.875      0.102      8.583      0.000
    PFC20              0.620      0.090      6.887      0.000
    PFC21              0.383      0.092      4.185      0.000
    PFC22              0.277      0.078      3.569      0.000
    PFC23              0.379      0.086      4.384      0.000

 F2       WITH
    F1                 0.383      0.031     12.434      0.000

 F3       WITH
    F1                 0.374      0.034     11.027      0.000
    F2                 0.440      0.029     14.927      0.000

 Thresholds
    PFC01$1            0.959      0.116      8.266      0.000
    PFC01$2            2.496      0.208     12.025      0.000
    PFC01$3            3.730      0.372     10.039      0.000
    PFC02$1           -0.698      0.079     -8.845      0.000
    PFC02$2            1.198      0.091     13.128      0.000
    PFC02$3            2.356      0.142     16.575      0.000
    PFC02$4            3.045      0.220     13.813      0.000
    PFC03$1            1.280      0.192      6.673      0.000
    PFC03$2            4.182      0.487      8.595      0.000
    PFC04$1           -1.563      0.187     -8.367      0.000
    PFC04$2            0.849      0.145      5.852      0.000
    PFC04$3            2.790      0.303      9.202      0.000
    PFC04$4            4.219      0.448      9.417      0.000
    PFC05$1            0.338      0.080      4.218      0.000
    PFC05$2            1.774      0.115     15.417      0.000
    PFC05$3            2.472      0.148     16.686      0.000
    PFC05$4            2.887      0.187     15.481      0.000
    PFC06$1           -0.106      0.068     -1.561      0.119
    PFC06$2            1.075      0.082     13.154      0.000
    PFC06$3            1.623      0.101     16.067      0.000
    PFC06$4            2.132      0.134     15.932      0.000
    PFC07$1           -1.571      0.100    -15.753      0.000
    PFC07$2           -0.089      0.075     -1.181      0.238
    PFC07$3            1.315      0.093     14.138      0.000
    PFC07$4            2.266      0.139     16.284      0.000
    PFC08$1           -0.776      0.110     -7.025      0.000
    PFC08$2            1.263      0.136      9.295      0.000
    PFC08$3            2.623      0.216     12.149      0.000
    PFC08$4            3.639      0.334     10.897      0.000
    PFC09$1            1.829      0.253      7.234      0.000
    PFC09$2            3.833      0.472      8.124      0.000
    PFC09$3            5.063      0.723      7.007      0.000
    PFC10$1           -0.864      0.075    -11.546      0.000
    PFC10$2            0.635      0.073      8.688      0.000
    PFC10$3            1.756      0.109     16.038      0.000
    PFC10$4            2.252      0.148     15.218      0.000
    PFC11$1           -0.127      0.074     -1.713      0.087
    PFC11$2            1.161      0.091     12.766      0.000
    PFC11$3            2.126      0.132     16.144      0.000
    PFC11$4            2.965      0.227     13.075      0.000
    PFC12$1            0.508      0.150      3.393      0.001
    PFC12$2            2.972      0.303      9.824      0.000
    PFC12$3            4.389      0.454      9.678      0.000
    PFC12$4            5.516      0.572      9.646      0.000
    PFC13$1            0.182      0.087      2.088      0.037
    PFC13$2            1.570      0.115     13.630      0.000
    PFC13$3            2.734      0.173     15.847      0.000
    PFC13$4            3.416      0.242     14.126      0.000
    PFC14$1            0.823      0.099      8.323      0.000
    PFC14$2            1.848      0.133     13.921      0.000
    PFC14$3            2.451      0.170     14.433      0.000
    PFC14$4            3.018      0.227     13.302      0.000
    PFC15$1            0.348      0.078      4.475      0.000
    PFC15$2            1.430      0.099     14.457      0.000
    PFC15$3            1.821      0.111     16.463      0.000
    PFC15$4            2.025      0.117     17.327      0.000
    PFC17$1            0.352      0.083      4.240      0.000
    PFC17$2            2.036      0.130     15.625      0.000
    PFC17$3            3.475      0.323     10.747      0.000
    PFC18$1            2.058      0.368      5.585      0.000
    PFC18$2            3.944      0.609      6.478      0.000
    PFC18$3            4.962      0.717      6.918      0.000
    PFC19$1            0.839      0.115      7.297      0.000
    PFC19$2            1.903      0.141     13.454      0.000
    PFC19$3            3.028      0.201     15.067      0.000
    PFC19$4            3.955      0.331     11.960      0.000
    PFC20$1            0.688      0.091      7.533      0.000
    PFC20$2            1.585      0.114     13.889      0.000
    PFC20$3            2.460      0.158     15.572      0.000
    PFC20$4            3.515      0.322     10.924      0.000
    PFC21$1            1.075      0.100     10.741      0.000
    PFC21$2            1.847      0.127     14.498      0.000
    PFC21$3            2.492      0.166     15.019      0.000
    PFC21$4            3.196      0.255     12.540      0.000
    PFC22$1            0.282      0.096      2.938      0.003
    PFC22$2            1.919      0.138     13.915      0.000
    PFC22$3            3.178      0.221     14.385      0.000
    PFC22$4            4.051      0.378     10.729      0.000
    PFC23$1            0.506      0.099      5.108      0.000
    PFC23$2            1.413      0.117     12.064      0.000
    PFC23$3            2.364      0.159     14.902      0.000
    PFC23$4            3.323      0.239     13.905      0.000

 Variances
    F1                 1.000      0.000    999.000    999.000
    F2                 1.000      0.000    999.000    999.000
    F3                 1.000      0.000    999.000    999.000


QUALITY OF NUMERICAL RESULTS

     Condition Number for the Information Matrix              0.733E-03
       (ratio of smallest to largest eigenvalue)


STANDARDIZED MODEL RESULTS


STDYX Standardization

                                                    Two-Tailed
                    Estimate       S.E.  Est./S.E.    P-Value

 F1       BY
    PFC01              0.756      0.048     15.789      0.000
    PFC02              0.145      0.052      2.764      0.006
    PFC03              0.885      0.042     21.171      0.000
    PFC04             -0.012      0.035     -0.337      0.736
    PFC05              0.352      0.053      6.611      0.000
    PFC06              0.054      0.060      0.899      0.369
    PFC07              0.087      0.047      1.865      0.062
    PFC08             -0.007      0.037     -0.178      0.858
    PFC09              0.829      0.056     14.884      0.000
    PFC10              0.387      0.057      6.765      0.000
    PFC11              0.113      0.053      2.110      0.035
    PFC12             -0.058      0.040     -1.453      0.146
    PFC13              0.032      0.048      0.656      0.512
    PFC14              0.155      0.057      2.713      0.007
    PFC15              0.289      0.052      5.606      0.000
    PFC17              0.334      0.057      5.911      0.000
    PFC18              0.059      0.049      1.212      0.226
    PFC19              0.221      0.051      4.354      0.000
    PFC20              0.207      0.060      3.453      0.001
    PFC21              0.129      0.064      2.015      0.044
    PFC22              0.368      0.050      7.375      0.000
    PFC23              0.299      0.052      5.760      0.000

 F2       BY
    PFC01              0.000      0.058      0.002      0.999
    PFC02              0.250      0.050      4.954      0.000
    PFC03              0.001      0.044      0.016      0.988
    PFC04              0.908      0.038     23.678      0.000
    PFC05              0.292      0.059      4.955      0.000
    PFC06              0.318      0.058      5.445      0.000
    PFC07              0.448      0.048      9.302      0.000
    PFC08              0.829      0.042     19.681      0.000
    PFC09              0.026      0.053      0.484      0.628
    PFC10             -0.030      0.059     -0.503      0.615
    PFC11              0.388      0.055      7.086      0.000
    PFC12              0.035      0.038      0.910      0.363
    PFC13              0.062      0.047      1.327      0.184
    PFC14              0.500      0.055      9.146      0.000
    PFC15              0.165      0.053      3.121      0.002
    PFC17              0.096      0.053      1.808      0.071
    PFC18              0.005      0.047      0.106      0.916
    PFC19              0.203      0.058      3.496      0.000
    PFC20              0.167      0.057      2.911      0.004
    PFC21              0.370      0.048      7.652      0.000
    PFC22              0.425      0.051      8.367      0.000
    PFC23              0.431      0.057      7.567      0.000

 F3       BY
    PFC01             -0.022      0.056     -0.400      0.689
    PFC02              0.392      0.044      8.834      0.000
    PFC03             -0.060      0.045     -1.332      0.183
    PFC04             -0.093      0.037     -2.523      0.012
    PFC05              0.176      0.058      3.042      0.002
    PFC06              0.220      0.054      4.074      0.000
    PFC07              0.218      0.052      4.195      0.000
    PFC08             -0.050      0.039     -1.272      0.203
    PFC09             -0.032      0.054     -0.594      0.552
    PFC10              0.201      0.058      3.467      0.001
    PFC11              0.247      0.053      4.640      0.000
    PFC12              0.899      0.032     28.033      0.000
    PFC13              0.678      0.039     17.527      0.000
    PFC14              0.205      0.052      3.915      0.000
    PFC15              0.324      0.053      6.177      0.000
    PFC17              0.396      0.050      7.967      0.000
    PFC18              0.885      0.039     22.849      0.000
    PFC19              0.546      0.045     12.132      0.000
    PFC20              0.461      0.055      8.399      0.000
    PFC21              0.296      0.064      4.636      0.000
    PFC22              0.178      0.047      3.760      0.000
    PFC23              0.245      0.053      4.616      0.000

 F2       WITH
    F1                 0.383      0.031     12.434      0.000

 F3       WITH
    F1                 0.374      0.034     11.027      0.000
    F2                 0.440      0.029     14.927      0.000

 Thresholds
    PFC01$1            0.637      0.064     10.001      0.000
    PFC01$2            1.656      0.100     16.500      0.000
    PFC01$3            2.475      0.206     12.041      0.000
    PFC02$1           -0.544      0.062     -8.717      0.000
    PFC02$2            0.932      0.069     13.429      0.000
    PFC02$3            1.834      0.114     16.089      0.000
    PFC02$4            2.370      0.184     12.881      0.000
    PFC03$1            0.643      0.064     10.092      0.000
    PFC03$2            2.102      0.142     14.781      0.000
    PFC04$1           -0.778      0.066    -11.766      0.000
    PFC04$2            0.423      0.061      6.916      0.000
    PFC04$3            1.389      0.085     16.273      0.000
    PFC04$4            2.101      0.142     14.768      0.000
    PFC05$1            0.259      0.060      4.333      0.000
    PFC05$2            1.362      0.084     16.209      0.000
    PFC05$3            1.897      0.120     15.846      0.000
    PFC05$4            2.216      0.158     14.026      0.000
    PFC06$1           -0.092      0.059     -1.557      0.119
    PFC06$2            0.940      0.070     13.483      0.000
    PFC06$3            1.419      0.087     16.349      0.000
    PFC06$4            1.864      0.117     15.962      0.000
    PFC07$1           -1.231      0.079    -15.642      0.000
    PFC07$2           -0.070      0.059     -1.180      0.238
    PFC07$3            1.030      0.072     14.290      0.000
    PFC07$4            1.776      0.109     16.248      0.000
    PFC08$1           -0.459      0.061     -7.475      0.000
    PFC08$2            0.748      0.066     11.410      0.000
    PFC08$3            1.554      0.094     16.523      0.000
    PFC08$4            2.155      0.149     14.430      0.000
    PFC09$1            1.027      0.072     14.234      0.000
    PFC09$2            2.153      0.149     14.407      0.000
    PFC09$3            2.844      0.318      8.932      0.000
    PFC10$1           -0.756      0.066    -11.498      0.000
    PFC10$2            0.555      0.063      8.865      0.000
    PFC10$3            1.535      0.093     16.517      0.000
    PFC10$4            1.969      0.127     15.506      0.000
    PFC11$1           -0.101      0.059     -1.705      0.088
    PFC11$2            0.926      0.070     13.311      0.000
    PFC11$3            1.697      0.104     16.369      0.000
    PFC11$4            2.367      0.184     12.849      0.000
    PFC12$1            0.228      0.060      3.819      0.000
    PFC12$2            1.333      0.083     16.094      0.000
    PFC12$3            1.968      0.127     15.501      0.000
    PFC12$4            2.474      0.206     12.033      0.000
    PFC13$1            0.126      0.059      2.123      0.034
    PFC13$2            1.089      0.074     14.748      0.000
    PFC13$3            1.897      0.120     15.834      0.000
    PFC13$4            2.370      0.184     12.875      0.000
    PFC14$1            0.588      0.063      9.325      0.000
    PFC14$2            1.319      0.082     16.042      0.000
    PFC14$3            1.750      0.107     16.316      0.000
    PFC14$4            2.155      0.149     14.429      0.000
    PFC15$1            0.277      0.060      4.592      0.000
    PFC15$2            1.135      0.076     15.006      0.000
    PFC15$3            1.445      0.089     16.332      0.000
    PFC15$4            1.608      0.098     16.446      0.000
    PFC17$1            0.265      0.060      4.403      0.000
    PFC17$2            1.531      0.093     16.440      0.000
    PFC17$3            2.612      0.241     10.832      0.000
    PFC18$1            0.850      0.068     12.513      0.000
    PFC18$2            1.629      0.099     16.432      0.000
    PFC18$3            2.049      0.137     15.009      0.000
    PFC19$1            0.524      0.063      8.366      0.000
    PFC19$2            1.188      0.078     15.302      0.000
    PFC19$3            1.890      0.120     15.750      0.000
    PFC19$4            2.469      0.206     11.994      0.000
    PFC20$1            0.511      0.062      8.177      0.000
    PFC20$2            1.177      0.077     15.235      0.000
    PFC20$3            1.827      0.114     15.986      0.000
    PFC20$4            2.611      0.241     10.821      0.000
    PFC21$1            0.830      0.068     12.277      0.000
    PFC21$2            1.427      0.088     16.258      0.000
    PFC21$3            1.925      0.123     15.603      0.000
    PFC21$4            2.469      0.206     11.991      0.000
    PFC22$1            0.182      0.060      3.036      0.002
    PFC22$2            1.237      0.079     15.584      0.000
    PFC22$3            2.048      0.137     14.998      0.000
    PFC22$4            2.611      0.241     10.823      0.000
    PFC23$1            0.328      0.061      5.401      0.000
    PFC23$2            0.915      0.069     13.167      0.000
    PFC23$3            1.529      0.093     16.420      0.000
    PFC23$4            2.150      0.150     14.376      0.000

 Variances
    F1                 1.000      0.000    999.000    999.000
    F2                 1.000      0.000    999.000    999.000
    F3                 1.000      0.000    999.000    999.000


STDY Standardization

                                                    Two-Tailed
                    Estimate       S.E.  Est./S.E.    P-Value

 F1       BY
    PFC01              0.756      0.048     15.789      0.000
    PFC02              0.145      0.052      2.764      0.006
    PFC03              0.885      0.042     21.171      0.000
    PFC04             -0.012      0.035     -0.337      0.736
    PFC05              0.352      0.053      6.611      0.000
    PFC06              0.054      0.060      0.899      0.369
    PFC07              0.087      0.047      1.865      0.062
    PFC08             -0.007      0.037     -0.178      0.858
    PFC09              0.829      0.056     14.884      0.000
    PFC10              0.387      0.057      6.765      0.000
    PFC11              0.113      0.053      2.110      0.035
    PFC12             -0.058      0.040     -1.453      0.146
    PFC13              0.032      0.048      0.656      0.512
    PFC14              0.155      0.057      2.713      0.007
    PFC15              0.289      0.052      5.606      0.000
    PFC17              0.334      0.057      5.911      0.000
    PFC18              0.059      0.049      1.212      0.226
    PFC19              0.221      0.051      4.354      0.000
    PFC20              0.207      0.060      3.453      0.001
    PFC21              0.129      0.064      2.015      0.044
    PFC22              0.368      0.050      7.375      0.000
    PFC23              0.299      0.052      5.760      0.000

 F2       BY
    PFC01              0.000      0.058      0.002      0.999
    PFC02              0.250      0.050      4.954      0.000
    PFC03              0.001      0.044      0.016      0.988
    PFC04              0.908      0.038     23.678      0.000
    PFC05              0.292      0.059      4.955      0.000
    PFC06              0.318      0.058      5.445      0.000
    PFC07              0.448      0.048      9.302      0.000
    PFC08              0.829      0.042     19.681      0.000
    PFC09              0.026      0.053      0.484      0.628
    PFC10             -0.030      0.059     -0.503      0.615
    PFC11              0.388      0.055      7.086      0.000
    PFC12              0.035      0.038      0.910      0.363
    PFC13              0.062      0.047      1.327      0.184
    PFC14              0.500      0.055      9.146      0.000
    PFC15              0.165      0.053      3.121      0.002
    PFC17              0.096      0.053      1.808      0.071
    PFC18              0.005      0.047      0.106      0.916
    PFC19              0.203      0.058      3.496      0.000
    PFC20              0.167      0.057      2.911      0.004
    PFC21              0.370      0.048      7.652      0.000
    PFC22              0.425      0.051      8.367      0.000
    PFC23              0.431      0.057      7.567      0.000

 F3       BY
    PFC01             -0.022      0.056     -0.400      0.689
    PFC02              0.392      0.044      8.834      0.000
    PFC03             -0.060      0.045     -1.332      0.183
    PFC04             -0.093      0.037     -2.523      0.012
    PFC05              0.176      0.058      3.042      0.002
    PFC06              0.220      0.054      4.074      0.000
    PFC07              0.218      0.052      4.195      0.000
    PFC08             -0.050      0.039     -1.272      0.203
    PFC09             -0.032      0.054     -0.594      0.552
    PFC10              0.201      0.058      3.467      0.001
    PFC11              0.247      0.053      4.640      0.000
    PFC12              0.899      0.032     28.033      0.000
    PFC13              0.678      0.039     17.527      0.000
    PFC14              0.205      0.052      3.915      0.000
    PFC15              0.324      0.053      6.177      0.000
    PFC17              0.396      0.050      7.967      0.000
    PFC18              0.885      0.039     22.849      0.000
    PFC19              0.546      0.045     12.132      0.000
    PFC20              0.461      0.055      8.399      0.000
    PFC21              0.296      0.064      4.636      0.000
    PFC22              0.178      0.047      3.760      0.000
    PFC23              0.245      0.053      4.616      0.000

 F2       WITH
    F1                 0.383      0.031     12.434      0.000

 F3       WITH
    F1                 0.374      0.034     11.027      0.000
    F2                 0.440      0.029     14.927      0.000

 Thresholds
    PFC01$1            0.637      0.064     10.001      0.000
    PFC01$2            1.656      0.100     16.500      0.000
    PFC01$3            2.475      0.206     12.041      0.000
    PFC02$1           -0.544      0.062     -8.717      0.000
    PFC02$2            0.932      0.069     13.429      0.000
    PFC02$3            1.834      0.114     16.089      0.000
    PFC02$4            2.370      0.184     12.881      0.000
    PFC03$1            0.643      0.064     10.092      0.000
    PFC03$2            2.102      0.142     14.781      0.000
    PFC04$1           -0.778      0.066    -11.766      0.000
    PFC04$2            0.423      0.061      6.916      0.000
    PFC04$3            1.389      0.085     16.273      0.000
    PFC04$4            2.101      0.142     14.768      0.000
    PFC05$1            0.259      0.060      4.333      0.000
    PFC05$2            1.362      0.084     16.209      0.000
    PFC05$3            1.897      0.120     15.846      0.000
    PFC05$4            2.216      0.158     14.026      0.000
    PFC06$1           -0.092      0.059     -1.557      0.119
    PFC06$2            0.940      0.070     13.483      0.000
    PFC06$3            1.419      0.087     16.349      0.000
    PFC06$4            1.864      0.117     15.962      0.000
    PFC07$1           -1.231      0.079    -15.642      0.000
    PFC07$2           -0.070      0.059     -1.180      0.238
    PFC07$3            1.030      0.072     14.290      0.000
    PFC07$4            1.776      0.109     16.248      0.000
    PFC08$1           -0.459      0.061     -7.475      0.000
    PFC08$2            0.748      0.066     11.410      0.000
    PFC08$3            1.554      0.094     16.523      0.000
    PFC08$4            2.155      0.149     14.430      0.000
    PFC09$1            1.027      0.072     14.234      0.000
    PFC09$2            2.153      0.149     14.407      0.000
    PFC09$3            2.844      0.318      8.932      0.000
    PFC10$1           -0.756      0.066    -11.498      0.000
    PFC10$2            0.555      0.063      8.865      0.000
    PFC10$3            1.535      0.093     16.517      0.000
    PFC10$4            1.969      0.127     15.506      0.000
    PFC11$1           -0.101      0.059     -1.705      0.088
    PFC11$2            0.926      0.070     13.311      0.000
    PFC11$3            1.697      0.104     16.369      0.000
    PFC11$4            2.367      0.184     12.849      0.000
    PFC12$1            0.228      0.060      3.819      0.000
    PFC12$2            1.333      0.083     16.094      0.000
    PFC12$3            1.968      0.127     15.501      0.000
    PFC12$4            2.474      0.206     12.033      0.000
    PFC13$1            0.126      0.059      2.123      0.034
    PFC13$2            1.089      0.074     14.748      0.000
    PFC13$3            1.897      0.120     15.834      0.000
    PFC13$4            2.370      0.184     12.875      0.000
    PFC14$1            0.588      0.063      9.325      0.000
    PFC14$2            1.319      0.082     16.042      0.000
    PFC14$3            1.750      0.107     16.316      0.000
    PFC14$4            2.155      0.149     14.429      0.000
    PFC15$1            0.277      0.060      4.592      0.000
    PFC15$2            1.135      0.076     15.006      0.000
    PFC15$3            1.445      0.089     16.332      0.000
    PFC15$4            1.608      0.098     16.446      0.000
    PFC17$1            0.265      0.060      4.403      0.000
    PFC17$2            1.531      0.093     16.440      0.000
    PFC17$3            2.612      0.241     10.832      0.000
    PFC18$1            0.850      0.068     12.513      0.000
    PFC18$2            1.629      0.099     16.432      0.000
    PFC18$3            2.049      0.137     15.009      0.000
    PFC19$1            0.524      0.063      8.366      0.000
    PFC19$2            1.188      0.078     15.302      0.000
    PFC19$3            1.890      0.120     15.750      0.000
    PFC19$4            2.469      0.206     11.994      0.000
    PFC20$1            0.511      0.062      8.177      0.000
    PFC20$2            1.177      0.077     15.235      0.000
    PFC20$3            1.827      0.114     15.986      0.000
    PFC20$4            2.611      0.241     10.821      0.000
    PFC21$1            0.830      0.068     12.277      0.000
    PFC21$2            1.427      0.088     16.258      0.000
    PFC21$3            1.925      0.123     15.603      0.000
    PFC21$4            2.469      0.206     11.991      0.000
    PFC22$1            0.182      0.060      3.036      0.002
    PFC22$2            1.237      0.079     15.584      0.000
    PFC22$3            2.048      0.137     14.998      0.000
    PFC22$4            2.611      0.241     10.823      0.000
    PFC23$1            0.328      0.061      5.401      0.000
    PFC23$2            0.915      0.069     13.167      0.000
    PFC23$3            1.529      0.093     16.420      0.000
    PFC23$4            2.150      0.150     14.376      0.000

 Variances
    F1                 1.000      0.000    999.000    999.000
    F2                 1.000      0.000    999.000    999.000
    F3                 1.000      0.000    999.000    999.000


R-SQUARE

    Observed                                        Two-Tailed     Scale
    Variable        Estimate       S.E.  Est./S.E.    P-Value     Factors

    PFC01              0.560      0.063      8.936      0.000      0.663
    PFC02              0.394      0.039     10.094      0.000      0.779
    PFC03              0.747      0.057     13.063      0.000      0.503
    PFC04              0.752      0.049     15.288      0.000      0.498
    PFC05              0.411      0.045      9.203      0.000      0.768
    PFC06              0.236      0.042      5.626      0.000      0.874
    PFC07              0.386      0.038     10.138      0.000      0.784
    PFC08              0.649      0.051     12.809      0.000      0.592
    PFC09              0.685      0.072      9.561      0.000      0.562
    PFC10              0.236      0.041      5.793      0.000      0.874
    PFC11              0.363      0.044      8.283      0.000      0.798
    PFC12              0.799      0.038     21.258      0.000      0.448
    PFC13              0.519      0.044     11.883      0.000      0.694
    PFC14              0.490      0.053      9.244      0.000      0.714
    PFC15              0.370      0.043      8.634      0.000      0.794
    PFC17              0.435      0.046      9.439      0.000      0.752
    PFC18              0.829      0.052     16.065      0.000      0.413
    PFC19              0.610      0.044     13.856      0.000      0.624
    PFC20              0.448      0.051      8.802      0.000      0.743
    PFC21              0.403      0.053      7.624      0.000      0.773
    PFC22              0.585      0.041     14.333      0.000      0.645
    PFC23              0.581      0.041     14.014      0.000      0.647


SAMPLE STATISTICS FOR ESTIMATED FACTOR SCORES


     SAMPLE STATISTICS


           Means
              F1            F1_SE         F2            F2_SE         F3
              ________      ________      ________      ________      ________
                0.065         0.521         0.017         0.400         0.039


           Means
              F3_SE
              ________
                0.441


           Covariances
              F1            F1_SE         F2            F2_SE         F3
              ________      ________      ________      ________      ________
 F1             0.634
 F1_SE         -0.090         0.015
 F2             0.360        -0.056         0.776
 F2_SE         -0.017         0.003        -0.030         0.002
 F3             0.356        -0.056         0.417        -0.019         0.734
 F3_SE         -0.053         0.009        -0.063         0.003        -0.097


           Covariances
              F3_SE
              ________
 F3_SE          0.015


           Correlations
              F1            F1_SE         F2            F2_SE         F3
              ________      ________      ________      ________      ________
 F1             1.000
 F1_SE         -0.923         1.000
 F2             0.513        -0.525         1.000
 F2_SE         -0.496         0.579        -0.805         1.000
 F3             0.522        -0.532         0.553        -0.538         1.000
 F3_SE         -0.542         0.604        -0.581         0.662        -0.911


           Correlations
              F3_SE
              ________
 F3_SE          1.000


PLOT INFORMATION

The following plots are available:

  Sample proportions and estimated probabilities
  Item characteristic curves
  Information curves

SAVEDATA INFORMATION


  Save file
    C:\Users\forev\Documents\NicolasCamacho\pfc_fa\paper\updated_process\data\fs

  Order and format of variables

    PFC01          F10.3
    PFC02          F10.3
    PFC03          F10.3
    PFC04          F10.3
    PFC05          F10.3
    PFC06          F10.3
    PFC07          F10.3
    PFC08          F10.3
    PFC09          F10.3
    PFC10          F10.3
    PFC11          F10.3
    PFC12          F10.3
    PFC13          F10.3
    PFC14          F10.3
    PFC15          F10.3
    PFC17          F10.3
    PFC18          F10.3
    PFC19          F10.3
    PFC20          F10.3
    PFC21          F10.3
    PFC22          F10.3
    PFC23          F10.3
    F1             F10.3
    F1_SE          F10.3
    F2             F10.3
    F2_SE          F10.3
    F3             F10.3
    F3_SE          F10.3

  Save file format
    28F10.3

  Save file record length    10000

  Save missing symbol        *


DIAGRAM INFORMATION

  Use View Diagram under the Diagram menu in the Mplus Editor to view the diagram.
  If running Mplus from the Mplus Diagrammer, the diagram opens automatically.

  Diagram output
    c:\users\forev\documents\nicolascamacho\pfc_fa\paper\updated_process\code\mplus\fscores_esem_wlsmv_v3.1_rm16.dgm

     Beginning Time:  13:13:44
        Ending Time:  13:13:45
       Elapsed Time:  00:00:01



MUTHEN & MUTHEN
3463 Stoner Ave.
Los Angeles, CA  90066

Tel: (310) 391-9971
Fax: (310) 391-8971
Web: www.StatModel.com
Support: Support@StatModel.com

Copyright (c) 1998-2021 Muthen & Muthen
